[INFO] ------------------------------------------------------------
[INFO] Model Compiler Version: 2.1.0
[INFO] Python Version: 3.12.3
[INFO] Output Directory: /workspace/demo-neat/model-compilation/work/yolox_s/compile_int8/yolox_s.compile_ready
[INFO] ------------------------------------------------------------
[INFO] Preparing ONNX model: /workspace/demo-neat/model-compilation/work/yolox_s/surgery/yolox_s.compile_ready.onnx
[INFO] Simplifying with fixed shapes: {'images': [1, 3, 640, 640]}
[INFO] Prepared model saved to: /workspace/demo-neat/model-compilation/work/yolox_s/surgery/yolox_s.compile_ready_prepared.onnx
[INFO] Model successfully loaded for modalix
[INFO] Initializing quantization...
[INFO] Loading real calibration data from: /workspace/demo-neat/model-compilation/assets/yolo_calibration
2026-07-09 20:54:10,943 - afe.apis.loaded_net - INFO - Quantize loaded net, layout = NCHW, arm_only = False
2026-07-09 20:54:10,943 - afe.apis.loaded_net - INFO - Calibration method = mse
2026-07-09 20:54:54,781 - afe.ir.transform.calibration_transforms - INFO - Running Calibration ...
2026-07-09 20:55:00,550 - afe.ir.transform.calibration_transforms - INFO - Calibration progress: completed 5 samples
2026-07-09 20:55:06,680 - afe.ir.transform.calibration_transforms - INFO - Calibration progress: completed 10 samples
2026-07-09 20:55:12,424 - afe.ir.transform.calibration_transforms - INFO - Calibration progress: completed 15 samples
2026-07-09 20:55:18,248 - afe.ir.transform.calibration_transforms - INFO - Calibration progress: completed 20 samples
Running Calibration ...
Running Calibration ...DONE
Running quantization ...
Running quantization ...DONE
[INFO] Quantized model saved.
[INFO] ------------------------------------------------------------
[INFO] Internal graph structure (for tessellate parameters):
[INFO]   Input node names: ['images']
[INFO]   Output node name: yolox_s.compile_ready/tuple_out
[INFO]   All nodes:
[INFO]     PLACEHOLDER: images
[INFO] ------------------------------------------------------------
[INFO] Compiling for modalix with batch size 1...
[INFO] ------------------------------------------------------------
[INFO] MLA TESSELATION MODE ENABLED: Using internal MLA node names
[INFO] DEBUG: Checking for MLA_0 node...
[INFO] DEBUG: Available nodes: ['images', 'quantize_0', 'MLA_0/tuple_get_item_0', 'MLA_0/tuple_get_item_1', 'MLA_0/tuple_get_item_2', 'MLA_0', 'dequantize_2', 'dequantize_3', 'dequantize_4', 'yolox_s.compile_ready/tuple_out']...
[INFO] DEBUG: MLA node found!
[INFO] DEBUG: MLA node has 1 inputs
[INFO] DEBUG: MLA input names: ['MLA_0/placeholder_0_0']
[INFO]   Input 0: 'MLA_0/placeholder_0_0' -> MLA Direct (HWC)
[INFO] DEBUG: MLA output node name: MLA_0/tuple_out
[INFO] DEBUG: Output node is tuple: True
[INFO] DEBUG: Output names: ['MLA_0/tuple_concat_135', 'MLA_0/tuple_concat_165', 'MLA_0/tuple_concat_195']
[INFO]   Output 0: 'MLA_0/tuple_concat_135_output' -> MLA Direct (HWC16)
[INFO]   Output 1: 'MLA_0/tuple_concat_165_output' -> MLA Direct (HWC16)
[INFO]   Output 2: 'MLA_0/tuple_concat_195_output' -> MLA Direct (HWC16)
[INFO] ------------------------------------------------------------
[INFO] DEBUG: Final tessellate_parameters keys: ['MLA_0/placeholder_0_0', 'MLA_0/tuple_concat_135_output', 'MLA_0/tuple_concat_165_output', 'MLA_0/tuple_concat_195_output']
[INFO] ------------------------------------------------------------
2026-07-09 20:55:21,555 - afe.apis.model - INFO - Compiling quantized net "yolox_s.compile_ready"
2026-07-09 20:55:21,589 - afe.core.compile_networks - INFO - The model is split into 1 segments for MLA and APU
2026-07-09 20:55:21,590 - afe.backends.mla.afe_to_n2a_compiler.n2a_compiler_operations - INFO - Stage 1 of 1: compiling for MLA
2026-07-09 20:55:21,607 - mlc.compiler.model_graph.l1_based - INFO - Get model compilation properties
2026-07-09 20:55:21,611 - mlc.compiler.model_graph.l1_based - INFO - Checking if layers fit into memory without splitting
2026-07-09 20:55:21,611 - mlc.compiler.model_graph.l1_based - INFO - Generating the list of feasible layouts
2026-07-09 20:55:21,611 - mlc.compiler.model_graph.l1_based - INFO - Setting layer parameters
2026-07-09 20:55:55,118 - mlc.compiler.model_graph.l1_based - INFO - Splitting large tensor placeholders by height
2026-07-09 20:56:29,034 - mlc.compiler.model_graph.l1_based - INFO - Setting tile layouts
2026-07-09 20:56:45,469 - mlc.compiler.model_graph.l1_based - INFO - Allocating memory for IFM/OFM tensors
2026-07-09 20:56:45,717 - mlc.compiler.model_graph.l1_based - INFO - Get model compilation properties done
2026-07-09 20:56:45,999 - afe.backends.mla.afe_to_n2a_compiler.n2a_backend_runner - INFO - Start evaluate process to generate check file
2026-07-09 20:56:46,000 - mlc.kernel.layout - INFO - L2 caching mode: L2CachingMode.NONE
2026-07-09 20:56:46,044 - mlc.compiler.model_graph.l1_based - INFO - Generating model code
2026-07-09 20:59:51,846 - mlc.compiler.model_graph.l1_based - INFO - Generating model code done
2026-07-09 20:59:52,614 - mlc.test_util.test_context - INFO - Scheduling instructions
2026-07-09 21:00:39,031 - mlc.test_util.test_context - INFO - Performing DRAM/L2 synchronization
2026-07-09 21:00:40,646 - mlc.test_util.test_context - INFO - Inserting and merging NOPs
2026-07-09 21:00:45,118 - mlc.test_util.test_context - INFO - Setting IQ sync bits
2026-07-09 21:00:45,393 - mlc.test_util.test_context - INFO - Run compression
2026-07-09 21:00:46,608 - mlc.test_util.test_context - INFO - Compression done in 1s. Compression ratio: 0.832
2026-07-09 21:00:46,608 - mlc.test_util.test_context - INFO - Re-allocate dram memory
2026-07-09 21:00:46,642 - mlc.test_util.test_context - INFO - Generating metrics
2026-07-09 21:00:47,579 - mlc.test_util.test_context - INFO - Writing report to MLC file
2026-07-09 21:00:47,579 - mlc.test_util.test_context - INFO - Writing instructions to MLC file
2026-07-09 21:01:11,207 - mlc.test_util.test_context - INFO - Code generation done
2026-07-09 21:01:11,213 - afe.backends.mla.afe_to_n2a_compiler.n2a_compiler_operations - INFO -   Evaluate model and writing chk file done in 9s.
2026-07-09 21:01:39,631 - afe.backends.mpk.interface - INFO - ==============================
2026-07-09 21:01:39,631 - afe.backends.mpk.interface - INFO - Compilation summary:
2026-07-09 21:01:39,631 - afe.backends.mpk.interface - INFO - ------------------------------
2026-07-09 21:01:39,631 - afe.backends.mpk.interface - INFO - Desired batch size: 1
2026-07-09 21:01:39,631 - afe.backends.mpk.interface - INFO - Achieved batch size: 1
2026-07-09 21:01:39,631 - afe.backends.mpk.interface - INFO - ------------------------------
2026-07-09 21:01:39,631 - afe.backends.mpk.interface - INFO - Plugin distribution per backend:
2026-07-09 21:01:39,631 - afe.backends.mpk.interface - INFO - 	MLA : 1
2026-07-09 21:01:39,631 - afe.backends.mpk.interface - INFO - 	EV74: 9
2026-07-09 21:01:39,631 - afe.backends.mpk.interface - INFO - 	A65 : 0
2026-07-09 21:01:39,631 - afe.backends.mpk.interface - INFO - ------------------------------
2026-07-09 21:01:39,631 - afe.backends.mpk.interface - INFO - Generated files: yolox_s.compile_ready_stage1_mla_stats.yaml, yolox_s.compile_ready_mpk.json, 0_process_mla.json, pipeline_sequence.json, 0_detessellate.json, yolox_s.compile_ready_stage1_mla.elf, quantize_compile.py
[INFO] Compilation complete.
