Downloading: "https://download.pytorch.org/models/densenet169-b2777c0a.pth" to /home/surajmaurya/.cache/torch/hub/checkpoints/densenet169-b2777c0a.pth

  0%|          | 0.00/54.7M [00:00<?, ?B/s]
  0%|          | 128k/54.7M [00:00<02:42, 353kB/s]
  0%|          | 256k/54.7M [00:00<01:53, 504kB/s]
  1%|          | 384k/54.7M [00:00<01:24, 672kB/s]
  1%|          | 640k/54.7M [00:00<00:56, 1.01MB/s]
  2%|▏         | 1.00M/54.7M [00:00<00:36, 1.56MB/s]
  3%|▎         | 1.38M/54.7M [00:01<00:26, 2.12MB/s]
  4%|▎         | 2.00M/54.7M [00:01<00:17, 3.17MB/s]
  5%|▌         | 2.88M/54.7M [00:01<00:12, 4.26MB/s]
  7%|▋         | 3.88M/54.7M [00:01<00:09, 5.74MB/s]
 10%|▉         | 5.25M/54.7M [00:01<00:06, 7.93MB/s]
 12%|█▏        | 6.62M/54.7M [00:01<00:05, 9.55MB/s]
 15%|█▍        | 8.00M/54.7M [00:01<00:04, 10.8MB/s]
 17%|█▋        | 9.38M/54.7M [00:01<00:04, 11.7MB/s]
 20%|█▉        | 10.8M/54.7M [00:01<00:03, 12.4MB/s]
 22%|██▏       | 12.1M/54.7M [00:02<00:03, 12.8MB/s]
 25%|██▍       | 13.5M/54.7M [00:02<00:03, 13.2MB/s]
 27%|██▋       | 15.0M/54.7M [00:02<00:03, 13.7MB/s]
 30%|██▉       | 16.4M/54.7M [00:02<00:02, 13.9MB/s]
 32%|███▏      | 17.8M/54.7M [00:02<00:02, 14.0MB/s]
 35%|███▌      | 19.2M/54.7M [00:02<00:02, 14.2MB/s]
 38%|███▊      | 20.8M/54.7M [00:02<00:02, 14.4MB/s]
 40%|████      | 22.1M/54.7M [00:03<00:04, 8.48MB/s]
 42%|████▏     | 23.2M/54.7M [00:03<00:03, 9.05MB/s]
 45%|████▍     | 24.4M/54.7M [00:03<00:03, 9.48MB/s]
 47%|████▋     | 25.6M/54.7M [00:03<00:04, 6.76MB/s]
 49%|████▉     | 26.8M/54.7M [00:03<00:04, 6.10MB/s]
 50%|█████     | 27.5M/54.7M [00:03<00:04, 6.12MB/s]
 52%|█████▏    | 28.2M/54.7M [00:04<00:04, 6.21MB/s]
 53%|█████▎    | 29.0M/54.7M [00:04<00:04, 6.41MB/s]
 55%|█████▌    | 30.1M/54.7M [00:04<00:03, 7.50MB/s]
 57%|█████▋    | 31.4M/54.7M [00:04<00:02, 8.82MB/s]
 60%|█████▉    | 32.8M/54.7M [00:04<00:02, 10.0MB/s]
 62%|██████▏   | 33.9M/54.7M [00:04<00:03, 7.12MB/s]
 65%|██████▌   | 35.6M/54.7M [00:04<00:02, 9.15MB/s]
 67%|██████▋   | 36.8M/54.7M [00:05<00:02, 8.40MB/s]
 69%|██████▉   | 37.8M/54.7M [00:05<00:02, 7.83MB/s]
 71%|███████   | 38.6M/54.7M [00:05<00:02, 6.06MB/s]
 74%|███████▎  | 40.2M/54.7M [00:05<00:02, 5.62MB/s]
 77%|███████▋  | 42.1M/54.7M [00:05<00:01, 7.79MB/s]
 79%|███████▉  | 43.1M/54.7M [00:06<00:01, 7.52MB/s]
 81%|████████  | 44.1M/54.7M [00:06<00:01, 7.70MB/s]
 82%|████████▏ | 45.0M/54.7M [00:06<00:01, 5.90MB/s]
 84%|████████▎ | 45.8M/54.7M [00:06<00:01, 6.15MB/s]
 85%|████████▍ | 46.5M/54.7M [00:06<00:01, 4.96MB/s]
 86%|████████▌ | 47.1M/54.7M [00:06<00:01, 4.93MB/s]
 88%|████████▊ | 47.9M/54.7M [00:07<00:01, 5.48MB/s]
 89%|████████▉ | 48.6M/54.7M [00:07<00:01, 5.75MB/s]
 90%|█████████ | 49.4M/54.7M [00:07<00:00, 6.08MB/s]
 92%|█████████▏| 50.1M/54.7M [00:07<00:01, 4.27MB/s]
 95%|█████████▌| 52.1M/54.7M [00:07<00:00, 7.28MB/s]
 97%|█████████▋| 53.1M/54.7M [00:08<00:00, 5.59MB/s]
100%|█████████▉| 54.6M/54.7M [00:08<00:00, 7.32MB/s]
100%|██████████| 54.7M/54.7M [00:08<00:00, 7.07MB/s]
{
  "model_id": "densenet169",
  "source": "https://docs.pytorch.org/vision/main/models/generated/torchvision.models.densenet169.html",
  "license_note": "TorchVision/PyTorch model weights; review upstream weight metadata before redistribution.",
  "family": "torchvision",
  "arch": "densenet169",
  "input_shape": [
    1,
    3,
    224,
    224
  ],
  "input_name": "input",
  "output_names": [
    "logits"
  ],
  "status": "exported",
  "onnx_path": "/workspace/demo-neat/model-compilation/work/densenet169/onnx/densenet169.onnx",
  "onnx": {
    "ir_version": 8,
    "opsets": {
      "ai.onnx": 17
    },
    "inputs": [
      "input"
    ],
    "outputs": [
      "logits"
    ],
    "nodes": 516
  }
}
