{
  "release": "2.1",
  "dtype": "int8",
  "model_operator_total": 516,
  "unique_operator_total": 9,
  "supported_count": 5,
  "unsupported_count": 0,
  "unknown_count": 4,
  "supported": [
    {
      "operator": "AveragePool",
      "count": 3,
      "onnx-opset-version": "11",
      "int8": "Y",
      "bfloat16": "Y",
      "sima_hw_sw_constraints": "count_include_pad = 1 (HW)\nkernel_shape: If global pool, no size limit; otherwise size < 128. (HW. Workaround by SW)\ndilations = 1 for newer opset (HW)",
      "notes": "1. If global pool, any shape.\n2. The 128 is from the HW instruction limit in gen1 and gen2. Possible to impove in compiler.\n3. Possible to improve compiler to support any shape.\n4. HW does not support count_include_pad=False. Possible to support in compiler or Model Compiler.\n5. ceil_mode=True is handled by the rewrite rule SetCeilModeToFalseForNDPooling.\n6. dilation>1 is not supported by HW."
    },
    {
      "operator": "Concat",
      "count": 86,
      "onnx-opset-version": "13",
      "int8": "Y",
      "bfloat16": "Y",
      "sima_hw_sw_constraints": null,
      "notes": null
    },
    {
      "operator": "Conv",
      "count": 168,
      "onnx-opset-version": "11",
      "int8": "Y",
      "bfloat16": "Y",
      "sima_hw_sw_constraints": "dilation = [1, 63] (HW)\nstrides = [1, 31] (HW)",
      "notes": "fused with bias and activation.  ONNX does not have 1D convolution, though we support it for other frontends."
    },
    {
      "operator": "MaxPool",
      "count": 1,
      "onnx-opset-version": "12",
      "int8": "Y",
      "bfloat16": "Y",
      "sima_hw_sw_constraints": "dilations = 1 (HW)\nkernel_shape: If global pool, no size limit; otherwise size < 128. (HW)\n\nstorage_order: No optional indices tensor output (SW)",
      "notes": "1. If global pool, any shape.\n2. The 128 is from the HW instruction limit in gen1 and gen2. Possible to impove in compiler.\n3. Possible to improve compiler to support any shape.\n4.  ceil_mode=True is handled by the rewrite rule SetCeilModeToFalseForNDPooling.\n5. dilation>1 is not supported by HW."
    },
    {
      "operator": "Relu",
      "count": 169,
      "onnx-opset-version": "14",
      "int8": "Y",
      "bfloat16": "Y",
      "sima_hw_sw_constraints": null,
      "notes": null
    }
  ],
  "unsupported": [],
  "unknown": [
    {
      "operator": "BatchNormalization",
      "count": 86,
      "onnx-opset-version": null,
      "int8": null,
      "bfloat16": null,
      "sima_hw_sw_constraints": null,
      "notes": null
    },
    {
      "operator": "Flatten",
      "count": 1,
      "onnx-opset-version": null,
      "int8": null,
      "bfloat16": null,
      "sima_hw_sw_constraints": null,
      "notes": null
    },
    {
      "operator": "Gemm",
      "count": 1,
      "onnx-opset-version": null,
      "int8": null,
      "bfloat16": null,
      "sima_hw_sw_constraints": null,
      "notes": null
    },
    {
      "operator": "GlobalAveragePool",
      "count": 1,
      "onnx-opset-version": null,
      "int8": null,
      "bfloat16": null,
      "sima_hw_sw_constraints": null,
      "notes": null
    }
  ]
}
