[INFO] ------------------------------------------------------------
[INFO] Model Compiler Version: 2.1.0
[INFO] Python Version: 3.12.3
[INFO] Output Directory: /workspace/demo-neat/model-compilation/work/densenet169/compile_int8/densenet169
[INFO] ------------------------------------------------------------
[INFO] Preparing ONNX model: /workspace/demo-neat/model-compilation/work/densenet169/onnx/densenet169.onnx
[INFO] Simplifying with fixed shapes: {'input': [1, 3, 224, 224]}
[INFO] Prepared model saved to: /workspace/demo-neat/model-compilation/work/densenet169/onnx/densenet169_prepared.onnx
[INFO] Model successfully loaded for modalix
[INFO] Initializing quantization...
[INFO] Loading real calibration data from: /workspace/demo-neat/model-compilation/assets/calibration
2026-07-11 11:53:05,645 - afe.apis.loaded_net - INFO - Quantize loaded net, layout = NCHW, arm_only = False
2026-07-11 11:53:05,645 - afe.apis.loaded_net - INFO - Calibration method = mse
2026-07-11 11:55:41,333 - afe.backends.mla.mla_checkers - INFO - Cannot assign node nn.batch_flatten_342, source_name(['Not available']) to MLA.
	['Some tensors are not 4D. Support for tensors that are not 4D is disabled in the compilation settings.']
2026-07-11 11:55:51,700 - afe.ir.transform.calibration_transforms - INFO - Running Calibration ...
2026-07-11 11:56:00,744 - afe.ir.transform.calibration_transforms - INFO - Calibration progress: completed 1 samples
2026-07-11 11:56:10,655 - afe.ir.transform.calibration_transforms - INFO - Calibration progress: completed 2 samples
2026-07-11 11:56:21,229 - afe.ir.transform.calibration_transforms - INFO - Calibration progress: completed 3 samples
2026-07-11 11:56:31,243 - afe.ir.transform.calibration_transforms - INFO - Calibration progress: completed 4 samples
2026-07-11 11:56:40,541 - afe.ir.transform.calibration_transforms - INFO - Calibration progress: completed 5 samples
2026-07-11 11:56:50,566 - afe.ir.transform.calibration_transforms - INFO - Calibration progress: completed 6 samples
2026-07-11 11:57:00,348 - afe.ir.transform.calibration_transforms - INFO - Calibration progress: completed 7 samples
2026-07-11 11:57:09,717 - afe.ir.transform.calibration_transforms - INFO - Calibration progress: completed 8 samples
2026-07-11 11:57:19,235 - afe.ir.transform.calibration_transforms - INFO - Calibration progress: completed 9 samples
2026-07-11 11:57:29,337 - afe.ir.transform.calibration_transforms - INFO - Calibration progress: completed 10 samples
2026-07-11 11:57:39,037 - afe.ir.transform.calibration_transforms - INFO - Calibration progress: completed 11 samples
2026-07-11 11:57:48,307 - afe.ir.transform.calibration_transforms - INFO - Calibration progress: completed 12 samples
2026-07-11 11:57:57,637 - afe.ir.transform.calibration_transforms - INFO - Calibration progress: completed 13 samples
2026-07-11 11:58:07,001 - afe.ir.transform.calibration_transforms - INFO - Calibration progress: completed 14 samples
2026-07-11 11:58:16,315 - afe.ir.transform.calibration_transforms - INFO - Calibration progress: completed 15 samples
2026-07-11 11:58:27,839 - afe.ir.transform.calibration_transforms - INFO - Calibration progress: completed 16 samples
2026-07-11 11:58:37,700 - afe.ir.transform.calibration_transforms - INFO - Calibration progress: completed 17 samples
2026-07-11 11:58:46,700 - afe.ir.transform.calibration_transforms - INFO - Calibration progress: completed 18 samples
2026-07-11 11:58:56,331 - afe.ir.transform.calibration_transforms - INFO - Calibration progress: completed 19 samples
2026-07-11 11:59:06,179 - afe.ir.transform.calibration_transforms - INFO - Calibration progress: completed 20 samples
2026-07-11 11:59:06,187 - afe.ir.defines - WARNING - In node MLA_0/conv2d_add_relu_0, source_name ['/features/relu0/Relu', '/features/conv0/Conv'], Precision of weights was reduced to avoid numeric saturation. Saturation was detected for integer convolution.
2026-07-11 11:59:06,187 - afe.ir.defines - WARNING - In node MLA_0/conv2d_add_relu_0, source_name ['/features/relu0/Relu', '/features/conv0/Conv'], Weights were set to zero to avoid numeric saturation. Saturation was detected for integer convolution.
2026-07-11 11:59:06,235 - afe.ir.defines - WARNING - In node MLA_0/conv2d_add_relu_2, source_name ['/features/denseblock1/denselayer1/relu1/Relu'], Precision of weights was reduced to avoid numeric saturation. Saturation was detected in the bias term.
2026-07-11 11:59:06,235 - afe.ir.defines - WARNING - In node MLA_0/conv2d_add_relu_2, source_name ['/features/denseblock1/denselayer1/relu1/Relu'], All weights in some channels are zero.  Please consider re-training the model.
2026-07-11 11:59:06,235 - afe.ir.defines - WARNING - In node MLA_0/conv2d_add_relu_2, source_name ['/features/denseblock1/denselayer1/relu1/Relu'], Precision of weights was reduced to avoid numeric saturation. Saturation was detected for integer convolution.
2026-07-11 11:59:06,235 - afe.ir.defines - WARNING - In node MLA_0/conv2d_add_relu_2, source_name ['/features/denseblock1/denselayer1/relu1/Relu'], Weights were set to zero to avoid numeric saturation. Saturation was detected for integer convolution.
2026-07-11 11:59:06,235 - afe.ir.defines - WARNING - In node MLA_0/conv2d_add_relu_2, source_name ['/features/denseblock1/denselayer1/relu1/Relu'], Precision of weights was reduced to avoid numeric saturation. Saturation was detected in the zero point.
2026-07-11 11:59:06,339 - afe.ir.defines - WARNING - In node MLA_0/conv2d_add_relu_10, source_name ['/features/denseblock1/denselayer3/relu1/Relu'], Precision of weights was reduced to avoid numeric saturation. Saturation was detected in the bias term.
2026-07-11 11:59:06,439 - afe.ir.defines - WARNING - In node MLA_0/conv2d_add_relu_14, source_name ['/features/denseblock1/denselayer4/relu1/Relu'], Precision of weights was reduced to avoid numeric saturation. Saturation was detected in the bias term.
2026-07-11 11:59:06,439 - afe.ir.defines - WARNING - In node MLA_0/conv2d_add_relu_14, source_name ['/features/denseblock1/denselayer4/relu1/Relu'], All weights in some channels are zero.  Please consider re-training the model.
2026-07-11 11:59:06,439 - afe.ir.defines - WARNING - In node MLA_0/conv2d_add_relu_14, source_name ['/features/denseblock1/denselayer4/relu1/Relu'], Precision of weights was reduced to avoid numeric saturation. Saturation was detected for integer convolution.
2026-07-11 11:59:06,439 - afe.ir.defines - WARNING - In node MLA_0/conv2d_add_relu_14, source_name ['/features/denseblock1/denselayer4/relu1/Relu'], Weights were set to zero to avoid numeric saturation. Saturation was detected for integer convolution.
2026-07-11 11:59:06,439 - afe.ir.defines - WARNING - In node MLA_0/conv2d_add_relu_14, source_name ['/features/denseblock1/denselayer4/relu1/Relu'], Precision of weights was reduced to avoid numeric saturation. Saturation was detected in the zero point.
2026-07-11 11:59:06,538 - afe.ir.defines - WARNING - In node MLA_0/conv2d_add_relu_18, source_name ['/features/denseblock1/denselayer5/relu1/Relu'], Precision of weights was reduced to avoid numeric saturation. Saturation was detected in the bias term.
2026-07-11 11:59:06,538 - afe.ir.defines - WARNING - In node MLA_0/conv2d_add_relu_18, source_name ['/features/denseblock1/denselayer5/relu1/Relu'], All weights in some channels are zero.  Please consider re-training the model.
2026-07-11 11:59:06,660 - afe.ir.defines - WARNING - In node MLA_0/conv2d_add_relu_22, source_name ['/features/denseblock1/denselayer6/relu1/Relu'], Precision of weights was reduced to avoid numeric saturation. Saturation was detected in the bias term.
2026-07-11 11:59:06,660 - afe.ir.defines - WARNING - In node MLA_0/conv2d_add_relu_22, source_name ['/features/denseblock1/denselayer6/relu1/Relu'], All weights in some channels are zero.  Please consider re-training the model.
2026-07-11 11:59:06,660 - afe.ir.defines - WARNING - In node MLA_0/conv2d_add_relu_22, source_name ['/features/denseblock1/denselayer6/relu1/Relu'], Precision of weights was reduced to avoid numeric saturation. Saturation was detected for integer convolution.
2026-07-11 11:59:06,660 - afe.ir.defines - WARNING - In node MLA_0/conv2d_add_relu_22, source_name ['/features/denseblock1/denselayer6/relu1/Relu'], Weights were set to zero to avoid numeric saturation. Saturation was detected for integer convolution.
2026-07-11 11:59:06,660 - afe.ir.defines - WARNING - In node MLA_0/conv2d_add_relu_22, source_name ['/features/denseblock1/denselayer6/relu1/Relu'], Precision of weights was reduced to avoid numeric saturation. Saturation was detected in the zero point.
2026-07-11 11:59:06,695 - afe.ir.defines - WARNING - In node MLA_0/conv2d_add_relu_26, source_name ['/features/transition1/relu/Relu'], Precision of weights was reduced to avoid numeric saturation. Saturation was detected for integer convolution.
2026-07-11 11:59:06,695 - afe.ir.defines - WARNING - In node MLA_0/conv2d_add_relu_26, source_name ['/features/transition1/relu/Relu'], Weights were set to zero to avoid numeric saturation. Saturation was detected for integer convolution.
2026-07-11 11:59:06,768 - afe.ir.defines - WARNING - In node MLA_0/conv2d_add_relu_29, source_name ['/features/denseblock2/denselayer1/relu1/Relu'], Precision of weights was reduced to avoid numeric saturation. Saturation was detected in the bias term.
2026-07-11 11:59:06,768 - afe.ir.defines - WARNING - In node MLA_0/conv2d_add_relu_29, source_name ['/features/denseblock2/denselayer1/relu1/Relu'], All weights in some channels are zero.  Please consider re-training the model.
2026-07-11 11:59:06,768 - afe.ir.defines - WARNING - In node MLA_0/conv2d_add_relu_29, source_name ['/features/denseblock2/denselayer1/relu1/Relu'], Precision of weights was reduced to avoid numeric saturation. Saturation was detected for integer convolution.
2026-07-11 11:59:06,768 - afe.ir.defines - WARNING - In node MLA_0/conv2d_add_relu_29, source_name ['/features/denseblock2/denselayer1/relu1/Relu'], Weights were set to zero to avoid numeric saturation. Saturation was detected for integer convolution.
2026-07-11 11:59:06,902 - afe.ir.defines - WARNING - In node MLA_0/conv2d_add_relu_37, source_name ['/features/denseblock2/denselayer3/relu1/Relu'], Precision of weights was reduced to avoid numeric saturation. Saturation was detected in the bias term.
2026-07-11 11:59:06,903 - afe.ir.defines - WARNING - In node MLA_0/conv2d_add_relu_37, source_name ['/features/denseblock2/denselayer3/relu1/Relu'], All weights in some channels are zero.  Please consider re-training the model.
2026-07-11 11:59:06,999 - afe.ir.defines - WARNING - In node MLA_0/conv2d_add_relu_41, source_name ['/features/denseblock2/denselayer4/relu1/Relu'], Precision of weights was reduced to avoid numeric saturation. Saturation was detected in the bias term.
2026-07-11 11:59:06,999 - afe.ir.defines - WARNING - In node MLA_0/conv2d_add_relu_41, source_name ['/features/denseblock2/denselayer4/relu1/Relu'], Precision of weights was reduced to avoid numeric saturation. Saturation was detected in the zero point.
2026-07-11 11:59:07,111 - afe.ir.defines - WARNING - In node MLA_0/conv2d_add_relu_45, source_name ['/features/denseblock2/denselayer5/relu1/Relu'], Precision of weights was reduced to avoid numeric saturation. Saturation was detected in the bias term.
2026-07-11 11:59:07,111 - afe.ir.defines - WARNING - In node MLA_0/conv2d_add_relu_45, source_name ['/features/denseblock2/denselayer5/relu1/Relu'], All weights in some channels are zero.  Please consider re-training the model.
2026-07-11 11:59:07,210 - afe.ir.defines - WARNING - In node MLA_0/conv2d_add_relu_49, source_name ['/features/denseblock2/denselayer6/relu1/Relu'], Precision of weights was reduced to avoid numeric saturation. Saturation was detected in the bias term.
2026-07-11 11:59:07,333 - afe.ir.defines - WARNING - In node MLA_0/conv2d_add_relu_53, source_name ['/features/denseblock2/denselayer7/relu1/Relu'], Precision of weights was reduced to avoid numeric saturation. Saturation was detected in the bias term.
2026-07-11 11:59:07,334 - afe.ir.defines - WARNING - In node MLA_0/conv2d_add_relu_53, source_name ['/features/denseblock2/denselayer7/relu1/Relu'], All weights in some channels are zero.  Please consider re-training the model.
2026-07-11 11:59:07,453 - afe.ir.defines - WARNING - In node MLA_0/conv2d_add_relu_57, source_name ['/features/denseblock2/denselayer8/relu1/Relu'], Precision of weights was reduced to avoid numeric saturation. Saturation was detected in the bias term.
2026-07-11 11:59:07,453 - afe.ir.defines - WARNING - In node MLA_0/conv2d_add_relu_57, source_name ['/features/denseblock2/denselayer8/relu1/Relu'], All weights in some channels are zero.  Please consider re-training the model.
2026-07-11 11:59:07,453 - afe.ir.defines - WARNING - In node MLA_0/conv2d_add_relu_57, source_name ['/features/denseblock2/denselayer8/relu1/Relu'], Precision of weights was reduced to avoid numeric saturation. Saturation was detected in the zero point.
2026-07-11 11:59:07,592 - afe.ir.defines - WARNING - In node MLA_0/conv2d_add_relu_61, source_name ['/features/denseblock2/denselayer9/relu1/Relu'], Precision of weights was reduced to avoid numeric saturation. Saturation was detected in the bias term.
2026-07-11 11:59:07,592 - afe.ir.defines - WARNING - In node MLA_0/conv2d_add_relu_61, source_name ['/features/denseblock2/denselayer9/relu1/Relu'], All weights in some channels are zero.  Please consider re-training the model.
2026-07-11 11:59:07,592 - afe.ir.defines - WARNING - In node MLA_0/conv2d_add_relu_61, source_name ['/features/denseblock2/denselayer9/relu1/Relu'], Precision of weights was reduced to avoid numeric saturation. Saturation was detected for integer convolution.
2026-07-11 11:59:07,592 - afe.ir.defines - WARNING - In node MLA_0/conv2d_add_relu_61, source_name ['/features/denseblock2/denselayer9/relu1/Relu'], Weights were set to zero to avoid numeric saturation. Saturation was detected for integer convolution.
2026-07-11 11:59:07,756 - afe.ir.defines - WARNING - In node MLA_0/conv2d_add_relu_65, source_name ['/features/denseblock2/denselayer10/relu1/Relu'], Precision of weights was reduced to avoid numeric saturation. Saturation was detected in the bias term.
2026-07-11 11:59:07,756 - afe.ir.defines - WARNING - In node MLA_0/conv2d_add_relu_65, source_name ['/features/denseblock2/denselayer10/relu1/Relu'], All weights in some channels are zero.  Please consider re-training the model.
2026-07-11 11:59:07,887 - afe.ir.defines - WARNING - In node MLA_0/conv2d_add_relu_69, source_name ['/features/denseblock2/denselayer11/relu1/Relu'], Precision of weights was reduced to avoid numeric saturation. Saturation was detected in the bias term.
2026-07-11 11:59:07,887 - afe.ir.defines - WARNING - In node MLA_0/conv2d_add_relu_69, source_name ['/features/denseblock2/denselayer11/relu1/Relu'], Precision of weights was reduced to avoid numeric saturation. Saturation was detected for integer convolution.
2026-07-11 11:59:07,887 - afe.ir.defines - WARNING - In node MLA_0/conv2d_add_relu_69, source_name ['/features/denseblock2/denselayer11/relu1/Relu'], Weights were set to zero to avoid numeric saturation. Saturation was detected for integer convolution.
2026-07-11 11:59:08,054 - afe.ir.defines - WARNING - In node MLA_0/conv2d_add_relu_73, source_name ['/features/denseblock2/denselayer12/relu1/Relu'], Precision of weights was reduced to avoid numeric saturation. Saturation was detected in the bias term.
2026-07-11 11:59:08,054 - afe.ir.defines - WARNING - In node MLA_0/conv2d_add_relu_73, source_name ['/features/denseblock2/denselayer12/relu1/Relu'], All weights in some channels are zero.  Please consider re-training the model.
2026-07-11 11:59:08,206 - afe.ir.defines - WARNING - In node MLA_0/conv2d_add_relu_77, source_name ['/features/transition2/relu/Relu'], Precision of weights was reduced to avoid numeric saturation. Saturation was detected in the bias term.
2026-07-11 11:59:08,261 - afe.ir.defines - WARNING - In node MLA_0/conv2d_add_relu_80, source_name ['/features/denseblock3/denselayer1/relu1/Relu'], Precision of weights was reduced to avoid numeric saturation. Saturation was detected in the bias term.
2026-07-11 11:59:08,354 - afe.ir.defines - WARNING - In node MLA_0/conv2d_add_relu_84, source_name ['/features/denseblock3/denselayer2/relu1/Relu'], Precision of weights was reduced to avoid numeric saturation. Saturation was detected in the bias term.
2026-07-11 11:59:08,477 - afe.ir.defines - WARNING - In node MLA_0/conv2d_add_relu_88, source_name ['/features/denseblock3/denselayer3/relu1/Relu'], Precision of weights was reduced to avoid numeric saturation. Saturation was detected in the bias term.
2026-07-11 11:59:08,477 - afe.ir.defines - WARNING - In node MLA_0/conv2d_add_relu_88, source_name ['/features/denseblock3/denselayer3/relu1/Relu'], All weights in some channels are zero.  Please consider re-training the model.
2026-07-11 11:59:08,587 - afe.ir.defines - WARNING - In node MLA_0/conv2d_add_relu_92, source_name ['/features/denseblock3/denselayer4/relu1/Relu'], Precision of weights was reduced to avoid numeric saturation. Saturation was detected in the bias term.
2026-07-11 11:59:08,588 - afe.ir.defines - WARNING - In node MLA_0/conv2d_add_relu_92, source_name ['/features/denseblock3/denselayer4/relu1/Relu'], All weights in some channels are zero.  Please consider re-training the model.
2026-07-11 11:59:08,703 - afe.ir.defines - WARNING - In node MLA_0/conv2d_add_relu_96, source_name ['/features/denseblock3/denselayer5/relu1/Relu'], Precision of weights was reduced to avoid numeric saturation. Saturation was detected in the bias term.
2026-07-11 11:59:08,829 - afe.ir.defines - WARNING - In node MLA_0/conv2d_add_relu_100, source_name ['/features/denseblock3/denselayer6/relu1/Relu'], Precision of weights was reduced to avoid numeric saturation. Saturation was detected in the bias term.
2026-07-11 11:59:08,829 - afe.ir.defines - WARNING - In node MLA_0/conv2d_add_relu_100, source_name ['/features/denseblock3/denselayer6/relu1/Relu'], All weights in some channels are zero.  Please consider re-training the model.
2026-07-11 11:59:08,980 - afe.ir.defines - WARNING - In node MLA_0/conv2d_add_relu_104, source_name ['/features/denseblock3/denselayer7/relu1/Relu'], Precision of weights was reduced to avoid numeric saturation. Saturation was detected in the bias term.
2026-07-11 11:59:08,980 - afe.ir.defines - WARNING - In node MLA_0/conv2d_add_relu_104, source_name ['/features/denseblock3/denselayer7/relu1/Relu'], All weights in some channels are zero.  Please consider re-training the model.
2026-07-11 11:59:09,124 - afe.ir.defines - WARNING - In node MLA_0/conv2d_add_relu_108, source_name ['/features/denseblock3/denselayer8/relu1/Relu'], Precision of weights was reduced to avoid numeric saturation. Saturation was detected in the bias term.
2026-07-11 11:59:09,124 - afe.ir.defines - WARNING - In node MLA_0/conv2d_add_relu_108, source_name ['/features/denseblock3/denselayer8/relu1/Relu'], All weights in some channels are zero.  Please consider re-training the model.
2026-07-11 11:59:09,271 - afe.ir.defines - WARNING - In node MLA_0/conv2d_add_relu_112, source_name ['/features/denseblock3/denselayer9/relu1/Relu'], Precision of weights was reduced to avoid numeric saturation. Saturation was detected in the bias term.
2026-07-11 11:59:09,271 - afe.ir.defines - WARNING - In node MLA_0/conv2d_add_relu_112, source_name ['/features/denseblock3/denselayer9/relu1/Relu'], All weights in some channels are zero.  Please consider re-training the model.
2026-07-11 11:59:09,417 - afe.ir.defines - WARNING - In node MLA_0/conv2d_add_relu_116, source_name ['/features/denseblock3/denselayer10/relu1/Relu'], Precision of weights was reduced to avoid numeric saturation. Saturation was detected in the bias term.
2026-07-11 11:59:09,417 - afe.ir.defines - WARNING - In node MLA_0/conv2d_add_relu_116, source_name ['/features/denseblock3/denselayer10/relu1/Relu'], All weights in some channels are zero.  Please consider re-training the model.
2026-07-11 11:59:09,596 - afe.ir.defines - WARNING - In node MLA_0/conv2d_add_relu_120, source_name ['/features/denseblock3/denselayer11/relu1/Relu'], Precision of weights was reduced to avoid numeric saturation. Saturation was detected in the bias term.
2026-07-11 11:59:09,740 - afe.ir.defines - WARNING - In node MLA_0/conv2d_add_relu_124, source_name ['/features/denseblock3/denselayer12/relu1/Relu'], Precision of weights was reduced to avoid numeric saturation. Saturation was detected in the bias term.
2026-07-11 11:59:09,913 - afe.ir.defines - WARNING - In node MLA_0/conv2d_add_relu_128, source_name ['/features/denseblock3/denselayer13/relu1/Relu'], Precision of weights was reduced to avoid numeric saturation. Saturation was detected in the bias term.
2026-07-11 11:59:09,913 - afe.ir.defines - WARNING - In node MLA_0/conv2d_add_relu_128, source_name ['/features/denseblock3/denselayer13/relu1/Relu'], All weights in some channels are zero.  Please consider re-training the model.
2026-07-11 11:59:10,075 - afe.ir.defines - WARNING - In node MLA_0/conv2d_add_relu_132, source_name ['/features/denseblock3/denselayer14/relu1/Relu'], Precision of weights was reduced to avoid numeric saturation. Saturation was detected in the bias term.
2026-07-11 11:59:10,294 - afe.ir.defines - WARNING - In node MLA_0/conv2d_add_relu_136, source_name ['/features/denseblock3/denselayer15/relu1/Relu'], Precision of weights was reduced to avoid numeric saturation. Saturation was detected in the bias term.
2026-07-11 11:59:10,294 - afe.ir.defines - WARNING - In node MLA_0/conv2d_add_relu_136, source_name ['/features/denseblock3/denselayer15/relu1/Relu'], All weights in some channels are zero.  Please consider re-training the model.
2026-07-11 11:59:10,451 - afe.ir.defines - WARNING - In node MLA_0/conv2d_add_relu_140, source_name ['/features/denseblock3/denselayer16/relu1/Relu'], Precision of weights was reduced to avoid numeric saturation. Saturation was detected in the bias term.
2026-07-11 11:59:10,671 - afe.ir.defines - WARNING - In node MLA_0/conv2d_add_relu_144, source_name ['/features/denseblock3/denselayer17/relu1/Relu'], Precision of weights was reduced to avoid numeric saturation. Saturation was detected in the bias term.
2026-07-11 11:59:10,671 - afe.ir.defines - WARNING - In node MLA_0/conv2d_add_relu_144, source_name ['/features/denseblock3/denselayer17/relu1/Relu'], All weights in some channels are zero.  Please consider re-training the model.
2026-07-11 11:59:10,885 - afe.ir.defines - WARNING - In node MLA_0/conv2d_add_relu_148, source_name ['/features/denseblock3/denselayer18/relu1/Relu'], Precision of weights was reduced to avoid numeric saturation. Saturation was detected in the bias term.
2026-07-11 11:59:10,886 - afe.ir.defines - WARNING - In node MLA_0/conv2d_add_relu_148, source_name ['/features/denseblock3/denselayer18/relu1/Relu'], All weights in some channels are zero.  Please consider re-training the model.
2026-07-11 11:59:11,104 - afe.ir.defines - WARNING - In node MLA_0/conv2d_add_relu_152, source_name ['/features/denseblock3/denselayer19/relu1/Relu'], Precision of weights was reduced to avoid numeric saturation. Saturation was detected in the bias term.
2026-07-11 11:59:11,104 - afe.ir.defines - WARNING - In node MLA_0/conv2d_add_relu_152, source_name ['/features/denseblock3/denselayer19/relu1/Relu'], All weights in some channels are zero.  Please consider re-training the model.
2026-07-11 11:59:11,104 - afe.ir.defines - WARNING - In node MLA_0/conv2d_add_relu_152, source_name ['/features/denseblock3/denselayer19/relu1/Relu'], Precision of weights was reduced to avoid numeric saturation. Saturation was detected for integer convolution.
2026-07-11 11:59:11,104 - afe.ir.defines - WARNING - In node MLA_0/conv2d_add_relu_152, source_name ['/features/denseblock3/denselayer19/relu1/Relu'], Weights were set to zero to avoid numeric saturation. Saturation was detected for integer convolution.
2026-07-11 11:59:11,302 - afe.ir.defines - WARNING - In node MLA_0/conv2d_add_relu_156, source_name ['/features/denseblock3/denselayer20/relu1/Relu'], Precision of weights was reduced to avoid numeric saturation. Saturation was detected in the bias term.
2026-07-11 11:59:11,480 - afe.ir.defines - WARNING - In node MLA_0/conv2d_add_relu_160, source_name ['/features/denseblock3/denselayer21/relu1/Relu'], Precision of weights was reduced to avoid numeric saturation. Saturation was detected in the bias term.
2026-07-11 11:59:11,680 - afe.ir.defines - WARNING - In node MLA_0/conv2d_add_relu_164, source_name ['/features/denseblock3/denselayer22/relu1/Relu'], Precision of weights was reduced to avoid numeric saturation. Saturation was detected in the bias term.
2026-07-11 11:59:11,900 - afe.ir.defines - WARNING - In node MLA_0/conv2d_add_relu_168, source_name ['/features/denseblock3/denselayer23/relu1/Relu'], Precision of weights was reduced to avoid numeric saturation. Saturation was detected in the bias term.
2026-07-11 11:59:11,900 - afe.ir.defines - WARNING - In node MLA_0/conv2d_add_relu_168, source_name ['/features/denseblock3/denselayer23/relu1/Relu'], All weights in some channels are zero.  Please consider re-training the model.
2026-07-11 11:59:12,138 - afe.ir.defines - WARNING - In node MLA_0/conv2d_add_relu_172, source_name ['/features/denseblock3/denselayer24/relu1/Relu'], Precision of weights was reduced to avoid numeric saturation. Saturation was detected in the bias term.
2026-07-11 11:59:12,138 - afe.ir.defines - WARNING - In node MLA_0/conv2d_add_relu_172, source_name ['/features/denseblock3/denselayer24/relu1/Relu'], All weights in some channels are zero.  Please consider re-training the model.
2026-07-11 11:59:12,360 - afe.ir.defines - WARNING - In node MLA_0/conv2d_add_relu_176, source_name ['/features/denseblock3/denselayer25/relu1/Relu'], Precision of weights was reduced to avoid numeric saturation. Saturation was detected in the bias term.
2026-07-11 11:59:12,360 - afe.ir.defines - WARNING - In node MLA_0/conv2d_add_relu_176, source_name ['/features/denseblock3/denselayer25/relu1/Relu'], All weights in some channels are zero.  Please consider re-training the model.
2026-07-11 11:59:12,630 - afe.ir.defines - WARNING - In node MLA_0/conv2d_add_relu_180, source_name ['/features/denseblock3/denselayer26/relu1/Relu'], Precision of weights was reduced to avoid numeric saturation. Saturation was detected in the bias term.
2026-07-11 11:59:12,630 - afe.ir.defines - WARNING - In node MLA_0/conv2d_add_relu_180, source_name ['/features/denseblock3/denselayer26/relu1/Relu'], All weights in some channels are zero.  Please consider re-training the model.
2026-07-11 11:59:12,871 - afe.ir.defines - WARNING - In node MLA_0/conv2d_add_relu_184, source_name ['/features/denseblock3/denselayer27/relu1/Relu'], Precision of weights was reduced to avoid numeric saturation. Saturation was detected in the bias term.
2026-07-11 11:59:13,151 - afe.ir.defines - WARNING - In node MLA_0/conv2d_add_relu_188, source_name ['/features/denseblock3/denselayer28/relu1/Relu'], Precision of weights was reduced to avoid numeric saturation. Saturation was detected in the bias term.
2026-07-11 11:59:13,151 - afe.ir.defines - WARNING - In node MLA_0/conv2d_add_relu_188, source_name ['/features/denseblock3/denselayer28/relu1/Relu'], All weights in some channels are zero.  Please consider re-training the model.
2026-07-11 11:59:13,439 - afe.ir.defines - WARNING - In node MLA_0/conv2d_add_relu_192, source_name ['/features/denseblock3/denselayer29/relu1/Relu'], Precision of weights was reduced to avoid numeric saturation. Saturation was detected in the bias term.
2026-07-11 11:59:13,439 - afe.ir.defines - WARNING - In node MLA_0/conv2d_add_relu_192, source_name ['/features/denseblock3/denselayer29/relu1/Relu'], All weights in some channels are zero.  Please consider re-training the model.
2026-07-11 11:59:13,702 - afe.ir.defines - WARNING - In node MLA_0/conv2d_add_relu_196, source_name ['/features/denseblock3/denselayer30/relu1/Relu'], Precision of weights was reduced to avoid numeric saturation. Saturation was detected in the bias term.
2026-07-11 11:59:13,702 - afe.ir.defines - WARNING - In node MLA_0/conv2d_add_relu_196, source_name ['/features/denseblock3/denselayer30/relu1/Relu'], All weights in some channels are zero.  Please consider re-training the model.
2026-07-11 11:59:13,938 - afe.ir.defines - WARNING - In node MLA_0/conv2d_add_relu_200, source_name ['/features/denseblock3/denselayer31/relu1/Relu'], Precision of weights was reduced to avoid numeric saturation. Saturation was detected in the bias term.
2026-07-11 11:59:13,938 - afe.ir.defines - WARNING - In node MLA_0/conv2d_add_relu_200, source_name ['/features/denseblock3/denselayer31/relu1/Relu'], All weights in some channels are zero.  Please consider re-training the model.
2026-07-11 11:59:14,215 - afe.ir.defines - WARNING - In node MLA_0/conv2d_add_relu_204, source_name ['/features/denseblock3/denselayer32/relu1/Relu'], Precision of weights was reduced to avoid numeric saturation. Saturation was detected in the bias term.
2026-07-11 11:59:14,215 - afe.ir.defines - WARNING - In node MLA_0/conv2d_add_relu_204, source_name ['/features/denseblock3/denselayer32/relu1/Relu'], All weights in some channels are zero.  Please consider re-training the model.
2026-07-11 11:59:14,390 - afe.ir.defines - WARNING - In node MLA_0/conv2d_add_relu_211, source_name ['/features/denseblock4/denselayer1/relu1/Relu'], Precision of weights was reduced to avoid numeric saturation. Saturation was detected in the bias term.
2026-07-11 11:59:14,516 - afe.ir.defines - WARNING - In node MLA_0/conv2d_add_relu_215, source_name ['/features/denseblock4/denselayer2/relu1/Relu'], Precision of weights was reduced to avoid numeric saturation. Saturation was detected in the bias term.
2026-07-11 11:59:14,690 - afe.ir.defines - WARNING - In node MLA_0/conv2d_add_relu_219, source_name ['/features/denseblock4/denselayer3/relu1/Relu'], Precision of weights was reduced to avoid numeric saturation. Saturation was detected in the bias term.
2026-07-11 11:59:14,690 - afe.ir.defines - WARNING - In node MLA_0/conv2d_add_relu_219, source_name ['/features/denseblock4/denselayer3/relu1/Relu'], All weights in some channels are zero.  Please consider re-training the model.
2026-07-11 11:59:14,856 - afe.ir.defines - WARNING - In node MLA_0/conv2d_add_relu_223, source_name ['/features/denseblock4/denselayer4/relu1/Relu'], Precision of weights was reduced to avoid numeric saturation. Saturation was detected in the bias term.
2026-07-11 11:59:14,856 - afe.ir.defines - WARNING - In node MLA_0/conv2d_add_relu_223, source_name ['/features/denseblock4/denselayer4/relu1/Relu'], All weights in some channels are zero.  Please consider re-training the model.
2026-07-11 11:59:14,981 - afe.ir.defines - WARNING - In node MLA_0/conv2d_add_relu_227, source_name ['/features/denseblock4/denselayer5/relu1/Relu'], Precision of weights was reduced to avoid numeric saturation. Saturation was detected in the bias term.
2026-07-11 11:59:15,132 - afe.ir.defines - WARNING - In node MLA_0/conv2d_add_relu_231, source_name ['/features/denseblock4/denselayer6/relu1/Relu'], Precision of weights was reduced to avoid numeric saturation. Saturation was detected in the bias term.
2026-07-11 11:59:15,132 - afe.ir.defines - WARNING - In node MLA_0/conv2d_add_relu_231, source_name ['/features/denseblock4/denselayer6/relu1/Relu'], All weights in some channels are zero.  Please consider re-training the model.
2026-07-11 11:59:15,288 - afe.ir.defines - WARNING - In node MLA_0/conv2d_add_relu_235, source_name ['/features/denseblock4/denselayer7/relu1/Relu'], Precision of weights was reduced to avoid numeric saturation. Saturation was detected in the bias term.
2026-07-11 11:59:15,288 - afe.ir.defines - WARNING - In node MLA_0/conv2d_add_relu_235, source_name ['/features/denseblock4/denselayer7/relu1/Relu'], All weights in some channels are zero.  Please consider re-training the model.
2026-07-11 11:59:15,439 - afe.ir.defines - WARNING - In node MLA_0/conv2d_add_relu_239, source_name ['/features/denseblock4/denselayer8/relu1/Relu'], Precision of weights was reduced to avoid numeric saturation. Saturation was detected in the bias term.
2026-07-11 11:59:15,439 - afe.ir.defines - WARNING - In node MLA_0/conv2d_add_relu_239, source_name ['/features/denseblock4/denselayer8/relu1/Relu'], All weights in some channels are zero.  Please consider re-training the model.
2026-07-11 11:59:15,573 - afe.ir.defines - WARNING - In node MLA_0/conv2d_add_relu_243, source_name ['/features/denseblock4/denselayer9/relu1/Relu'], Precision of weights was reduced to avoid numeric saturation. Saturation was detected in the bias term.
2026-07-11 11:59:15,720 - afe.ir.defines - WARNING - In node MLA_0/conv2d_add_relu_247, source_name ['/features/denseblock4/denselayer10/relu1/Relu'], Precision of weights was reduced to avoid numeric saturation. Saturation was detected in the bias term.
2026-07-11 11:59:15,885 - afe.ir.defines - WARNING - In node MLA_0/conv2d_add_relu_251, source_name ['/features/denseblock4/denselayer11/relu1/Relu'], Precision of weights was reduced to avoid numeric saturation. Saturation was detected in the bias term.
2026-07-11 11:59:16,112 - afe.ir.defines - WARNING - In node MLA_0/conv2d_add_relu_255, source_name ['/features/denseblock4/denselayer12/relu1/Relu'], Precision of weights was reduced to avoid numeric saturation. Saturation was detected in the bias term.
2026-07-11 11:59:16,113 - afe.ir.defines - WARNING - In node MLA_0/conv2d_add_relu_255, source_name ['/features/denseblock4/denselayer12/relu1/Relu'], All weights in some channels are zero.  Please consider re-training the model.
2026-07-11 11:59:16,113 - afe.ir.defines - WARNING - In node MLA_0/conv2d_add_relu_255, source_name ['/features/denseblock4/denselayer12/relu1/Relu'], Precision of weights was reduced to avoid numeric saturation. Saturation was detected in the zero point.
2026-07-11 11:59:16,266 - afe.ir.defines - WARNING - In node MLA_0/conv2d_add_relu_259, source_name ['/features/denseblock4/denselayer13/relu1/Relu'], Precision of weights was reduced to avoid numeric saturation. Saturation was detected in the bias term.
2026-07-11 11:59:16,541 - afe.ir.defines - WARNING - In node MLA_0/conv2d_add_relu_263, source_name ['/features/denseblock4/denselayer14/relu1/Relu'], Precision of weights was reduced to avoid numeric saturation. Saturation was detected in the bias term.
2026-07-11 11:59:16,541 - afe.ir.defines - WARNING - In node MLA_0/conv2d_add_relu_263, source_name ['/features/denseblock4/denselayer14/relu1/Relu'], All weights in some channels are zero.  Please consider re-training the model.
2026-07-11 11:59:16,823 - afe.ir.defines - WARNING - In node MLA_0/conv2d_add_relu_267, source_name ['/features/denseblock4/denselayer15/relu1/Relu'], Precision of weights was reduced to avoid numeric saturation. Saturation was detected in the bias term.
2026-07-11 11:59:16,823 - afe.ir.defines - WARNING - In node MLA_0/conv2d_add_relu_267, source_name ['/features/denseblock4/denselayer15/relu1/Relu'], All weights in some channels are zero.  Please consider re-training the model.
2026-07-11 11:59:17,086 - afe.ir.defines - WARNING - In node MLA_0/conv2d_add_relu_271, source_name ['/features/denseblock4/denselayer16/relu1/Relu'], Precision of weights was reduced to avoid numeric saturation. Saturation was detected in the bias term.
2026-07-11 11:59:17,086 - afe.ir.defines - WARNING - In node MLA_0/conv2d_add_relu_271, source_name ['/features/denseblock4/denselayer16/relu1/Relu'], All weights in some channels are zero.  Please consider re-training the model.
2026-07-11 11:59:17,370 - afe.ir.defines - WARNING - In node MLA_0/conv2d_add_relu_275, source_name ['/features/denseblock4/denselayer17/relu1/Relu'], Precision of weights was reduced to avoid numeric saturation. Saturation was detected in the bias term.
2026-07-11 11:59:17,370 - afe.ir.defines - WARNING - In node MLA_0/conv2d_add_relu_275, source_name ['/features/denseblock4/denselayer17/relu1/Relu'], All weights in some channels are zero.  Please consider re-training the model.
2026-07-11 11:59:17,370 - afe.ir.defines - WARNING - In node MLA_0/conv2d_add_relu_275, source_name ['/features/denseblock4/denselayer17/relu1/Relu'], Precision of weights was reduced to avoid numeric saturation. Saturation was detected for integer convolution.
2026-07-11 11:59:17,370 - afe.ir.defines - WARNING - In node MLA_0/conv2d_add_relu_275, source_name ['/features/denseblock4/denselayer17/relu1/Relu'], Weights were set to zero to avoid numeric saturation. Saturation was detected for integer convolution.
2026-07-11 11:59:17,668 - afe.ir.defines - WARNING - In node MLA_0/conv2d_add_relu_279, source_name ['/features/denseblock4/denselayer18/relu1/Relu'], Precision of weights was reduced to avoid numeric saturation. Saturation was detected in the bias term.
2026-07-11 11:59:17,669 - afe.ir.defines - WARNING - In node MLA_0/conv2d_add_relu_279, source_name ['/features/denseblock4/denselayer18/relu1/Relu'], All weights in some channels are zero.  Please consider re-training the model.
2026-07-11 11:59:18,011 - afe.ir.defines - WARNING - In node MLA_0/conv2d_add_relu_283, source_name ['/features/denseblock4/denselayer19/relu1/Relu'], Precision of weights was reduced to avoid numeric saturation. Saturation was detected in the bias term.
2026-07-11 11:59:18,011 - afe.ir.defines - WARNING - In node MLA_0/conv2d_add_relu_283, source_name ['/features/denseblock4/denselayer19/relu1/Relu'], All weights in some channels are zero.  Please consider re-training the model.
2026-07-11 11:59:18,360 - afe.ir.defines - WARNING - In node MLA_0/conv2d_add_relu_287, source_name ['/features/denseblock4/denselayer20/relu1/Relu'], Precision of weights was reduced to avoid numeric saturation. Saturation was detected in the bias term.
2026-07-11 11:59:18,360 - afe.ir.defines - WARNING - In node MLA_0/conv2d_add_relu_287, source_name ['/features/denseblock4/denselayer20/relu1/Relu'], All weights in some channels are zero.  Please consider re-training the model.
2026-07-11 11:59:18,730 - afe.ir.defines - WARNING - In node MLA_0/conv2d_add_relu_291, source_name ['/features/denseblock4/denselayer21/relu1/Relu'], Precision of weights was reduced to avoid numeric saturation. Saturation was detected in the bias term.
2026-07-11 11:59:18,730 - afe.ir.defines - WARNING - In node MLA_0/conv2d_add_relu_291, source_name ['/features/denseblock4/denselayer21/relu1/Relu'], All weights in some channels are zero.  Please consider re-training the model.
2026-07-11 11:59:19,069 - afe.ir.defines - WARNING - In node MLA_0/conv2d_add_relu_295, source_name ['/features/denseblock4/denselayer22/relu1/Relu'], Precision of weights was reduced to avoid numeric saturation. Saturation was detected in the bias term.
2026-07-11 11:59:19,069 - afe.ir.defines - WARNING - In node MLA_0/conv2d_add_relu_295, source_name ['/features/denseblock4/denselayer22/relu1/Relu'], All weights in some channels are zero.  Please consider re-training the model.
2026-07-11 11:59:19,446 - afe.ir.defines - WARNING - In node MLA_0/conv2d_add_relu_299, source_name ['/features/denseblock4/denselayer23/relu1/Relu'], Precision of weights was reduced to avoid numeric saturation. Saturation was detected in the bias term.
2026-07-11 11:59:19,446 - afe.ir.defines - WARNING - In node MLA_0/conv2d_add_relu_299, source_name ['/features/denseblock4/denselayer23/relu1/Relu'], All weights in some channels are zero.  Please consider re-training the model.
2026-07-11 11:59:19,446 - afe.ir.defines - WARNING - In node MLA_0/conv2d_add_relu_299, source_name ['/features/denseblock4/denselayer23/relu1/Relu'], Precision of weights was reduced to avoid numeric saturation. Saturation was detected for integer convolution.
2026-07-11 11:59:19,446 - afe.ir.defines - WARNING - In node MLA_0/conv2d_add_relu_299, source_name ['/features/denseblock4/denselayer23/relu1/Relu'], Weights were set to zero to avoid numeric saturation. Saturation was detected for integer convolution.
2026-07-11 11:59:19,765 - afe.ir.defines - WARNING - In node MLA_0/conv2d_add_relu_303, source_name ['/features/denseblock4/denselayer24/relu1/Relu'], Precision of weights was reduced to avoid numeric saturation. Saturation was detected in the bias term.
2026-07-11 11:59:19,765 - afe.ir.defines - WARNING - In node MLA_0/conv2d_add_relu_303, source_name ['/features/denseblock4/denselayer24/relu1/Relu'], All weights in some channels are zero.  Please consider re-training the model.
2026-07-11 11:59:19,765 - afe.ir.defines - WARNING - In node MLA_0/conv2d_add_relu_303, source_name ['/features/denseblock4/denselayer24/relu1/Relu'], Precision of weights was reduced to avoid numeric saturation. Saturation was detected for integer convolution.
2026-07-11 11:59:19,765 - afe.ir.defines - WARNING - In node MLA_0/conv2d_add_relu_303, source_name ['/features/denseblock4/denselayer24/relu1/Relu'], Weights were set to zero to avoid numeric saturation. Saturation was detected for integer convolution.
2026-07-11 11:59:20,059 - afe.ir.defines - WARNING - In node MLA_0/conv2d_add_relu_307, source_name ['/features/denseblock4/denselayer25/relu1/Relu'], Precision of weights was reduced to avoid numeric saturation. Saturation was detected in the bias term.
2026-07-11 11:59:20,059 - afe.ir.defines - WARNING - In node MLA_0/conv2d_add_relu_307, source_name ['/features/denseblock4/denselayer25/relu1/Relu'], All weights in some channels are zero.  Please consider re-training the model.
2026-07-11 11:59:20,059 - afe.ir.defines - WARNING - In node MLA_0/conv2d_add_relu_307, source_name ['/features/denseblock4/denselayer25/relu1/Relu'], Precision of weights was reduced to avoid numeric saturation. Saturation was detected for integer convolution.
2026-07-11 11:59:20,059 - afe.ir.defines - WARNING - In node MLA_0/conv2d_add_relu_307, source_name ['/features/denseblock4/denselayer25/relu1/Relu'], Weights were set to zero to avoid numeric saturation. Saturation was detected for integer convolution.
2026-07-11 11:59:20,358 - afe.ir.defines - WARNING - In node MLA_0/conv2d_add_relu_311, source_name ['/features/denseblock4/denselayer26/relu1/Relu'], Precision of weights was reduced to avoid numeric saturation. Saturation was detected in the bias term.
2026-07-11 11:59:20,358 - afe.ir.defines - WARNING - In node MLA_0/conv2d_add_relu_311, source_name ['/features/denseblock4/denselayer26/relu1/Relu'], All weights in some channels are zero.  Please consider re-training the model.
2026-07-11 11:59:20,358 - afe.ir.defines - WARNING - In node MLA_0/conv2d_add_relu_311, source_name ['/features/denseblock4/denselayer26/relu1/Relu'], Precision of weights was reduced to avoid numeric saturation. Saturation was detected for integer convolution.
2026-07-11 11:59:20,358 - afe.ir.defines - WARNING - In node MLA_0/conv2d_add_relu_311, source_name ['/features/denseblock4/denselayer26/relu1/Relu'], Weights were set to zero to avoid numeric saturation. Saturation was detected for integer convolution.
2026-07-11 11:59:20,646 - afe.ir.defines - WARNING - In node MLA_0/conv2d_add_relu_315, source_name ['/features/denseblock4/denselayer27/relu1/Relu'], Precision of weights was reduced to avoid numeric saturation. Saturation was detected in the bias term.
2026-07-11 11:59:20,647 - afe.ir.defines - WARNING - In node MLA_0/conv2d_add_relu_315, source_name ['/features/denseblock4/denselayer27/relu1/Relu'], All weights in some channels are zero.  Please consider re-training the model.
2026-07-11 11:59:20,933 - afe.ir.defines - WARNING - In node MLA_0/conv2d_add_relu_319, source_name ['/features/denseblock4/denselayer28/relu1/Relu'], Precision of weights was reduced to avoid numeric saturation. Saturation was detected in the bias term.
2026-07-11 11:59:20,933 - afe.ir.defines - WARNING - In node MLA_0/conv2d_add_relu_319, source_name ['/features/denseblock4/denselayer28/relu1/Relu'], All weights in some channels are zero.  Please consider re-training the model.
2026-07-11 11:59:21,224 - afe.ir.defines - WARNING - In node MLA_0/conv2d_add_relu_323, source_name ['/features/denseblock4/denselayer29/relu1/Relu'], Precision of weights was reduced to avoid numeric saturation. Saturation was detected in the bias term.
2026-07-11 11:59:21,224 - afe.ir.defines - WARNING - In node MLA_0/conv2d_add_relu_323, source_name ['/features/denseblock4/denselayer29/relu1/Relu'], All weights in some channels are zero.  Please consider re-training the model.
2026-07-11 11:59:21,512 - afe.ir.defines - WARNING - In node MLA_0/conv2d_add_relu_327, source_name ['/features/denseblock4/denselayer30/relu1/Relu'], Precision of weights was reduced to avoid numeric saturation. Saturation was detected in the bias term.
2026-07-11 11:59:21,512 - afe.ir.defines - WARNING - In node MLA_0/conv2d_add_relu_327, source_name ['/features/denseblock4/denselayer30/relu1/Relu'], All weights in some channels are zero.  Please consider re-training the model.
2026-07-11 11:59:21,512 - afe.ir.defines - WARNING - In node MLA_0/conv2d_add_relu_327, source_name ['/features/denseblock4/denselayer30/relu1/Relu'], Precision of weights was reduced to avoid numeric saturation. Saturation was detected for integer convolution.
2026-07-11 11:59:21,512 - afe.ir.defines - WARNING - In node MLA_0/conv2d_add_relu_327, source_name ['/features/denseblock4/denselayer30/relu1/Relu'], Weights were set to zero to avoid numeric saturation. Saturation was detected for integer convolution.
2026-07-11 11:59:21,809 - afe.ir.defines - WARNING - In node MLA_0/conv2d_add_relu_331, source_name ['/features/denseblock4/denselayer31/relu1/Relu'], Precision of weights was reduced to avoid numeric saturation. Saturation was detected in the bias term.
2026-07-11 11:59:21,809 - afe.ir.defines - WARNING - In node MLA_0/conv2d_add_relu_331, source_name ['/features/denseblock4/denselayer31/relu1/Relu'], All weights in some channels are zero.  Please consider re-training the model.
2026-07-11 11:59:21,809 - afe.ir.defines - WARNING - In node MLA_0/conv2d_add_relu_331, source_name ['/features/denseblock4/denselayer31/relu1/Relu'], Precision of weights was reduced to avoid numeric saturation. Saturation was detected for integer convolution.
2026-07-11 11:59:21,809 - afe.ir.defines - WARNING - In node MLA_0/conv2d_add_relu_331, source_name ['/features/denseblock4/denselayer31/relu1/Relu'], Weights were set to zero to avoid numeric saturation. Saturation was detected for integer convolution.
2026-07-11 11:59:22,125 - afe.ir.defines - WARNING - In node MLA_0/conv2d_add_relu_335, source_name ['/features/denseblock4/denselayer32/relu1/Relu'], Precision of weights was reduced to avoid numeric saturation. Saturation was detected in the bias term.
2026-07-11 11:59:22,126 - afe.ir.defines - WARNING - In node MLA_0/conv2d_add_relu_335, source_name ['/features/denseblock4/denselayer32/relu1/Relu'], All weights in some channels are zero.  Please consider re-training the model.
2026-07-11 11:59:22,126 - afe.ir.defines - WARNING - In node MLA_0/conv2d_add_relu_335, source_name ['/features/denseblock4/denselayer32/relu1/Relu'], Precision of weights was reduced to avoid numeric saturation. Saturation was detected for integer convolution.
2026-07-11 11:59:22,126 - afe.ir.defines - WARNING - In node MLA_0/conv2d_add_relu_335, source_name ['/features/denseblock4/denselayer32/relu1/Relu'], Weights were set to zero to avoid numeric saturation. Saturation was detected for integer convolution.
2026-07-11 11:59:22,181 - afe.ir.defines - WARNING - In node MLA_0/conv2d_add_relu_339, source_name ['/Relu'], Precision of weights was reduced to avoid numeric saturation. Saturation was detected in the zero point.
Running Calibration ...
Running Calibration ...DONE
Running quantization ...
Running quantization ...DONE
[INFO] Quantized model saved.
[INFO] ------------------------------------------------------------
[INFO] Internal graph structure (for tessellate parameters):
[INFO]   Input node names: ['input']
[INFO]   Output node name: dequantize_1
[INFO]   All nodes:
[INFO]     PLACEHOLDER: input
[INFO] ------------------------------------------------------------
[INFO] Compiling for modalix with batch size 1...
2026-07-11 11:59:26,246 - afe.apis.model - INFO - Compiling quantized net "densenet169"
2026-07-11 11:59:26,384 - afe.core.compile_networks - INFO - The model is split into 1 segments for MLA and APU
2026-07-11 11:59:26,385 - afe.backends.mla.afe_to_n2a_compiler.n2a_compiler_operations - INFO - Stage 1 of 1: compiling for MLA
2026-07-11 11:59:26,467 - mlc.compiler.model_graph.l1_based - INFO - Get model compilation properties
2026-07-11 11:59:26,483 - mlc.compiler.model_graph.l1_based - INFO - Checking if layers fit into memory without splitting
2026-07-11 11:59:26,483 - mlc.compiler.model_graph.l1_based - INFO - Generating the list of feasible layouts
2026-07-11 11:59:26,483 - mlc.compiler.model_graph.l1_based - INFO - Setting layer parameters
2026-07-11 12:00:06,913 - mlc.compiler.model_graph.l1_based - INFO - Setting tile layouts
2026-07-11 12:00:52,856 - mlc.compiler.model_graph.l1_based - INFO - Allocating memory for IFM/OFM tensors
2026-07-11 12:00:54,227 - mlc.compiler.model_graph.l1_based - INFO - Get model compilation properties done
2026-07-11 12:00:54,402 - afe.backends.mla.afe_to_n2a_compiler.n2a_backend_runner - INFO - Start evaluate process to generate check file
2026-07-11 12:00:54,403 - mlc.kernel.layout - INFO - L2 caching mode: L2CachingMode.NONE
2026-07-11 12:00:54,465 - mlc.compiler.model_graph.l1_based - INFO - Generating model code
2026-07-11 12:01:46,322 - mlc.compiler.model_graph.l1_based - INFO - Generating model code done
2026-07-11 12:01:47,178 - mlc.test_util.test_context - INFO - Scheduling instructions
2026-07-11 12:02:52,561 - mlc.test_util.test_context - INFO - Performing DRAM/L2 synchronization
2026-07-11 12:02:55,211 - mlc.test_util.test_context - INFO - Inserting and merging NOPs
2026-07-11 12:02:57,218 - mlc.test_util.test_context - INFO - Setting IQ sync bits
2026-07-11 12:02:57,326 - mlc.test_util.test_context - INFO - Run compression
2026-07-11 12:02:59,231 - mlc.test_util.test_context - INFO - Compression done in 1s. Compression ratio: 0.771
2026-07-11 12:02:59,231 - mlc.test_util.test_context - INFO - Re-allocate dram memory
2026-07-11 12:02:59,358 - mlc.test_util.test_context - INFO - Generating metrics
2026-07-11 12:02:59,881 - mlc.test_util.test_context - INFO - Writing report to MLC file
2026-07-11 12:02:59,881 - mlc.test_util.test_context - INFO - Writing instructions to MLC file
2026-07-11 12:03:14,923 - mlc.test_util.test_context - INFO - Code generation done
2026-07-11 12:03:14,937 - afe.backends.mla.afe_to_n2a_compiler.n2a_compiler_operations - INFO -   Evaluate model and writing chk file done in 16s.
2026-07-11 12:03:29,093 - afe.backends.mpk.interface - INFO - ==============================
2026-07-11 12:03:29,093 - afe.backends.mpk.interface - INFO - Compilation summary:
2026-07-11 12:03:29,093 - afe.backends.mpk.interface - INFO - ------------------------------
2026-07-11 12:03:29,093 - afe.backends.mpk.interface - INFO - Desired batch size: 1
2026-07-11 12:03:29,093 - afe.backends.mpk.interface - INFO - Achieved batch size: 1
2026-07-11 12:03:29,093 - afe.backends.mpk.interface - INFO - ------------------------------
2026-07-11 12:03:29,093 - afe.backends.mpk.interface - INFO - Plugin distribution per backend:
2026-07-11 12:03:29,093 - afe.backends.mpk.interface - INFO - 	MLA : 1
2026-07-11 12:03:29,093 - afe.backends.mpk.interface - INFO - 	EV74: 5
2026-07-11 12:03:29,093 - afe.backends.mpk.interface - INFO - 	A65 : 0
2026-07-11 12:03:29,093 - afe.backends.mpk.interface - INFO - ------------------------------
2026-07-11 12:03:29,093 - afe.backends.mpk.interface - INFO - Generated files: 0_process_mla.json, 0_preproc.json, pipeline_sequence.json, densenet169_mpk.json, 0_quanttess.json, densenet169_stage1_mla.elf, 0_postproc.json, 0_boxdecoder.json, densenet169_stage1_mla_stats.yaml, quantize_compile.py
[INFO] Compilation complete.
