[INFO] ------------------------------------------------------------
[INFO] Model Compiler Version: 2.1.0
[INFO] Python Version: 3.12.3
[INFO] Output Directory: /workspace/demo-neat/model-compilation/work/densenet169/compile/densenet169.surgery
[INFO] ------------------------------------------------------------
[INFO] Preparing ONNX model: /workspace/demo-neat/model-compilation/work/densenet169/surgery/densenet169.surgery.onnx
[INFO] Simplifying with fixed shapes: {'input': [1, 3, 224, 224]}
[INFO] Prepared model saved to: /workspace/demo-neat/model-compilation/work/densenet169/surgery/densenet169.surgery_prepared.onnx
[INFO] Model successfully loaded for modalix
[INFO] Initializing quantization...
[INFO] Loading real calibration data from: /workspace/demo-neat/model-compilation/assets/calibration
2026-07-07 14:02:26,953 - afe.apis.loaded_net - INFO - Quantize loaded net, layout = NCHW, arm_only = False
2026-07-07 14:02:26,953 - afe.apis.loaded_net - INFO - Calibration method = mse
2026-07-07 14:04:56,355 - afe.backends.mla.mla_checkers - INFO - Cannot assign node nn.batch_flatten_342, source_name(['Not available']) to MLA.
	['Some tensors are not 4D. Support for tensors that are not 4D is disabled in the compilation settings.']
2026-07-07 14:05:05,494 - afe.ir.transform.calibration_transforms - INFO - Running Calibration ...
2026-07-07 14:05:17,854 - afe.ir.transform.calibration_transforms - INFO - Calibration progress: completed 1 samples
2026-07-07 14:05:30,704 - afe.ir.transform.calibration_transforms - INFO - Calibration progress: completed 2 samples
2026-07-07 14:05:43,307 - afe.ir.transform.calibration_transforms - INFO - Calibration progress: completed 3 samples
2026-07-07 14:05:57,191 - afe.ir.transform.calibration_transforms - INFO - Calibration progress: completed 4 samples
2026-07-07 14:06:12,497 - afe.ir.transform.calibration_transforms - INFO - Calibration progress: completed 5 samples
2026-07-07 14:06:25,373 - afe.ir.transform.calibration_transforms - INFO - Calibration progress: completed 6 samples
2026-07-07 14:06:37,020 - afe.ir.transform.calibration_transforms - INFO - Calibration progress: completed 7 samples
2026-07-07 14:06:49,471 - afe.ir.transform.calibration_transforms - INFO - Calibration progress: completed 8 samples
2026-07-07 14:06:49,498 - afe.ir.defines - WARNING - In node MLA_0/conv2d_add_relu_0, source_name ['/features/relu0/Relu', '/features/conv0/Conv'], Precision of weights was reduced to avoid numeric saturation. Saturation was detected for integer convolution.
2026-07-07 14:06:49,498 - afe.ir.defines - WARNING - In node MLA_0/conv2d_add_relu_0, source_name ['/features/relu0/Relu', '/features/conv0/Conv'], Weights were set to zero to avoid numeric saturation. Saturation was detected for integer convolution.
2026-07-07 14:06:49,608 - afe.ir.defines - WARNING - In node MLA_0/conv2d_add_relu_2, source_name ['/features/denseblock1/denselayer1/relu1/Relu'], Precision of weights was reduced to avoid numeric saturation. Saturation was detected in the bias term.
2026-07-07 14:06:49,608 - afe.ir.defines - WARNING - In node MLA_0/conv2d_add_relu_2, source_name ['/features/denseblock1/denselayer1/relu1/Relu'], All weights in some channels are zero.  Please consider re-training the model.
2026-07-07 14:06:49,608 - afe.ir.defines - WARNING - In node MLA_0/conv2d_add_relu_2, source_name ['/features/denseblock1/denselayer1/relu1/Relu'], Precision of weights was reduced to avoid numeric saturation. Saturation was detected for integer convolution.
2026-07-07 14:06:49,608 - afe.ir.defines - WARNING - In node MLA_0/conv2d_add_relu_2, source_name ['/features/denseblock1/denselayer1/relu1/Relu'], Weights were set to zero to avoid numeric saturation. Saturation was detected for integer convolution.
2026-07-07 14:06:49,608 - afe.ir.defines - WARNING - In node MLA_0/conv2d_add_relu_2, source_name ['/features/denseblock1/denselayer1/relu1/Relu'], Precision of weights was reduced to avoid numeric saturation. Saturation was detected in the zero point.
2026-07-07 14:06:49,711 - afe.ir.defines - WARNING - In node MLA_0/conv2d_add_relu_10, source_name ['/features/denseblock1/denselayer3/relu1/Relu'], Precision of weights was reduced to avoid numeric saturation. Saturation was detected in the bias term.
2026-07-07 14:06:49,826 - afe.ir.defines - WARNING - In node MLA_0/conv2d_add_relu_14, source_name ['/features/denseblock1/denselayer4/relu1/Relu'], Precision of weights was reduced to avoid numeric saturation. Saturation was detected in the bias term.
2026-07-07 14:06:49,826 - afe.ir.defines - WARNING - In node MLA_0/conv2d_add_relu_14, source_name ['/features/denseblock1/denselayer4/relu1/Relu'], All weights in some channels are zero.  Please consider re-training the model.
2026-07-07 14:06:49,826 - afe.ir.defines - WARNING - In node MLA_0/conv2d_add_relu_14, source_name ['/features/denseblock1/denselayer4/relu1/Relu'], Precision of weights was reduced to avoid numeric saturation. Saturation was detected for integer convolution.
2026-07-07 14:06:49,826 - afe.ir.defines - WARNING - In node MLA_0/conv2d_add_relu_14, source_name ['/features/denseblock1/denselayer4/relu1/Relu'], Weights were set to zero to avoid numeric saturation. Saturation was detected for integer convolution.
2026-07-07 14:06:49,826 - afe.ir.defines - WARNING - In node MLA_0/conv2d_add_relu_14, source_name ['/features/denseblock1/denselayer4/relu1/Relu'], Precision of weights was reduced to avoid numeric saturation. Saturation was detected in the zero point.
2026-07-07 14:06:50,007 - afe.ir.defines - WARNING - In node MLA_0/conv2d_add_relu_18, source_name ['/features/denseblock1/denselayer5/relu1/Relu'], Precision of weights was reduced to avoid numeric saturation. Saturation was detected in the bias term.
2026-07-07 14:06:50,007 - afe.ir.defines - WARNING - In node MLA_0/conv2d_add_relu_18, source_name ['/features/denseblock1/denselayer5/relu1/Relu'], All weights in some channels are zero.  Please consider re-training the model.
2026-07-07 14:06:50,167 - afe.ir.defines - WARNING - In node MLA_0/conv2d_add_relu_22, source_name ['/features/denseblock1/denselayer6/relu1/Relu'], Precision of weights was reduced to avoid numeric saturation. Saturation was detected in the bias term.
2026-07-07 14:06:50,167 - afe.ir.defines - WARNING - In node MLA_0/conv2d_add_relu_22, source_name ['/features/denseblock1/denselayer6/relu1/Relu'], All weights in some channels are zero.  Please consider re-training the model.
2026-07-07 14:06:50,167 - afe.ir.defines - WARNING - In node MLA_0/conv2d_add_relu_22, source_name ['/features/denseblock1/denselayer6/relu1/Relu'], Precision of weights was reduced to avoid numeric saturation. Saturation was detected for integer convolution.
2026-07-07 14:06:50,167 - afe.ir.defines - WARNING - In node MLA_0/conv2d_add_relu_22, source_name ['/features/denseblock1/denselayer6/relu1/Relu'], Weights were set to zero to avoid numeric saturation. Saturation was detected for integer convolution.
2026-07-07 14:06:50,167 - afe.ir.defines - WARNING - In node MLA_0/conv2d_add_relu_22, source_name ['/features/denseblock1/denselayer6/relu1/Relu'], Precision of weights was reduced to avoid numeric saturation. Saturation was detected in the zero point.
2026-07-07 14:06:50,203 - afe.ir.defines - WARNING - In node MLA_0/conv2d_add_relu_26, source_name ['/features/transition1/relu/Relu'], Precision of weights was reduced to avoid numeric saturation. Saturation was detected for integer convolution.
2026-07-07 14:06:50,203 - afe.ir.defines - WARNING - In node MLA_0/conv2d_add_relu_26, source_name ['/features/transition1/relu/Relu'], Weights were set to zero to avoid numeric saturation. Saturation was detected for integer convolution.
2026-07-07 14:06:50,285 - afe.ir.defines - WARNING - In node MLA_0/conv2d_add_relu_29, source_name ['/features/denseblock2/denselayer1/relu1/Relu'], Precision of weights was reduced to avoid numeric saturation. Saturation was detected in the bias term.
2026-07-07 14:06:50,285 - afe.ir.defines - WARNING - In node MLA_0/conv2d_add_relu_29, source_name ['/features/denseblock2/denselayer1/relu1/Relu'], All weights in some channels are zero.  Please consider re-training the model.
2026-07-07 14:06:50,285 - afe.ir.defines - WARNING - In node MLA_0/conv2d_add_relu_29, source_name ['/features/denseblock2/denselayer1/relu1/Relu'], Precision of weights was reduced to avoid numeric saturation. Saturation was detected for integer convolution.
2026-07-07 14:06:50,285 - afe.ir.defines - WARNING - In node MLA_0/conv2d_add_relu_29, source_name ['/features/denseblock2/denselayer1/relu1/Relu'], Weights were set to zero to avoid numeric saturation. Saturation was detected for integer convolution.
2026-07-07 14:06:50,429 - afe.ir.defines - WARNING - In node MLA_0/conv2d_add_relu_37, source_name ['/features/denseblock2/denselayer3/relu1/Relu'], Precision of weights was reduced to avoid numeric saturation. Saturation was detected in the bias term.
2026-07-07 14:06:50,429 - afe.ir.defines - WARNING - In node MLA_0/conv2d_add_relu_37, source_name ['/features/denseblock2/denselayer3/relu1/Relu'], All weights in some channels are zero.  Please consider re-training the model.
2026-07-07 14:06:50,535 - afe.ir.defines - WARNING - In node MLA_0/conv2d_add_relu_41, source_name ['/features/denseblock2/denselayer4/relu1/Relu'], Precision of weights was reduced to avoid numeric saturation. Saturation was detected in the bias term.
2026-07-07 14:06:50,535 - afe.ir.defines - WARNING - In node MLA_0/conv2d_add_relu_41, source_name ['/features/denseblock2/denselayer4/relu1/Relu'], Precision of weights was reduced to avoid numeric saturation. Saturation was detected in the zero point.
2026-07-07 14:06:50,665 - afe.ir.defines - WARNING - In node MLA_0/conv2d_add_relu_45, source_name ['/features/denseblock2/denselayer5/relu1/Relu'], Precision of weights was reduced to avoid numeric saturation. Saturation was detected in the bias term.
2026-07-07 14:06:50,666 - afe.ir.defines - WARNING - In node MLA_0/conv2d_add_relu_45, source_name ['/features/denseblock2/denselayer5/relu1/Relu'], All weights in some channels are zero.  Please consider re-training the model.
2026-07-07 14:06:50,808 - afe.ir.defines - WARNING - In node MLA_0/conv2d_add_relu_49, source_name ['/features/denseblock2/denselayer6/relu1/Relu'], Precision of weights was reduced to avoid numeric saturation. Saturation was detected in the bias term.
2026-07-07 14:06:50,969 - afe.ir.defines - WARNING - In node MLA_0/conv2d_add_relu_53, source_name ['/features/denseblock2/denselayer7/relu1/Relu'], Precision of weights was reduced to avoid numeric saturation. Saturation was detected in the bias term.
2026-07-07 14:06:50,969 - afe.ir.defines - WARNING - In node MLA_0/conv2d_add_relu_53, source_name ['/features/denseblock2/denselayer7/relu1/Relu'], All weights in some channels are zero.  Please consider re-training the model.
2026-07-07 14:06:51,119 - afe.ir.defines - WARNING - In node MLA_0/conv2d_add_relu_57, source_name ['/features/denseblock2/denselayer8/relu1/Relu'], Precision of weights was reduced to avoid numeric saturation. Saturation was detected in the bias term.
2026-07-07 14:06:51,119 - afe.ir.defines - WARNING - In node MLA_0/conv2d_add_relu_57, source_name ['/features/denseblock2/denselayer8/relu1/Relu'], All weights in some channels are zero.  Please consider re-training the model.
2026-07-07 14:06:51,119 - afe.ir.defines - WARNING - In node MLA_0/conv2d_add_relu_57, source_name ['/features/denseblock2/denselayer8/relu1/Relu'], Precision of weights was reduced to avoid numeric saturation. Saturation was detected in the zero point.
2026-07-07 14:06:51,293 - afe.ir.defines - WARNING - In node MLA_0/conv2d_add_relu_61, source_name ['/features/denseblock2/denselayer9/relu1/Relu'], Precision of weights was reduced to avoid numeric saturation. Saturation was detected in the bias term.
2026-07-07 14:06:51,294 - afe.ir.defines - WARNING - In node MLA_0/conv2d_add_relu_61, source_name ['/features/denseblock2/denselayer9/relu1/Relu'], All weights in some channels are zero.  Please consider re-training the model.
2026-07-07 14:06:51,294 - afe.ir.defines - WARNING - In node MLA_0/conv2d_add_relu_61, source_name ['/features/denseblock2/denselayer9/relu1/Relu'], Precision of weights was reduced to avoid numeric saturation. Saturation was detected for integer convolution.
2026-07-07 14:06:51,294 - afe.ir.defines - WARNING - In node MLA_0/conv2d_add_relu_61, source_name ['/features/denseblock2/denselayer9/relu1/Relu'], Weights were set to zero to avoid numeric saturation. Saturation was detected for integer convolution.
2026-07-07 14:06:51,463 - afe.ir.defines - WARNING - In node MLA_0/conv2d_add_relu_65, source_name ['/features/denseblock2/denselayer10/relu1/Relu'], Precision of weights was reduced to avoid numeric saturation. Saturation was detected in the bias term.
2026-07-07 14:06:51,463 - afe.ir.defines - WARNING - In node MLA_0/conv2d_add_relu_65, source_name ['/features/denseblock2/denselayer10/relu1/Relu'], All weights in some channels are zero.  Please consider re-training the model.
2026-07-07 14:06:51,647 - afe.ir.defines - WARNING - In node MLA_0/conv2d_add_relu_69, source_name ['/features/denseblock2/denselayer11/relu1/Relu'], Precision of weights was reduced to avoid numeric saturation. Saturation was detected in the bias term.
2026-07-07 14:06:51,647 - afe.ir.defines - WARNING - In node MLA_0/conv2d_add_relu_69, source_name ['/features/denseblock2/denselayer11/relu1/Relu'], All weights in some channels are zero.  Please consider re-training the model.
2026-07-07 14:06:51,857 - afe.ir.defines - WARNING - In node MLA_0/conv2d_add_relu_73, source_name ['/features/denseblock2/denselayer12/relu1/Relu'], Precision of weights was reduced to avoid numeric saturation. Saturation was detected in the bias term.
2026-07-07 14:06:51,857 - afe.ir.defines - WARNING - In node MLA_0/conv2d_add_relu_73, source_name ['/features/denseblock2/denselayer12/relu1/Relu'], All weights in some channels are zero.  Please consider re-training the model.
2026-07-07 14:06:52,050 - afe.ir.defines - WARNING - In node MLA_0/conv2d_add_relu_77, source_name ['/features/transition2/relu/Relu'], Precision of weights was reduced to avoid numeric saturation. Saturation was detected in the bias term.
2026-07-07 14:06:52,117 - afe.ir.defines - WARNING - In node MLA_0/conv2d_add_relu_80, source_name ['/features/denseblock3/denselayer1/relu1/Relu'], Precision of weights was reduced to avoid numeric saturation. Saturation was detected in the bias term.
2026-07-07 14:06:52,215 - afe.ir.defines - WARNING - In node MLA_0/conv2d_add_relu_84, source_name ['/features/denseblock3/denselayer2/relu1/Relu'], Precision of weights was reduced to avoid numeric saturation. Saturation was detected in the bias term.
2026-07-07 14:06:52,341 - afe.ir.defines - WARNING - In node MLA_0/conv2d_add_relu_88, source_name ['/features/denseblock3/denselayer3/relu1/Relu'], Precision of weights was reduced to avoid numeric saturation. Saturation was detected in the bias term.
2026-07-07 14:06:52,341 - afe.ir.defines - WARNING - In node MLA_0/conv2d_add_relu_88, source_name ['/features/denseblock3/denselayer3/relu1/Relu'], All weights in some channels are zero.  Please consider re-training the model.
2026-07-07 14:06:52,470 - afe.ir.defines - WARNING - In node MLA_0/conv2d_add_relu_92, source_name ['/features/denseblock3/denselayer4/relu1/Relu'], Precision of weights was reduced to avoid numeric saturation. Saturation was detected in the bias term.
2026-07-07 14:06:52,471 - afe.ir.defines - WARNING - In node MLA_0/conv2d_add_relu_92, source_name ['/features/denseblock3/denselayer4/relu1/Relu'], All weights in some channels are zero.  Please consider re-training the model.
2026-07-07 14:06:52,574 - afe.ir.defines - WARNING - In node MLA_0/conv2d_add_relu_96, source_name ['/features/denseblock3/denselayer5/relu1/Relu'], Precision of weights was reduced to avoid numeric saturation. Saturation was detected in the bias term.
2026-07-07 14:06:52,710 - afe.ir.defines - WARNING - In node MLA_0/conv2d_add_relu_100, source_name ['/features/denseblock3/denselayer6/relu1/Relu'], Precision of weights was reduced to avoid numeric saturation. Saturation was detected in the bias term.
2026-07-07 14:06:52,710 - afe.ir.defines - WARNING - In node MLA_0/conv2d_add_relu_100, source_name ['/features/denseblock3/denselayer6/relu1/Relu'], All weights in some channels are zero.  Please consider re-training the model.
2026-07-07 14:06:52,870 - afe.ir.defines - WARNING - In node MLA_0/conv2d_add_relu_104, source_name ['/features/denseblock3/denselayer7/relu1/Relu'], Precision of weights was reduced to avoid numeric saturation. Saturation was detected in the bias term.
2026-07-07 14:06:52,870 - afe.ir.defines - WARNING - In node MLA_0/conv2d_add_relu_104, source_name ['/features/denseblock3/denselayer7/relu1/Relu'], All weights in some channels are zero.  Please consider re-training the model.
2026-07-07 14:06:53,024 - afe.ir.defines - WARNING - In node MLA_0/conv2d_add_relu_108, source_name ['/features/denseblock3/denselayer8/relu1/Relu'], Precision of weights was reduced to avoid numeric saturation. Saturation was detected in the bias term.
2026-07-07 14:06:53,024 - afe.ir.defines - WARNING - In node MLA_0/conv2d_add_relu_108, source_name ['/features/denseblock3/denselayer8/relu1/Relu'], All weights in some channels are zero.  Please consider re-training the model.
2026-07-07 14:06:53,189 - afe.ir.defines - WARNING - In node MLA_0/conv2d_add_relu_112, source_name ['/features/denseblock3/denselayer9/relu1/Relu'], Precision of weights was reduced to avoid numeric saturation. Saturation was detected in the bias term.
2026-07-07 14:06:53,189 - afe.ir.defines - WARNING - In node MLA_0/conv2d_add_relu_112, source_name ['/features/denseblock3/denselayer9/relu1/Relu'], All weights in some channels are zero.  Please consider re-training the model.
2026-07-07 14:06:53,360 - afe.ir.defines - WARNING - In node MLA_0/conv2d_add_relu_116, source_name ['/features/denseblock3/denselayer10/relu1/Relu'], Precision of weights was reduced to avoid numeric saturation. Saturation was detected in the bias term.
2026-07-07 14:06:53,360 - afe.ir.defines - WARNING - In node MLA_0/conv2d_add_relu_116, source_name ['/features/denseblock3/denselayer10/relu1/Relu'], All weights in some channels are zero.  Please consider re-training the model.
2026-07-07 14:06:53,510 - afe.ir.defines - WARNING - In node MLA_0/conv2d_add_relu_120, source_name ['/features/denseblock3/denselayer11/relu1/Relu'], Precision of weights was reduced to avoid numeric saturation. Saturation was detected in the bias term.
2026-07-07 14:06:53,661 - afe.ir.defines - WARNING - In node MLA_0/conv2d_add_relu_124, source_name ['/features/denseblock3/denselayer12/relu1/Relu'], Precision of weights was reduced to avoid numeric saturation. Saturation was detected in the bias term.
2026-07-07 14:06:53,856 - afe.ir.defines - WARNING - In node MLA_0/conv2d_add_relu_128, source_name ['/features/denseblock3/denselayer13/relu1/Relu'], Precision of weights was reduced to avoid numeric saturation. Saturation was detected in the bias term.
2026-07-07 14:06:53,856 - afe.ir.defines - WARNING - In node MLA_0/conv2d_add_relu_128, source_name ['/features/denseblock3/denselayer13/relu1/Relu'], All weights in some channels are zero.  Please consider re-training the model.
2026-07-07 14:06:54,058 - afe.ir.defines - WARNING - In node MLA_0/conv2d_add_relu_132, source_name ['/features/denseblock3/denselayer14/relu1/Relu'], Precision of weights was reduced to avoid numeric saturation. Saturation was detected in the bias term.
2026-07-07 14:06:54,059 - afe.ir.defines - WARNING - In node MLA_0/conv2d_add_relu_132, source_name ['/features/denseblock3/denselayer14/relu1/Relu'], All weights in some channels are zero.  Please consider re-training the model.
2026-07-07 14:06:54,270 - afe.ir.defines - WARNING - In node MLA_0/conv2d_add_relu_136, source_name ['/features/denseblock3/denselayer15/relu1/Relu'], Precision of weights was reduced to avoid numeric saturation. Saturation was detected in the bias term.
2026-07-07 14:06:54,270 - afe.ir.defines - WARNING - In node MLA_0/conv2d_add_relu_136, source_name ['/features/denseblock3/denselayer15/relu1/Relu'], All weights in some channels are zero.  Please consider re-training the model.
2026-07-07 14:06:54,442 - afe.ir.defines - WARNING - In node MLA_0/conv2d_add_relu_140, source_name ['/features/denseblock3/denselayer16/relu1/Relu'], Precision of weights was reduced to avoid numeric saturation. Saturation was detected in the bias term.
2026-07-07 14:06:54,682 - afe.ir.defines - WARNING - In node MLA_0/conv2d_add_relu_144, source_name ['/features/denseblock3/denselayer17/relu1/Relu'], Precision of weights was reduced to avoid numeric saturation. Saturation was detected in the bias term.
2026-07-07 14:06:54,682 - afe.ir.defines - WARNING - In node MLA_0/conv2d_add_relu_144, source_name ['/features/denseblock3/denselayer17/relu1/Relu'], All weights in some channels are zero.  Please consider re-training the model.
2026-07-07 14:06:55,023 - afe.ir.defines - WARNING - In node MLA_0/conv2d_add_relu_148, source_name ['/features/denseblock3/denselayer18/relu1/Relu'], Precision of weights was reduced to avoid numeric saturation. Saturation was detected in the bias term.
2026-07-07 14:06:55,023 - afe.ir.defines - WARNING - In node MLA_0/conv2d_add_relu_148, source_name ['/features/denseblock3/denselayer18/relu1/Relu'], All weights in some channels are zero.  Please consider re-training the model.
2026-07-07 14:06:55,401 - afe.ir.defines - WARNING - In node MLA_0/conv2d_add_relu_152, source_name ['/features/denseblock3/denselayer19/relu1/Relu'], Precision of weights was reduced to avoid numeric saturation. Saturation was detected in the bias term.
2026-07-07 14:06:55,401 - afe.ir.defines - WARNING - In node MLA_0/conv2d_add_relu_152, source_name ['/features/denseblock3/denselayer19/relu1/Relu'], All weights in some channels are zero.  Please consider re-training the model.
2026-07-07 14:06:55,401 - afe.ir.defines - WARNING - In node MLA_0/conv2d_add_relu_152, source_name ['/features/denseblock3/denselayer19/relu1/Relu'], Precision of weights was reduced to avoid numeric saturation. Saturation was detected for integer convolution.
2026-07-07 14:06:55,401 - afe.ir.defines - WARNING - In node MLA_0/conv2d_add_relu_152, source_name ['/features/denseblock3/denselayer19/relu1/Relu'], Weights were set to zero to avoid numeric saturation. Saturation was detected for integer convolution.
2026-07-07 14:06:55,651 - afe.ir.defines - WARNING - In node MLA_0/conv2d_add_relu_156, source_name ['/features/denseblock3/denselayer20/relu1/Relu'], Precision of weights was reduced to avoid numeric saturation. Saturation was detected in the bias term.
2026-07-07 14:06:55,952 - afe.ir.defines - WARNING - In node MLA_0/conv2d_add_relu_160, source_name ['/features/denseblock3/denselayer21/relu1/Relu'], Precision of weights was reduced to avoid numeric saturation. Saturation was detected in the bias term.
2026-07-07 14:06:55,952 - afe.ir.defines - WARNING - In node MLA_0/conv2d_add_relu_160, source_name ['/features/denseblock3/denselayer21/relu1/Relu'], All weights in some channels are zero.  Please consider re-training the model.
2026-07-07 14:06:56,173 - afe.ir.defines - WARNING - In node MLA_0/conv2d_add_relu_164, source_name ['/features/denseblock3/denselayer22/relu1/Relu'], Precision of weights was reduced to avoid numeric saturation. Saturation was detected in the bias term.
2026-07-07 14:06:56,446 - afe.ir.defines - WARNING - In node MLA_0/conv2d_add_relu_168, source_name ['/features/denseblock3/denselayer23/relu1/Relu'], Precision of weights was reduced to avoid numeric saturation. Saturation was detected in the bias term.
2026-07-07 14:06:56,446 - afe.ir.defines - WARNING - In node MLA_0/conv2d_add_relu_168, source_name ['/features/denseblock3/denselayer23/relu1/Relu'], All weights in some channels are zero.  Please consider re-training the model.
2026-07-07 14:06:56,716 - afe.ir.defines - WARNING - In node MLA_0/conv2d_add_relu_172, source_name ['/features/denseblock3/denselayer24/relu1/Relu'], Precision of weights was reduced to avoid numeric saturation. Saturation was detected in the bias term.
2026-07-07 14:06:56,716 - afe.ir.defines - WARNING - In node MLA_0/conv2d_add_relu_172, source_name ['/features/denseblock3/denselayer24/relu1/Relu'], All weights in some channels are zero.  Please consider re-training the model.
2026-07-07 14:06:56,984 - afe.ir.defines - WARNING - In node MLA_0/conv2d_add_relu_176, source_name ['/features/denseblock3/denselayer25/relu1/Relu'], Precision of weights was reduced to avoid numeric saturation. Saturation was detected in the bias term.
2026-07-07 14:06:56,984 - afe.ir.defines - WARNING - In node MLA_0/conv2d_add_relu_176, source_name ['/features/denseblock3/denselayer25/relu1/Relu'], All weights in some channels are zero.  Please consider re-training the model.
2026-07-07 14:06:57,247 - afe.ir.defines - WARNING - In node MLA_0/conv2d_add_relu_180, source_name ['/features/denseblock3/denselayer26/relu1/Relu'], Precision of weights was reduced to avoid numeric saturation. Saturation was detected in the bias term.
2026-07-07 14:06:57,247 - afe.ir.defines - WARNING - In node MLA_0/conv2d_add_relu_180, source_name ['/features/denseblock3/denselayer26/relu1/Relu'], All weights in some channels are zero.  Please consider re-training the model.
2026-07-07 14:06:57,516 - afe.ir.defines - WARNING - In node MLA_0/conv2d_add_relu_184, source_name ['/features/denseblock3/denselayer27/relu1/Relu'], Precision of weights was reduced to avoid numeric saturation. Saturation was detected in the bias term.
2026-07-07 14:06:57,516 - afe.ir.defines - WARNING - In node MLA_0/conv2d_add_relu_184, source_name ['/features/denseblock3/denselayer27/relu1/Relu'], All weights in some channels are zero.  Please consider re-training the model.
2026-07-07 14:06:57,779 - afe.ir.defines - WARNING - In node MLA_0/conv2d_add_relu_188, source_name ['/features/denseblock3/denselayer28/relu1/Relu'], Precision of weights was reduced to avoid numeric saturation. Saturation was detected in the bias term.
2026-07-07 14:06:57,779 - afe.ir.defines - WARNING - In node MLA_0/conv2d_add_relu_188, source_name ['/features/denseblock3/denselayer28/relu1/Relu'], All weights in some channels are zero.  Please consider re-training the model.
2026-07-07 14:06:58,052 - afe.ir.defines - WARNING - In node MLA_0/conv2d_add_relu_192, source_name ['/features/denseblock3/denselayer29/relu1/Relu'], Precision of weights was reduced to avoid numeric saturation. Saturation was detected in the bias term.
2026-07-07 14:06:58,052 - afe.ir.defines - WARNING - In node MLA_0/conv2d_add_relu_192, source_name ['/features/denseblock3/denselayer29/relu1/Relu'], All weights in some channels are zero.  Please consider re-training the model.
2026-07-07 14:06:58,334 - afe.ir.defines - WARNING - In node MLA_0/conv2d_add_relu_196, source_name ['/features/denseblock3/denselayer30/relu1/Relu'], Precision of weights was reduced to avoid numeric saturation. Saturation was detected in the bias term.
2026-07-07 14:06:58,334 - afe.ir.defines - WARNING - In node MLA_0/conv2d_add_relu_196, source_name ['/features/denseblock3/denselayer30/relu1/Relu'], All weights in some channels are zero.  Please consider re-training the model.
2026-07-07 14:06:58,634 - afe.ir.defines - WARNING - In node MLA_0/conv2d_add_relu_200, source_name ['/features/denseblock3/denselayer31/relu1/Relu'], Precision of weights was reduced to avoid numeric saturation. Saturation was detected in the bias term.
2026-07-07 14:06:58,634 - afe.ir.defines - WARNING - In node MLA_0/conv2d_add_relu_200, source_name ['/features/denseblock3/denselayer31/relu1/Relu'], All weights in some channels are zero.  Please consider re-training the model.
2026-07-07 14:06:58,934 - afe.ir.defines - WARNING - In node MLA_0/conv2d_add_relu_204, source_name ['/features/denseblock3/denselayer32/relu1/Relu'], Precision of weights was reduced to avoid numeric saturation. Saturation was detected in the bias term.
2026-07-07 14:06:58,934 - afe.ir.defines - WARNING - In node MLA_0/conv2d_add_relu_204, source_name ['/features/denseblock3/denselayer32/relu1/Relu'], All weights in some channels are zero.  Please consider re-training the model.
2026-07-07 14:06:59,106 - afe.ir.defines - WARNING - In node MLA_0/conv2d_add_relu_211, source_name ['/features/denseblock4/denselayer1/relu1/Relu'], Precision of weights was reduced to avoid numeric saturation. Saturation was detected in the bias term.
2026-07-07 14:06:59,236 - afe.ir.defines - WARNING - In node MLA_0/conv2d_add_relu_215, source_name ['/features/denseblock4/denselayer2/relu1/Relu'], Precision of weights was reduced to avoid numeric saturation. Saturation was detected in the bias term.
2026-07-07 14:06:59,423 - afe.ir.defines - WARNING - In node MLA_0/conv2d_add_relu_219, source_name ['/features/denseblock4/denselayer3/relu1/Relu'], Precision of weights was reduced to avoid numeric saturation. Saturation was detected in the bias term.
2026-07-07 14:06:59,423 - afe.ir.defines - WARNING - In node MLA_0/conv2d_add_relu_219, source_name ['/features/denseblock4/denselayer3/relu1/Relu'], All weights in some channels are zero.  Please consider re-training the model.
2026-07-07 14:06:59,615 - afe.ir.defines - WARNING - In node MLA_0/conv2d_add_relu_223, source_name ['/features/denseblock4/denselayer4/relu1/Relu'], Precision of weights was reduced to avoid numeric saturation. Saturation was detected in the bias term.
2026-07-07 14:06:59,615 - afe.ir.defines - WARNING - In node MLA_0/conv2d_add_relu_223, source_name ['/features/denseblock4/denselayer4/relu1/Relu'], All weights in some channels are zero.  Please consider re-training the model.
2026-07-07 14:06:59,780 - afe.ir.defines - WARNING - In node MLA_0/conv2d_add_relu_227, source_name ['/features/denseblock4/denselayer5/relu1/Relu'], Precision of weights was reduced to avoid numeric saturation. Saturation was detected in the bias term.
2026-07-07 14:06:59,998 - afe.ir.defines - WARNING - In node MLA_0/conv2d_add_relu_231, source_name ['/features/denseblock4/denselayer6/relu1/Relu'], Precision of weights was reduced to avoid numeric saturation. Saturation was detected in the bias term.
2026-07-07 14:06:59,998 - afe.ir.defines - WARNING - In node MLA_0/conv2d_add_relu_231, source_name ['/features/denseblock4/denselayer6/relu1/Relu'], All weights in some channels are zero.  Please consider re-training the model.
2026-07-07 14:07:00,251 - afe.ir.defines - WARNING - In node MLA_0/conv2d_add_relu_235, source_name ['/features/denseblock4/denselayer7/relu1/Relu'], Precision of weights was reduced to avoid numeric saturation. Saturation was detected in the bias term.
2026-07-07 14:07:00,251 - afe.ir.defines - WARNING - In node MLA_0/conv2d_add_relu_235, source_name ['/features/denseblock4/denselayer7/relu1/Relu'], All weights in some channels are zero.  Please consider re-training the model.
2026-07-07 14:07:00,521 - afe.ir.defines - WARNING - In node MLA_0/conv2d_add_relu_239, source_name ['/features/denseblock4/denselayer8/relu1/Relu'], Precision of weights was reduced to avoid numeric saturation. Saturation was detected in the bias term.
2026-07-07 14:07:00,521 - afe.ir.defines - WARNING - In node MLA_0/conv2d_add_relu_239, source_name ['/features/denseblock4/denselayer8/relu1/Relu'], All weights in some channels are zero.  Please consider re-training the model.
2026-07-07 14:07:00,806 - afe.ir.defines - WARNING - In node MLA_0/conv2d_add_relu_243, source_name ['/features/denseblock4/denselayer9/relu1/Relu'], Precision of weights was reduced to avoid numeric saturation. Saturation was detected in the bias term.
2026-07-07 14:07:01,083 - afe.ir.defines - WARNING - In node MLA_0/conv2d_add_relu_247, source_name ['/features/denseblock4/denselayer10/relu1/Relu'], Precision of weights was reduced to avoid numeric saturation. Saturation was detected in the bias term.
2026-07-07 14:07:01,345 - afe.ir.defines - WARNING - In node MLA_0/conv2d_add_relu_251, source_name ['/features/denseblock4/denselayer11/relu1/Relu'], Precision of weights was reduced to avoid numeric saturation. Saturation was detected in the bias term.
2026-07-07 14:07:01,640 - afe.ir.defines - WARNING - In node MLA_0/conv2d_add_relu_255, source_name ['/features/denseblock4/denselayer12/relu1/Relu'], Precision of weights was reduced to avoid numeric saturation. Saturation was detected in the bias term.
2026-07-07 14:07:01,640 - afe.ir.defines - WARNING - In node MLA_0/conv2d_add_relu_255, source_name ['/features/denseblock4/denselayer12/relu1/Relu'], All weights in some channels are zero.  Please consider re-training the model.
2026-07-07 14:07:01,640 - afe.ir.defines - WARNING - In node MLA_0/conv2d_add_relu_255, source_name ['/features/denseblock4/denselayer12/relu1/Relu'], Precision of weights was reduced to avoid numeric saturation. Saturation was detected in the zero point.
2026-07-07 14:07:01,850 - afe.ir.defines - WARNING - In node MLA_0/conv2d_add_relu_259, source_name ['/features/denseblock4/denselayer13/relu1/Relu'], Precision of weights was reduced to avoid numeric saturation. Saturation was detected in the bias term.
2026-07-07 14:07:02,148 - afe.ir.defines - WARNING - In node MLA_0/conv2d_add_relu_263, source_name ['/features/denseblock4/denselayer14/relu1/Relu'], Precision of weights was reduced to avoid numeric saturation. Saturation was detected in the bias term.
2026-07-07 14:07:02,148 - afe.ir.defines - WARNING - In node MLA_0/conv2d_add_relu_263, source_name ['/features/denseblock4/denselayer14/relu1/Relu'], All weights in some channels are zero.  Please consider re-training the model.
2026-07-07 14:07:02,468 - afe.ir.defines - WARNING - In node MLA_0/conv2d_add_relu_267, source_name ['/features/denseblock4/denselayer15/relu1/Relu'], Precision of weights was reduced to avoid numeric saturation. Saturation was detected in the bias term.
2026-07-07 14:07:02,468 - afe.ir.defines - WARNING - In node MLA_0/conv2d_add_relu_267, source_name ['/features/denseblock4/denselayer15/relu1/Relu'], All weights in some channels are zero.  Please consider re-training the model.
2026-07-07 14:07:02,911 - afe.ir.defines - WARNING - In node MLA_0/conv2d_add_relu_271, source_name ['/features/denseblock4/denselayer16/relu1/Relu'], Precision of weights was reduced to avoid numeric saturation. Saturation was detected in the bias term.
2026-07-07 14:07:02,911 - afe.ir.defines - WARNING - In node MLA_0/conv2d_add_relu_271, source_name ['/features/denseblock4/denselayer16/relu1/Relu'], All weights in some channels are zero.  Please consider re-training the model.
2026-07-07 14:07:02,911 - afe.ir.defines - WARNING - In node MLA_0/conv2d_add_relu_271, source_name ['/features/denseblock4/denselayer16/relu1/Relu'], Precision of weights was reduced to avoid numeric saturation. Saturation was detected for integer convolution.
2026-07-07 14:07:02,911 - afe.ir.defines - WARNING - In node MLA_0/conv2d_add_relu_271, source_name ['/features/denseblock4/denselayer16/relu1/Relu'], Weights were set to zero to avoid numeric saturation. Saturation was detected for integer convolution.
2026-07-07 14:07:03,326 - afe.ir.defines - WARNING - In node MLA_0/conv2d_add_relu_275, source_name ['/features/denseblock4/denselayer17/relu1/Relu'], Precision of weights was reduced to avoid numeric saturation. Saturation was detected in the bias term.
2026-07-07 14:07:03,326 - afe.ir.defines - WARNING - In node MLA_0/conv2d_add_relu_275, source_name ['/features/denseblock4/denselayer17/relu1/Relu'], All weights in some channels are zero.  Please consider re-training the model.
2026-07-07 14:07:03,326 - afe.ir.defines - WARNING - In node MLA_0/conv2d_add_relu_275, source_name ['/features/denseblock4/denselayer17/relu1/Relu'], Precision of weights was reduced to avoid numeric saturation. Saturation was detected for integer convolution.
2026-07-07 14:07:03,326 - afe.ir.defines - WARNING - In node MLA_0/conv2d_add_relu_275, source_name ['/features/denseblock4/denselayer17/relu1/Relu'], Weights were set to zero to avoid numeric saturation. Saturation was detected for integer convolution.
2026-07-07 14:07:03,638 - afe.ir.defines - WARNING - In node MLA_0/conv2d_add_relu_279, source_name ['/features/denseblock4/denselayer18/relu1/Relu'], Precision of weights was reduced to avoid numeric saturation. Saturation was detected in the bias term.
2026-07-07 14:07:03,638 - afe.ir.defines - WARNING - In node MLA_0/conv2d_add_relu_279, source_name ['/features/denseblock4/denselayer18/relu1/Relu'], All weights in some channels are zero.  Please consider re-training the model.
2026-07-07 14:07:03,959 - afe.ir.defines - WARNING - In node MLA_0/conv2d_add_relu_283, source_name ['/features/denseblock4/denselayer19/relu1/Relu'], Precision of weights was reduced to avoid numeric saturation. Saturation was detected in the bias term.
2026-07-07 14:07:03,959 - afe.ir.defines - WARNING - In node MLA_0/conv2d_add_relu_283, source_name ['/features/denseblock4/denselayer19/relu1/Relu'], All weights in some channels are zero.  Please consider re-training the model.
2026-07-07 14:07:04,284 - afe.ir.defines - WARNING - In node MLA_0/conv2d_add_relu_287, source_name ['/features/denseblock4/denselayer20/relu1/Relu'], Precision of weights was reduced to avoid numeric saturation. Saturation was detected in the bias term.
2026-07-07 14:07:04,284 - afe.ir.defines - WARNING - In node MLA_0/conv2d_add_relu_287, source_name ['/features/denseblock4/denselayer20/relu1/Relu'], All weights in some channels are zero.  Please consider re-training the model.
2026-07-07 14:07:04,621 - afe.ir.defines - WARNING - In node MLA_0/conv2d_add_relu_291, source_name ['/features/denseblock4/denselayer21/relu1/Relu'], Precision of weights was reduced to avoid numeric saturation. Saturation was detected in the bias term.
2026-07-07 14:07:04,621 - afe.ir.defines - WARNING - In node MLA_0/conv2d_add_relu_291, source_name ['/features/denseblock4/denselayer21/relu1/Relu'], All weights in some channels are zero.  Please consider re-training the model.
2026-07-07 14:07:05,170 - afe.ir.defines - WARNING - In node MLA_0/conv2d_add_relu_295, source_name ['/features/denseblock4/denselayer22/relu1/Relu'], Precision of weights was reduced to avoid numeric saturation. Saturation was detected in the bias term.
2026-07-07 14:07:05,171 - afe.ir.defines - WARNING - In node MLA_0/conv2d_add_relu_295, source_name ['/features/denseblock4/denselayer22/relu1/Relu'], All weights in some channels are zero.  Please consider re-training the model.
2026-07-07 14:07:05,707 - afe.ir.defines - WARNING - In node MLA_0/conv2d_add_relu_299, source_name ['/features/denseblock4/denselayer23/relu1/Relu'], Precision of weights was reduced to avoid numeric saturation. Saturation was detected in the bias term.
2026-07-07 14:07:05,707 - afe.ir.defines - WARNING - In node MLA_0/conv2d_add_relu_299, source_name ['/features/denseblock4/denselayer23/relu1/Relu'], All weights in some channels are zero.  Please consider re-training the model.
2026-07-07 14:07:05,707 - afe.ir.defines - WARNING - In node MLA_0/conv2d_add_relu_299, source_name ['/features/denseblock4/denselayer23/relu1/Relu'], Precision of weights was reduced to avoid numeric saturation. Saturation was detected for integer convolution.
2026-07-07 14:07:05,707 - afe.ir.defines - WARNING - In node MLA_0/conv2d_add_relu_299, source_name ['/features/denseblock4/denselayer23/relu1/Relu'], Weights were set to zero to avoid numeric saturation. Saturation was detected for integer convolution.
2026-07-07 14:07:06,394 - afe.ir.defines - WARNING - In node MLA_0/conv2d_add_relu_303, source_name ['/features/denseblock4/denselayer24/relu1/Relu'], Precision of weights was reduced to avoid numeric saturation. Saturation was detected in the bias term.
2026-07-07 14:07:06,395 - afe.ir.defines - WARNING - In node MLA_0/conv2d_add_relu_303, source_name ['/features/denseblock4/denselayer24/relu1/Relu'], All weights in some channels are zero.  Please consider re-training the model.
2026-07-07 14:07:06,395 - afe.ir.defines - WARNING - In node MLA_0/conv2d_add_relu_303, source_name ['/features/denseblock4/denselayer24/relu1/Relu'], Precision of weights was reduced to avoid numeric saturation. Saturation was detected for integer convolution.
2026-07-07 14:07:06,395 - afe.ir.defines - WARNING - In node MLA_0/conv2d_add_relu_303, source_name ['/features/denseblock4/denselayer24/relu1/Relu'], Weights were set to zero to avoid numeric saturation. Saturation was detected for integer convolution.
2026-07-07 14:07:06,928 - afe.ir.defines - WARNING - In node MLA_0/conv2d_add_relu_307, source_name ['/features/denseblock4/denselayer25/relu1/Relu'], Precision of weights was reduced to avoid numeric saturation. Saturation was detected in the bias term.
2026-07-07 14:07:06,928 - afe.ir.defines - WARNING - In node MLA_0/conv2d_add_relu_307, source_name ['/features/denseblock4/denselayer25/relu1/Relu'], All weights in some channels are zero.  Please consider re-training the model.
2026-07-07 14:07:06,928 - afe.ir.defines - WARNING - In node MLA_0/conv2d_add_relu_307, source_name ['/features/denseblock4/denselayer25/relu1/Relu'], Precision of weights was reduced to avoid numeric saturation. Saturation was detected for integer convolution.
2026-07-07 14:07:06,928 - afe.ir.defines - WARNING - In node MLA_0/conv2d_add_relu_307, source_name ['/features/denseblock4/denselayer25/relu1/Relu'], Weights were set to zero to avoid numeric saturation. Saturation was detected for integer convolution.
2026-07-07 14:07:07,309 - afe.ir.defines - WARNING - In node MLA_0/conv2d_add_relu_311, source_name ['/features/denseblock4/denselayer26/relu1/Relu'], Precision of weights was reduced to avoid numeric saturation. Saturation was detected in the bias term.
2026-07-07 14:07:07,310 - afe.ir.defines - WARNING - In node MLA_0/conv2d_add_relu_311, source_name ['/features/denseblock4/denselayer26/relu1/Relu'], All weights in some channels are zero.  Please consider re-training the model.
2026-07-07 14:07:07,310 - afe.ir.defines - WARNING - In node MLA_0/conv2d_add_relu_311, source_name ['/features/denseblock4/denselayer26/relu1/Relu'], Precision of weights was reduced to avoid numeric saturation. Saturation was detected for integer convolution.
2026-07-07 14:07:07,310 - afe.ir.defines - WARNING - In node MLA_0/conv2d_add_relu_311, source_name ['/features/denseblock4/denselayer26/relu1/Relu'], Weights were set to zero to avoid numeric saturation. Saturation was detected for integer convolution.
2026-07-07 14:07:07,696 - afe.ir.defines - WARNING - In node MLA_0/conv2d_add_relu_315, source_name ['/features/denseblock4/denselayer27/relu1/Relu'], Precision of weights was reduced to avoid numeric saturation. Saturation was detected in the bias term.
2026-07-07 14:07:07,696 - afe.ir.defines - WARNING - In node MLA_0/conv2d_add_relu_315, source_name ['/features/denseblock4/denselayer27/relu1/Relu'], All weights in some channels are zero.  Please consider re-training the model.
2026-07-07 14:07:08,088 - afe.ir.defines - WARNING - In node MLA_0/conv2d_add_relu_319, source_name ['/features/denseblock4/denselayer28/relu1/Relu'], Precision of weights was reduced to avoid numeric saturation. Saturation was detected in the bias term.
2026-07-07 14:07:08,088 - afe.ir.defines - WARNING - In node MLA_0/conv2d_add_relu_319, source_name ['/features/denseblock4/denselayer28/relu1/Relu'], All weights in some channels are zero.  Please consider re-training the model.
2026-07-07 14:07:08,484 - afe.ir.defines - WARNING - In node MLA_0/conv2d_add_relu_323, source_name ['/features/denseblock4/denselayer29/relu1/Relu'], Precision of weights was reduced to avoid numeric saturation. Saturation was detected in the bias term.
2026-07-07 14:07:08,484 - afe.ir.defines - WARNING - In node MLA_0/conv2d_add_relu_323, source_name ['/features/denseblock4/denselayer29/relu1/Relu'], All weights in some channels are zero.  Please consider re-training the model.
2026-07-07 14:07:08,893 - afe.ir.defines - WARNING - In node MLA_0/conv2d_add_relu_327, source_name ['/features/denseblock4/denselayer30/relu1/Relu'], Precision of weights was reduced to avoid numeric saturation. Saturation was detected in the bias term.
2026-07-07 14:07:08,893 - afe.ir.defines - WARNING - In node MLA_0/conv2d_add_relu_327, source_name ['/features/denseblock4/denselayer30/relu1/Relu'], All weights in some channels are zero.  Please consider re-training the model.
2026-07-07 14:07:08,893 - afe.ir.defines - WARNING - In node MLA_0/conv2d_add_relu_327, source_name ['/features/denseblock4/denselayer30/relu1/Relu'], Precision of weights was reduced to avoid numeric saturation. Saturation was detected for integer convolution.
2026-07-07 14:07:08,894 - afe.ir.defines - WARNING - In node MLA_0/conv2d_add_relu_327, source_name ['/features/denseblock4/denselayer30/relu1/Relu'], Weights were set to zero to avoid numeric saturation. Saturation was detected for integer convolution.
2026-07-07 14:07:09,341 - afe.ir.defines - WARNING - In node MLA_0/conv2d_add_relu_331, source_name ['/features/denseblock4/denselayer31/relu1/Relu'], Precision of weights was reduced to avoid numeric saturation. Saturation was detected in the bias term.
2026-07-07 14:07:09,342 - afe.ir.defines - WARNING - In node MLA_0/conv2d_add_relu_331, source_name ['/features/denseblock4/denselayer31/relu1/Relu'], All weights in some channels are zero.  Please consider re-training the model.
2026-07-07 14:07:09,342 - afe.ir.defines - WARNING - In node MLA_0/conv2d_add_relu_331, source_name ['/features/denseblock4/denselayer31/relu1/Relu'], Precision of weights was reduced to avoid numeric saturation. Saturation was detected for integer convolution.
2026-07-07 14:07:09,342 - afe.ir.defines - WARNING - In node MLA_0/conv2d_add_relu_331, source_name ['/features/denseblock4/denselayer31/relu1/Relu'], Weights were set to zero to avoid numeric saturation. Saturation was detected for integer convolution.
2026-07-07 14:07:09,777 - afe.ir.defines - WARNING - In node MLA_0/conv2d_add_relu_335, source_name ['/features/denseblock4/denselayer32/relu1/Relu'], Precision of weights was reduced to avoid numeric saturation. Saturation was detected in the bias term.
2026-07-07 14:07:09,777 - afe.ir.defines - WARNING - In node MLA_0/conv2d_add_relu_335, source_name ['/features/denseblock4/denselayer32/relu1/Relu'], All weights in some channels are zero.  Please consider re-training the model.
2026-07-07 14:07:09,777 - afe.ir.defines - WARNING - In node MLA_0/conv2d_add_relu_335, source_name ['/features/denseblock4/denselayer32/relu1/Relu'], Precision of weights was reduced to avoid numeric saturation. Saturation was detected for integer convolution.
2026-07-07 14:07:09,777 - afe.ir.defines - WARNING - In node MLA_0/conv2d_add_relu_335, source_name ['/features/denseblock4/denselayer32/relu1/Relu'], Weights were set to zero to avoid numeric saturation. Saturation was detected for integer convolution.
2026-07-07 14:07:09,850 - afe.ir.defines - WARNING - In node MLA_0/conv2d_add_relu_339, source_name ['/Relu'], Precision of weights was reduced to avoid numeric saturation. Saturation was detected in the zero point.
Running Calibration ...
Running Calibration ...DONE
Running quantization ...
Running quantization ...DONE
[INFO] Quantized model saved.
[INFO] ------------------------------------------------------------
[INFO] Internal graph structure (for tessellate parameters):
[INFO]   Input node names: ['input']
[INFO]   Output node name: dequantize_1
[INFO]   All nodes:
[INFO]     PLACEHOLDER: input
[INFO] ------------------------------------------------------------
[INFO] Compiling for modalix with batch size 1...
2026-07-07 14:07:15,974 - afe.apis.model - INFO - Compiling quantized net "densenet169.surgery"
2026-07-07 14:07:16,188 - afe.core.compile_networks - INFO - The model is split into 1 segments for MLA and APU
2026-07-07 14:07:16,189 - afe.backends.mla.afe_to_n2a_compiler.n2a_compiler_operations - INFO - Stage 1 of 1: compiling for MLA
2026-07-07 14:07:16,306 - mlc.compiler.model_graph.l1_based - INFO - Get model compilation properties
2026-07-07 14:07:16,324 - mlc.compiler.model_graph.l1_based - INFO - Checking if layers fit into memory without splitting
2026-07-07 14:07:16,324 - mlc.compiler.model_graph.l1_based - INFO - Generating the list of feasible layouts
2026-07-07 14:07:16,324 - mlc.compiler.model_graph.l1_based - INFO - Setting layer parameters
2026-07-07 14:08:18,620 - mlc.compiler.model_graph.l1_based - INFO - Setting tile layouts
2026-07-07 14:09:25,294 - mlc.compiler.model_graph.l1_based - INFO - Allocating memory for IFM/OFM tensors
2026-07-07 14:09:27,344 - mlc.compiler.model_graph.l1_based - INFO - Get model compilation properties done
2026-07-07 14:09:27,587 - afe.backends.mla.afe_to_n2a_compiler.n2a_backend_runner - INFO - Start evaluate process to generate check file
2026-07-07 14:09:27,588 - mlc.kernel.layout - INFO - L2 caching mode: L2CachingMode.NONE
2026-07-07 14:09:27,663 - mlc.compiler.model_graph.l1_based - INFO - Generating model code
2026-07-07 14:10:31,880 - mlc.compiler.model_graph.l1_based - INFO - Generating model code done
2026-07-07 14:10:32,708 - mlc.test_util.test_context - INFO - Scheduling instructions
2026-07-07 14:11:49,282 - mlc.test_util.test_context - INFO - Performing DRAM/L2 synchronization
2026-07-07 14:11:53,132 - mlc.test_util.test_context - INFO - Inserting and merging NOPs
2026-07-07 14:11:55,918 - mlc.test_util.test_context - INFO - Setting IQ sync bits
2026-07-07 14:11:56,080 - mlc.test_util.test_context - INFO - Run compression
2026-07-07 14:11:59,183 - mlc.test_util.test_context - INFO - Compression done in 3s. Compression ratio: 0.77
2026-07-07 14:11:59,183 - mlc.test_util.test_context - INFO - Re-allocate dram memory
2026-07-07 14:11:59,385 - mlc.test_util.test_context - INFO - Generating metrics
2026-07-07 14:12:00,147 - mlc.test_util.test_context - INFO - Writing report to MLC file
2026-07-07 14:12:00,147 - mlc.test_util.test_context - INFO - Writing instructions to MLC file
2026-07-07 14:12:25,502 - mlc.test_util.test_context - INFO - Code generation done
2026-07-07 14:12:25,519 - afe.backends.mla.afe_to_n2a_compiler.n2a_compiler_operations - INFO -   Evaluate model and writing chk file done in 20s.
2026-07-07 14:12:48,667 - afe.backends.mpk.interface - INFO - ==============================
2026-07-07 14:12:48,667 - afe.backends.mpk.interface - INFO - Compilation summary:
2026-07-07 14:12:48,667 - afe.backends.mpk.interface - INFO - ------------------------------
2026-07-07 14:12:48,667 - afe.backends.mpk.interface - INFO - Desired batch size: 1
2026-07-07 14:12:48,667 - afe.backends.mpk.interface - INFO - Achieved batch size: 1
2026-07-07 14:12:48,667 - afe.backends.mpk.interface - INFO - ------------------------------
2026-07-07 14:12:48,667 - afe.backends.mpk.interface - INFO - Plugin distribution per backend:
2026-07-07 14:12:48,667 - afe.backends.mpk.interface - INFO - 	MLA : 1
2026-07-07 14:12:48,667 - afe.backends.mpk.interface - INFO - 	EV74: 5
2026-07-07 14:12:48,667 - afe.backends.mpk.interface - INFO - 	A65 : 0
2026-07-07 14:12:48,667 - afe.backends.mpk.interface - INFO - ------------------------------
2026-07-07 14:12:48,667 - afe.backends.mpk.interface - INFO - Generated files: 0_process_mla.json, 0_preproc.json, densenet169.surgery_mpk.json, pipeline_sequence.json, densenet169.surgery_stage1_mla_stats.yaml, 0_quanttess.json, 0_postproc.json, 0_boxdecoder.json, densenet169.surgery_stage1_mla.elf, quantize_compile.py
[INFO] Compilation complete.
