/sdk-extensions/model-compiler/lib/python3.12/site-packages/torch/functional.py:512: UserWarning: torch.meshgrid: in an upcoming release, it will be required to pass the indexing argument. (Triggered internally at ../aten/src/ATen/native/TensorShape.cpp:3587.)
  return _VF.meshgrid(tensors, **kwargs)  # type: ignore[attr-defined]
Downloading: "https://download.pytorch.org/models/maxvit_t-bc5ab103.pth" to /home/surajmaurya/.cache/torch/hub/checkpoints/maxvit_t-bc5ab103.pth

  0%|          | 0.00/119M [00:00<?, ?B/s]
  0%|          | 128k/119M [00:00<07:13, 287kB/s]
  0%|          | 256k/119M [00:00<04:40, 443kB/s]
  0%|          | 384k/119M [00:00<03:21, 615kB/s]
  1%|          | 640k/119M [00:00<02:08, 965kB/s]
  1%|          | 1.00M/119M [00:01<01:21, 1.52MB/s]
  1%|▏         | 1.50M/119M [00:01<00:54, 2.27MB/s]
  2%|▏         | 2.12M/119M [00:01<00:37, 3.29MB/s]
  3%|▎         | 3.00M/119M [00:01<00:25, 4.75MB/s]
  4%|▎         | 4.25M/119M [00:01<00:17, 6.80MB/s]
  5%|▍         | 5.62M/119M [00:01<00:13, 8.67MB/s]
  6%|▌         | 7.00M/119M [00:01<00:11, 10.1MB/s]
  7%|▋         | 8.38M/119M [00:01<00:10, 11.2MB/s]
  8%|▊         | 9.88M/119M [00:01<00:09, 12.2MB/s]
  9%|▉         | 11.2M/119M [00:02<00:08, 12.7MB/s]
 11%|█         | 12.8M/119M [00:02<00:08, 13.2MB/s]
 12%|█▏        | 14.2M/119M [00:02<00:08, 13.7MB/s]
 13%|█▎        | 15.6M/119M [00:02<00:07, 13.9MB/s]
 14%|█▍        | 17.0M/119M [00:02<00:07, 13.7MB/s]
 15%|█▌        | 18.4M/119M [00:02<00:07, 13.9MB/s]
 17%|█▋        | 19.9M/119M [00:02<00:07, 14.1MB/s]
 18%|█▊        | 21.4M/119M [00:02<00:07, 14.3MB/s]
 19%|█▉        | 22.8M/119M [00:03<00:10, 9.44MB/s]
 20%|██        | 24.0M/119M [00:03<00:14, 6.79MB/s]
 22%|██▏       | 25.8M/119M [00:03<00:11, 8.71MB/s]
 23%|██▎       | 27.0M/119M [00:03<00:10, 8.95MB/s]
 24%|██▎       | 28.1M/119M [00:03<00:12, 7.32MB/s]
 25%|██▍       | 29.1M/119M [00:03<00:12, 7.33MB/s]
 25%|██▌       | 30.2M/119M [00:04<00:11, 8.08MB/s]
 26%|██▋       | 31.2M/119M [00:04<00:14, 6.33MB/s]
 28%|██▊       | 32.8M/119M [00:04<00:11, 7.73MB/s]
 28%|██▊       | 33.8M/119M [00:04<00:13, 6.39MB/s]
 30%|██▉       | 35.1M/119M [00:04<00:11, 7.62MB/s]
 30%|███       | 36.0M/119M [00:05<00:14, 6.14MB/s]
 31%|███▏      | 37.2M/119M [00:05<00:11, 7.17MB/s]
 32%|███▏      | 38.1M/119M [00:05<00:12, 6.99MB/s]
 33%|███▎      | 39.0M/119M [00:05<00:11, 7.28MB/s]
 34%|███▎      | 39.9M/119M [00:05<00:15, 5.41MB/s]
 35%|███▌      | 41.8M/119M [00:06<00:14, 5.68MB/s]
 37%|███▋      | 43.8M/119M [00:06<00:09, 8.01MB/s]
 38%|███▊      | 44.8M/119M [00:06<00:12, 6.24MB/s]
 39%|███▊      | 45.8M/119M [00:06<00:11, 6.92MB/s]
 39%|███▉      | 46.6M/119M [00:06<00:11, 6.70MB/s]
 40%|███▉      | 47.5M/119M [00:06<00:10, 7.10MB/s]
 41%|████      | 48.8M/119M [00:06<00:08, 8.35MB/s]
 42%|████▏     | 49.8M/119M [00:07<00:11, 6.47MB/s]
 43%|████▎     | 51.1M/119M [00:07<00:09, 7.86MB/s]
 44%|████▍     | 52.1M/119M [00:07<00:11, 5.88MB/s]
 45%|████▌     | 53.8M/119M [00:07<00:08, 7.70MB/s]
 46%|████▌     | 54.8M/119M [00:07<00:08, 7.48MB/s]
 47%|████▋     | 55.6M/119M [00:08<00:08, 7.44MB/s]
 48%|████▊     | 56.5M/119M [00:08<00:08, 7.34MB/s]
 48%|████▊     | 57.4M/119M [00:08<00:11, 5.64MB/s]
 49%|████▉     | 58.8M/119M [00:08<00:11, 5.30MB/s]
 51%|█████     | 60.6M/119M [00:08<00:08, 7.46MB/s]
 52%|█████▏    | 61.6M/119M [00:08<00:08, 7.27MB/s]
 53%|█████▎    | 62.5M/119M [00:09<00:07, 7.56MB/s]
 53%|█████▎    | 63.4M/119M [00:09<00:10, 5.67MB/s]
 55%|█████▍    | 64.9M/119M [00:09<00:07, 7.39MB/s]
 55%|█████▌    | 65.9M/119M [00:09<00:07, 7.29MB/s]
 56%|█████▌    | 66.8M/119M [00:09<00:07, 7.46MB/s]
 57%|█████▋    | 67.6M/119M [00:09<00:07, 7.13MB/s]
 58%|█████▊    | 68.5M/119M [00:09<00:07, 7.37MB/s]
 58%|█████▊    | 69.4M/119M [00:10<00:09, 5.40MB/s]
 60%|█████▉    | 71.1M/119M [00:10<00:08, 5.59MB/s]
 61%|██████▏   | 73.0M/119M [00:10<00:06, 7.81MB/s]
 62%|██████▏   | 74.0M/119M [00:10<00:07, 6.27MB/s]
 64%|██████▎   | 75.6M/119M [00:11<00:05, 8.04MB/s]
 65%|██████▍   | 76.8M/119M [00:11<00:06, 6.43MB/s]
 65%|██████▌   | 77.6M/119M [00:11<00:06, 6.48MB/s]
 66%|██████▌   | 78.5M/119M [00:11<00:06, 6.59MB/s]
 67%|██████▋   | 79.5M/119M [00:11<00:05, 7.31MB/s]
 68%|██████▊   | 80.5M/119M [00:12<00:07, 5.52MB/s]
 69%|██████▊   | 81.5M/119M [00:12<00:06, 6.36MB/s]
 69%|██████▉   | 82.4M/119M [00:12<00:05, 6.39MB/s]
 70%|██████▉   | 83.1M/119M [00:12<00:05, 6.70MB/s]
 71%|███████   | 84.1M/119M [00:12<00:04, 7.46MB/s]
 72%|███████▏  | 85.5M/119M [00:12<00:03, 9.00MB/s]
 73%|███████▎  | 86.5M/119M [00:12<00:05, 6.55MB/s]
 74%|███████▎  | 87.5M/119M [00:12<00:04, 7.18MB/s]
 74%|███████▍  | 88.4M/119M [00:13<00:04, 6.86MB/s]
 75%|███████▌  | 89.1M/119M [00:13<00:04, 7.01MB/s]
 76%|███████▌  | 90.2M/119M [00:13<00:03, 8.14MB/s]
 77%|███████▋  | 91.1M/119M [00:13<00:05, 5.51MB/s]
 77%|███████▋  | 91.9M/119M [00:13<00:05, 5.38MB/s]
 78%|███████▊  | 92.5M/119M [00:13<00:05, 5.37MB/s]
 79%|███████▊  | 93.4M/119M [00:14<00:04, 6.09MB/s]
 80%|███████▉  | 94.5M/119M [00:14<00:03, 7.35MB/s]
 81%|████████  | 95.9M/119M [00:14<00:02, 9.00MB/s]
 82%|████████▏ | 96.9M/119M [00:14<00:02, 8.84MB/s]
 82%|████████▏ | 97.9M/119M [00:14<00:03, 6.30MB/s]
 84%|████████▍ | 99.6M/119M [00:14<00:03, 6.01MB/s]
 85%|████████▌ | 102M/119M [00:15<00:02, 8.26MB/s] 
 86%|████████▋ | 103M/119M [00:15<00:02, 7.79MB/s]
 87%|████████▋ | 104M/119M [00:15<00:02, 5.75MB/s]
 89%|████████▊ | 105M/119M [00:15<00:01, 7.41MB/s]
 89%|████████▉ | 106M/119M [00:15<00:01, 7.09MB/s]
 90%|█████████ | 107M/119M [00:15<00:01, 7.20MB/s]
 91%|█████████ | 108M/119M [00:16<00:01, 7.70MB/s]
 92%|█████████▏| 109M/119M [00:16<00:01, 5.62MB/s]
 93%|█████████▎| 111M/119M [00:16<00:01, 8.06MB/s]
 94%|█████████▍| 112M/119M [00:16<00:01, 6.59MB/s]
 95%|█████████▌| 113M/119M [00:16<00:00, 7.68MB/s]
 96%|█████████▌| 114M/119M [00:17<00:00, 5.73MB/s]
 97%|█████████▋| 115M/119M [00:17<00:00, 6.01MB/s]
 97%|█████████▋| 116M/119M [00:17<00:00, 6.29MB/s]
 98%|█████████▊| 117M/119M [00:17<00:00, 7.34MB/s]
 99%|█████████▉| 118M/119M [00:17<00:00, 8.32MB/s]
100%|██████████| 119M/119M [00:17<00:00, 6.95MB/s]
{
  "model_id": "maxvit_t",
  "source": "https://docs.pytorch.org/vision/main/models/generated/torchvision.models.maxvit_t.html",
  "license_note": "TorchVision/PyTorch model weights; review upstream weight metadata before redistribution.",
  "family": "torchvision",
  "arch": "maxvit_t",
  "input_shape": [
    1,
    3,
    224,
    224
  ],
  "input_name": "input",
  "output_names": [
    "logits"
  ],
  "status": "exported",
  "onnx_path": "/workspace/demo-neat/model-compilation/work/maxvit_t/onnx/maxvit_t.onnx",
  "onnx": {
    "ir_version": 8,
    "opsets": {
      "ai.onnx": 17
    },
    "inputs": [
      "input"
    ],
    "outputs": [
      "logits"
    ],
    "nodes": 1784
  }
}
