{
  "release": "2.1",
  "dtype": "int8",
  "model_operator_total": 1784,
  "unique_operator_total": 22,
  "supported_count": 14,
  "unsupported_count": 1,
  "unknown_count": 7,
  "supported": [
    {
      "operator": "Add",
      "count": 232,
      "onnx-opset-version": "14",
      "int8": "Y",
      "bfloat16": "Y",
      "sima_hw_sw_constraints": null,
      "notes": "Can be fused with conv or matmul."
    },
    {
      "operator": "AveragePool",
      "count": 4,
      "onnx-opset-version": "11",
      "int8": "Y",
      "bfloat16": "Y",
      "sima_hw_sw_constraints": "count_include_pad = 1 (HW)\nkernel_shape: If global pool, no size limit; otherwise size < 128. (HW. Workaround by SW)\ndilations = 1 for newer opset (HW)",
      "notes": "1. If global pool, any shape.\n2. The 128 is from the HW instruction limit in gen1 and gen2. Possible to impove in compiler.\n3. Possible to improve compiler to support any shape.\n4. HW does not support count_include_pad=False. Possible to support in compiler or Model Compiler.\n5. ceil_mode=True is handled by the rewrite rule SetCeilModeToFalseForNDPooling.\n6. dilation>1 is not supported by HW."
    },
    {
      "operator": "Conv",
      "count": 61,
      "onnx-opset-version": "11",
      "int8": "Y",
      "bfloat16": "Y",
      "sima_hw_sw_constraints": "dilation = [1, 63] (HW)\nstrides = [1, 31] (HW)",
      "notes": "fused with bias and activation.  ONNX does not have 1D convolution, though we support it for other frontends."
    },
    {
      "operator": "Div",
      "count": 67,
      "onnx-opset-version": "14",
      "int8": "Y",
      "bfloat16": "Y",
      "sima_hw_sw_constraints": null,
      "notes": null
    },
    {
      "operator": "Einsum",
      "count": 44,
      "onnx-opset-version": "12",
      "int8": "Y",
      "bfloat16": "Y",
      "sima_hw_sw_constraints": "Must have two input tensors. (SW)\nSupports any equation where each variable is used in at least two tensors and at most once in each tensor.  An example violating the first condition is jk,k->k (j is not used in at least two tensors).  An example violating the second condition is jk,kk->j (k is used twice in one tensor). (SW)",
      "notes": "Converted to batch matmul.\nThe kernel supports equations \"nhwc,nhqc->nhwq\" and \"nhwc,nhcq->nhwq\".  Other equations are handled by layout conversion."
    },
    {
      "operator": "Erf",
      "count": 45,
      "onnx-opset-version": "13",
      "int8": "Y",
      "bfloat16": "Y",
      "sima_hw_sw_constraints": null,
      "notes": null
    },
    {
      "operator": "MatMul",
      "count": 89,
      "onnx-opset-version": "13",
      "int8": "Y",
      "bfloat16": "Y",
      "sima_hw_sw_constraints": null,
      "notes": "Batched MatMul."
    },
    {
      "operator": "Mul",
      "count": 200,
      "onnx-opset-version": "14",
      "int8": "Y",
      "bfloat16": "Y",
      "sima_hw_sw_constraints": null,
      "notes": null
    },
    {
      "operator": "Reshape",
      "count": 176,
      "onnx-opset-version": "14",
      "int8": "Y",
      "bfloat16": "Y",
      "sima_hw_sw_constraints": "allowzero = 0 (SW)\nShape cannot be empty. (SW)",
      "notes": "batch_flatten, expand_dims, and squeeze are converted to reshape, and they are supported if the reshape operator is supported"
    },
    {
      "operator": "Sigmoid",
      "count": 22,
      "onnx-opset-version": "13",
      "int8": "Y",
      "bfloat16": "Y",
      "sima_hw_sw_constraints": null,
      "notes": null
    },
    {
      "operator": "Slice",
      "count": 66,
      "onnx-opset-version": "13",
      "int8": "Y",
      "bfloat16": "Y",
      "sima_hw_sw_constraints": "Positive strides. (SW)",
      "notes": "Converted to Conv2d."
    },
    {
      "operator": "Softmax",
      "count": 22,
      "onnx-opset-version": "13",
      "int8": "Y",
      "bfloat16": "Y",
      "sima_hw_sw_constraints": null,
      "notes": null
    },
    {
      "operator": "Tanh",
      "count": 1,
      "onnx-opset-version": "13",
      "int8": "Y",
      "bfloat16": "Y",
      "sima_hw_sw_constraints": null,
      "notes": null
    },
    {
      "operator": "Transpose",
      "count": 154,
      "onnx-opset-version": "13",
      "int8": "Y",
      "bfloat16": "Y",
      "sima_hw_sw_constraints": null,
      "notes": null
    }
  ],
  "unsupported": [
    {
      "operator": "Gather",
      "count": 22,
      "onnx-opset-version": "13",
      "int8": "N",
      "bfloat16": "Y",
      "sima_hw_sw_constraints": "Indices must be a constant, and it must be 0D or 1D. (HW)",
      "notes": "Converted to slice or conv2d."
    }
  ],
  "unknown": [
    {
      "operator": "BatchNormalization",
      "count": 11,
      "onnx-opset-version": null,
      "int8": null,
      "bfloat16": null,
      "sima_hw_sw_constraints": null,
      "notes": null
    },
    {
      "operator": "Constant",
      "count": 487,
      "onnx-opset-version": null,
      "int8": null,
      "bfloat16": null,
      "sima_hw_sw_constraints": null,
      "notes": null
    },
    {
      "operator": "Flatten",
      "count": 1,
      "onnx-opset-version": null,
      "int8": null,
      "bfloat16": null,
      "sima_hw_sw_constraints": null,
      "notes": null
    },
    {
      "operator": "Gemm",
      "count": 1,
      "onnx-opset-version": null,
      "int8": null,
      "bfloat16": null,
      "sima_hw_sw_constraints": null,
      "notes": null
    },
    {
      "operator": "GlobalAveragePool",
      "count": 12,
      "onnx-opset-version": null,
      "int8": null,
      "bfloat16": null,
      "sima_hw_sw_constraints": null,
      "notes": null
    },
    {
      "operator": "LayerNormalization",
      "count": 45,
      "onnx-opset-version": null,
      "int8": null,
      "bfloat16": null,
      "sima_hw_sw_constraints": null,
      "notes": null
    },
    {
      "operator": "Shape",
      "count": 22,
      "onnx-opset-version": null,
      "int8": null,
      "bfloat16": null,
      "sima_hw_sw_constraints": null,
      "notes": null
    }
  ]
}
