Downloading: "https://download.pytorch.org/models/efficientnet_v2_s-dd5fe13b.pth" to /home/surajmaurya/.cache/torch/hub/checkpoints/efficientnet_v2_s-dd5fe13b.pth

  0%|          | 0.00/82.7M [00:00<?, ?B/s]
  0%|          | 128k/82.7M [00:00<04:15, 339kB/s]
  0%|          | 256k/82.7M [00:00<02:56, 491kB/s]
  0%|          | 384k/82.7M [00:00<02:09, 665kB/s]
  1%|          | 640k/82.7M [00:00<01:24, 1.01MB/s]
  1%|          | 1.00M/82.7M [00:00<00:54, 1.57MB/s]
  2%|▏         | 1.50M/82.7M [00:01<00:36, 2.32MB/s]
  3%|▎         | 2.12M/82.7M [00:01<00:25, 3.33MB/s]
  4%|▎         | 3.00M/82.7M [00:01<00:17, 4.78MB/s]
  5%|▌         | 4.25M/82.7M [00:01<00:12, 6.83MB/s]
  7%|▋         | 5.50M/82.7M [00:01<00:09, 8.50MB/s]
  8%|▊         | 6.88M/82.7M [00:01<00:08, 9.91MB/s]
 10%|▉         | 8.25M/82.7M [00:01<00:07, 11.1MB/s]
 12%|█▏        | 9.75M/82.7M [00:01<00:06, 12.1MB/s]
 13%|█▎        | 11.1M/82.7M [00:01<00:05, 12.8MB/s]
 15%|█▌        | 12.5M/82.7M [00:02<00:05, 13.2MB/s]
 17%|█▋        | 14.0M/82.7M [00:02<00:05, 13.5MB/s]
 19%|█▊        | 15.5M/82.7M [00:02<00:05, 13.8MB/s]
 21%|██        | 17.0M/82.7M [00:02<00:04, 14.1MB/s]
 22%|██▏       | 18.4M/82.7M [00:02<00:04, 14.0MB/s]
 24%|██▍       | 19.8M/82.7M [00:02<00:04, 13.5MB/s]
 26%|██▌       | 21.1M/82.7M [00:02<00:04, 13.5MB/s]
 27%|██▋       | 22.5M/82.7M [00:03<00:07, 8.39MB/s]
 29%|██▊       | 23.6M/82.7M [00:03<00:07, 8.24MB/s]
 30%|██▉       | 24.6M/82.7M [00:03<00:07, 7.63MB/s]
 31%|███       | 25.5M/82.7M [00:03<00:08, 7.40MB/s]
 32%|███▏      | 26.4M/82.7M [00:03<00:07, 7.75MB/s]
 33%|███▎      | 27.5M/82.7M [00:03<00:06, 8.65MB/s]
 34%|███▍      | 28.5M/82.7M [00:03<00:09, 6.09MB/s]
 36%|███▋      | 30.0M/82.7M [00:04<00:07, 7.88MB/s]
 37%|███▋      | 31.0M/82.7M [00:04<00:08, 6.09MB/s]
 39%|███▊      | 32.0M/82.7M [00:04<00:07, 6.65MB/s]
 40%|███▉      | 32.9M/82.7M [00:04<00:07, 6.60MB/s]
 41%|████      | 33.8M/82.7M [00:04<00:07, 7.01MB/s]
 42%|████▏     | 34.9M/82.7M [00:04<00:06, 7.99MB/s]
 43%|████▎     | 35.8M/82.7M [00:05<00:08, 5.70MB/s]
 45%|████▍     | 36.9M/82.7M [00:05<00:07, 6.65MB/s]
 46%|████▌     | 37.8M/82.7M [00:05<00:07, 6.67MB/s]
 47%|████▋     | 38.5M/82.7M [00:05<00:06, 6.91MB/s]
 48%|████▊     | 39.6M/82.7M [00:05<00:05, 8.02MB/s]
 49%|████▉     | 40.5M/82.7M [00:05<00:08, 5.51MB/s]
 51%|█████▏    | 42.5M/82.7M [00:05<00:05, 8.23MB/s]
 53%|█████▎    | 43.5M/82.7M [00:06<00:06, 6.63MB/s]
 54%|█████▍    | 44.5M/82.7M [00:06<00:07, 5.65MB/s]
 56%|█████▋    | 46.6M/82.7M [00:06<00:04, 8.16MB/s]
 58%|█████▊    | 47.6M/82.7M [00:06<00:06, 5.85MB/s]
 60%|█████▉    | 49.4M/82.7M [00:07<00:04, 7.76MB/s]
 61%|██████    | 50.5M/82.7M [00:07<00:06, 4.91MB/s]
 63%|██████▎   | 52.0M/82.7M [00:07<00:05, 6.31MB/s]
 64%|██████▍   | 53.1M/82.7M [00:07<00:05, 5.51MB/s]
 66%|██████▌   | 54.5M/82.7M [00:08<00:04, 6.75MB/s]
 68%|██████▊   | 55.9M/82.7M [00:08<00:03, 7.98MB/s]
 69%|██████▉   | 57.2M/82.7M [00:08<00:02, 8.97MB/s]
 71%|███████   | 58.4M/82.7M [00:08<00:05, 4.93MB/s]
 73%|███████▎  | 60.1M/82.7M [00:08<00:03, 6.67MB/s]
 74%|███████▍  | 61.5M/82.7M [00:09<00:02, 7.81MB/s]
 76%|███████▌  | 62.9M/82.7M [00:09<00:02, 8.98MB/s]
 78%|███████▊  | 64.1M/82.7M [00:09<00:02, 7.29MB/s]
 79%|███████▉  | 65.2M/82.7M [00:09<00:02, 8.00MB/s]
 80%|████████  | 66.2M/82.7M [00:10<00:03, 4.62MB/s]
 82%|████████▏ | 68.1M/82.7M [00:10<00:02, 6.63MB/s]
 84%|████████▍ | 69.5M/82.7M [00:10<00:01, 7.85MB/s]
 86%|████████▌ | 70.8M/82.7M [00:10<00:01, 8.59MB/s]
 87%|████████▋ | 72.0M/82.7M [00:10<00:01, 6.61MB/s]
 89%|████████▊ | 73.4M/82.7M [00:10<00:01, 5.95MB/s]
 91%|█████████ | 74.9M/82.7M [00:11<00:01, 7.28MB/s]
 92%|█████████▏| 75.9M/82.7M [00:11<00:01, 7.08MB/s]
 93%|█████████▎| 76.8M/82.7M [00:11<00:00, 7.18MB/s]
 94%|█████████▍| 78.0M/82.7M [00:11<00:00, 8.21MB/s]
 96%|█████████▌| 79.0M/82.7M [00:11<00:00, 6.13MB/s]
 96%|█████████▋| 79.8M/82.7M [00:11<00:00, 6.39MB/s]
 97%|█████████▋| 80.5M/82.7M [00:12<00:00, 6.40MB/s]
 98%|█████████▊| 81.2M/82.7M [00:12<00:00, 6.47MB/s]
 99%|█████████▉| 82.1M/82.7M [00:12<00:00, 7.05MB/s]
100%|██████████| 82.7M/82.7M [00:12<00:00, 7.04MB/s]
{
  "model_id": "efficientnet_v2_s",
  "source": "https://docs.pytorch.org/vision/main/models/generated/torchvision.models.efficientnet_v2_s.html",
  "license_note": "TorchVision/PyTorch model weights; review upstream weight metadata before redistribution.",
  "family": "torchvision",
  "arch": "efficientnet_v2_s",
  "input_shape": [
    1,
    3,
    384,
    384
  ],
  "input_name": "input",
  "output_names": [
    "logits"
  ],
  "status": "exported",
  "onnx_path": "/workspace/demo-neat/model-compilation/work/efficientnet_v2_s/onnx/efficientnet_v2_s.onnx",
  "onnx": {
    "ir_version": 8,
    "opsets": {
      "ai.onnx": 17
    },
    "inputs": [
      "input"
    ],
    "outputs": [
      "logits"
    ],
    "nodes": 502
  }
}
