[INFO] ------------------------------------------------------------
[INFO] Model Compiler Version: 2.1.0
[INFO] Python Version: 3.12.3
[INFO] Output Directory: /workspace/demo-neat/model-compilation/work/efficientnet_v2_s/compile_int8/efficientnet_v2_s
[INFO] ------------------------------------------------------------
[INFO] Preparing ONNX model: /workspace/demo-neat/model-compilation/work/efficientnet_v2_s/onnx/efficientnet_v2_s.onnx
[INFO] Simplifying with fixed shapes: {'input': [1, 3, 384, 384]}
[INFO] Prepared model saved to: /workspace/demo-neat/model-compilation/work/efficientnet_v2_s/onnx/efficientnet_v2_s_prepared.onnx
[INFO] Model successfully loaded for modalix
[INFO] Initializing quantization...
[INFO] Loading real calibration data from: /workspace/demo-neat/model-compilation/assets/calibration
2026-07-11 12:08:27,167 - afe.apis.loaded_net - INFO - Quantize loaded net, layout = NCHW, arm_only = False
2026-07-11 12:08:27,167 - afe.apis.loaded_net - INFO - Calibration method = mse
2026-07-11 12:10:00,866 - afe.backends.mla.mla_checkers - INFO - Cannot assign node nn.batch_flatten_399, source_name(['Not available']) to MLA.
	['Some tensors are not 4D. Support for tensors that are not 4D is disabled in the compilation settings.']
2026-07-11 12:10:04,930 - afe.ir.transform.calibration_transforms - INFO - Running Calibration ...
2026-07-11 12:10:18,594 - afe.ir.transform.calibration_transforms - INFO - Calibration progress: completed 1 samples
2026-07-11 12:10:34,267 - afe.ir.transform.calibration_transforms - INFO - Calibration progress: completed 2 samples
2026-07-11 12:10:50,351 - afe.ir.transform.calibration_transforms - INFO - Calibration progress: completed 3 samples
2026-07-11 12:11:06,259 - afe.ir.transform.calibration_transforms - INFO - Calibration progress: completed 4 samples
2026-07-11 12:11:22,082 - afe.ir.transform.calibration_transforms - INFO - Calibration progress: completed 5 samples
2026-07-11 12:11:36,869 - afe.ir.transform.calibration_transforms - INFO - Calibration progress: completed 6 samples
2026-07-11 12:11:51,183 - afe.ir.transform.calibration_transforms - INFO - Calibration progress: completed 7 samples
2026-07-11 12:12:05,581 - afe.ir.transform.calibration_transforms - INFO - Calibration progress: completed 8 samples
2026-07-11 12:12:20,238 - afe.ir.transform.calibration_transforms - INFO - Calibration progress: completed 9 samples
2026-07-11 12:12:34,302 - afe.ir.transform.calibration_transforms - INFO - Calibration progress: completed 10 samples
2026-07-11 12:12:48,493 - afe.ir.transform.calibration_transforms - INFO - Calibration progress: completed 11 samples
2026-07-11 12:13:02,775 - afe.ir.transform.calibration_transforms - INFO - Calibration progress: completed 12 samples
2026-07-11 12:13:17,366 - afe.ir.transform.calibration_transforms - INFO - Calibration progress: completed 13 samples
2026-07-11 12:13:32,178 - afe.ir.transform.calibration_transforms - INFO - Calibration progress: completed 14 samples
2026-07-11 12:13:47,701 - afe.ir.transform.calibration_transforms - INFO - Calibration progress: completed 15 samples
2026-07-11 12:14:03,149 - afe.ir.transform.calibration_transforms - INFO - Calibration progress: completed 16 samples
2026-07-11 12:14:21,990 - afe.ir.transform.calibration_transforms - INFO - Calibration progress: completed 17 samples
2026-07-11 12:14:40,817 - afe.ir.transform.calibration_transforms - INFO - Calibration progress: completed 18 samples
2026-07-11 12:14:57,670 - afe.ir.transform.calibration_transforms - INFO - Calibration progress: completed 19 samples
2026-07-11 12:15:14,823 - afe.ir.transform.calibration_transforms - INFO - Calibration progress: completed 20 samples
2026-07-11 12:15:18,012 - afe.ir.defines - WARNING - In node MLA_0/conv2d_add_223, source_name ['/features/features.6/features.6.0/block/block.2/fc2/Conv'], Precision of weights was reduced to avoid numeric saturation. Saturation was detected in the zero point.
Running Calibration ...
Running Calibration ...DONE
Running quantization ...
Running quantization ...DONE
[INFO] Quantized model saved.
[INFO] ------------------------------------------------------------
[INFO] Internal graph structure (for tessellate parameters):
[INFO]   Input node names: ['input']
[INFO]   Output node name: dequantize_1
[INFO]   All nodes:
[INFO]     PLACEHOLDER: input
[INFO] ------------------------------------------------------------
[INFO] Compiling for modalix with batch size 1...
2026-07-11 12:15:24,736 - afe.apis.model - INFO - Compiling quantized net "efficientnet_v2_s"
2026-07-11 12:15:24,843 - afe.core.compile_networks - INFO - The model is split into 1 segments for MLA and APU
2026-07-11 12:15:24,843 - afe.backends.mla.afe_to_n2a_compiler.n2a_compiler_operations - INFO - Stage 1 of 1: compiling for MLA
2026-07-11 12:15:24,904 - mlc.compiler.model_graph.l1_based - INFO - Get model compilation properties
2026-07-11 12:15:24,914 - mlc.compiler.model_graph.l1_based - INFO - Checking if layers fit into memory without splitting
2026-07-11 12:15:24,914 - mlc.compiler.model_graph.l1_based - INFO - Generating the list of feasible layouts
2026-07-11 12:15:24,915 - mlc.compiler.model_graph.l1_based - INFO - Setting layer parameters
2026-07-11 12:16:14,486 - mlc.compiler.model_graph.l1_based - INFO - Setting tile layouts
2026-07-11 12:16:47,743 - mlc.compiler.model_graph.l1_based - INFO - Allocating memory for IFM/OFM tensors
2026-07-11 12:16:48,251 - mlc.compiler.model_graph.l1_based - INFO - Get model compilation properties done
2026-07-11 12:16:48,575 - afe.backends.mla.afe_to_n2a_compiler.n2a_backend_runner - INFO - Start evaluate process to generate check file
2026-07-11 12:16:48,576 - mlc.kernel.layout - INFO - L2 caching mode: L2CachingMode.NONE
2026-07-11 12:16:48,685 - mlc.compiler.model_graph.l1_based - INFO - Generating model code
2026-07-11 12:17:25,851 - mlc.compiler.model_graph.l1_based - INFO - Generating model code done
2026-07-11 12:17:26,280 - mlc.test_util.test_context - INFO - Scheduling instructions
2026-07-11 12:17:53,896 - mlc.test_util.test_context - INFO - Performing DRAM/L2 synchronization
2026-07-11 12:18:01,405 - mlc.test_util.test_context - INFO - Inserting and merging NOPs
2026-07-11 12:18:02,496 - mlc.test_util.test_context - INFO - Setting IQ sync bits
2026-07-11 12:18:02,600 - mlc.test_util.test_context - INFO - Run compression
2026-07-11 12:18:06,675 - mlc.test_util.test_context - INFO - Compression done in 4s. Compression ratio: 0.885
2026-07-11 12:18:06,675 - mlc.test_util.test_context - INFO - Re-allocate dram memory
2026-07-11 12:18:06,975 - mlc.test_util.test_context - INFO - Generating metrics
2026-07-11 12:18:07,489 - mlc.test_util.test_context - INFO - Writing report to MLC file
2026-07-11 12:18:07,489 - mlc.test_util.test_context - INFO - Writing instructions to MLC file
2026-07-11 12:18:28,246 - mlc.test_util.test_context - INFO - Code generation done
2026-07-11 12:18:28,246 - afe.backends.mla.afe_to_n2a_compiler.n2a_compiler_operations - INFO -   Evaluate model and writing chk file done in 21s.
2026-07-11 12:18:42,896 - afe.backends.mpk.interface - INFO - ==============================
2026-07-11 12:18:42,896 - afe.backends.mpk.interface - INFO - Compilation summary:
2026-07-11 12:18:42,896 - afe.backends.mpk.interface - INFO - ------------------------------
2026-07-11 12:18:42,896 - afe.backends.mpk.interface - INFO - Desired batch size: 1
2026-07-11 12:18:42,896 - afe.backends.mpk.interface - INFO - Achieved batch size: 1
2026-07-11 12:18:42,896 - afe.backends.mpk.interface - INFO - ------------------------------
2026-07-11 12:18:42,896 - afe.backends.mpk.interface - INFO - Plugin distribution per backend:
2026-07-11 12:18:42,896 - afe.backends.mpk.interface - INFO - 	MLA : 1
2026-07-11 12:18:42,896 - afe.backends.mpk.interface - INFO - 	EV74: 5
2026-07-11 12:18:42,896 - afe.backends.mpk.interface - INFO - 	A65 : 0
2026-07-11 12:18:42,896 - afe.backends.mpk.interface - INFO - ------------------------------
2026-07-11 12:18:42,896 - afe.backends.mpk.interface - INFO - Generated files: 0_process_mla.json, 0_preproc.json, efficientnet_v2_s_stage1_mla_stats.yaml, pipeline_sequence.json, efficientnet_v2_s_stage1_mla.elf, 0_quanttess.json, 0_postproc.json, 0_boxdecoder.json, efficientnet_v2_s_mpk.json, quantize_compile.py
[INFO] Compilation complete.
