{
  "model_id": "fastvit_t8",
  "source": "https://github.com/apple/ml-fastvit",
  "license_note": "Apple FastViT model; install timm or upstream package and review license before redistribution.",
  "family": "timm",
  "arch": "fastvit_t8.apple_in1k",
  "input_shape": [
    1,
    3,
    256,
    256
  ],
  "input_name": "input",
  "output_names": [
    "logits"
  ],
  "status": "exported",
  "onnx_path": "/workspace/demo-neat/model-compilation/work/fastvit_t8/onnx/fastvit_t8.onnx",
  "onnx": {
    "ir_version": 8,
    "opsets": {
      "ai.onnx": 17
    },
    "inputs": [
      "input"
    ],
    "outputs": [
      "logits"
    ],
    "nodes": 349
  }
}
