[INFO] ------------------------------------------------------------
[INFO] Model Compiler Version: 2.1.0
[INFO] Python Version: 3.12.3
[INFO] Output Directory: /workspace/demo-neat/model-compilation/work/fastvit_t8/compile_int8/fastvit_t8
[INFO] ------------------------------------------------------------
[INFO] Preparing ONNX model: /workspace/demo-neat/model-compilation/work/fastvit_t8/onnx/fastvit_t8.onnx
[INFO] Simplifying with fixed shapes: {'input': [1, 3, 256, 256]}
[INFO] Prepared model saved to: /workspace/demo-neat/model-compilation/work/fastvit_t8/onnx/fastvit_t8_prepared.onnx
[INFO] Model successfully loaded for modalix
[INFO] Initializing quantization...
[INFO] Loading real calibration data from: /workspace/calibration_images
2026-07-11 12:40:17,459 - afe.apis.loaded_net - INFO - Quantize loaded net, layout = NCHW, arm_only = False
2026-07-11 12:40:17,459 - afe.apis.loaded_net - INFO - Calibration method = min_max
2026-07-11 12:41:14,999 - afe.backends.mla.mla_checkers - INFO - Cannot assign node nn.batch_flatten_271, source_name(['Not available']) to MLA.
	['Some tensors are not 4D. Support for tensors that are not 4D is disabled in the compilation settings.']
2026-07-11 12:41:17,778 - afe.ir.transform.calibration_transforms - INFO - Running Calibration ...
2026-07-11 12:41:26,598 - afe.ir.transform.calibration_transforms - INFO - Calibration progress: completed 2 samples
2026-07-11 12:41:34,244 - afe.ir.transform.calibration_transforms - INFO - Calibration progress: completed 4 samples
2026-07-11 12:41:42,114 - afe.ir.transform.calibration_transforms - INFO - Calibration progress: completed 6 samples
2026-07-11 12:41:49,939 - afe.ir.transform.calibration_transforms - INFO - Calibration progress: completed 8 samples
2026-07-11 12:41:58,019 - afe.ir.transform.calibration_transforms - INFO - Calibration progress: completed 10 samples
2026-07-11 12:42:06,276 - afe.ir.transform.calibration_transforms - INFO - Calibration progress: completed 12 samples
2026-07-11 12:42:14,065 - afe.ir.transform.calibration_transforms - INFO - Calibration progress: completed 14 samples
2026-07-11 12:42:23,127 - afe.ir.transform.calibration_transforms - INFO - Calibration progress: completed 16 samples
2026-07-11 12:42:31,126 - afe.ir.transform.calibration_transforms - INFO - Calibration progress: completed 18 samples
2026-07-11 12:42:39,275 - afe.ir.transform.calibration_transforms - INFO - Calibration progress: completed 20 samples
2026-07-11 12:42:47,262 - afe.ir.transform.calibration_transforms - INFO - Calibration progress: completed 22 samples
2026-07-11 12:42:55,432 - afe.ir.transform.calibration_transforms - INFO - Calibration progress: completed 24 samples
2026-07-11 12:43:03,347 - afe.ir.transform.calibration_transforms - INFO - Calibration progress: completed 26 samples
2026-07-11 12:43:11,193 - afe.ir.transform.calibration_transforms - INFO - Calibration progress: completed 28 samples
2026-07-11 12:43:19,777 - afe.ir.transform.calibration_transforms - INFO - Calibration progress: completed 30 samples
2026-07-11 12:43:28,385 - afe.ir.transform.calibration_transforms - INFO - Calibration progress: completed 32 samples
2026-07-11 12:43:36,618 - afe.ir.transform.calibration_transforms - INFO - Calibration progress: completed 34 samples
2026-07-11 12:43:44,727 - afe.ir.transform.calibration_transforms - INFO - Calibration progress: completed 36 samples
2026-07-11 12:43:52,752 - afe.ir.transform.calibration_transforms - INFO - Calibration progress: completed 38 samples
2026-07-11 12:44:00,715 - afe.ir.transform.calibration_transforms - INFO - Calibration progress: completed 40 samples
2026-07-11 12:44:08,554 - afe.ir.transform.calibration_transforms - INFO - Calibration progress: completed 42 samples
2026-07-11 12:44:17,179 - afe.ir.transform.calibration_transforms - INFO - Calibration progress: completed 44 samples
2026-07-11 12:44:26,258 - afe.ir.transform.calibration_transforms - INFO - Calibration progress: completed 46 samples
2026-07-11 12:44:33,922 - afe.ir.transform.calibration_transforms - INFO - Calibration progress: completed 48 samples
2026-07-11 12:44:42,074 - afe.ir.transform.calibration_transforms - INFO - Calibration progress: completed 50 samples
2026-07-11 12:44:49,941 - afe.ir.transform.calibration_transforms - INFO - Calibration progress: completed 52 samples
2026-07-11 12:44:57,978 - afe.ir.transform.calibration_transforms - INFO - Calibration progress: completed 54 samples
2026-07-11 12:45:06,232 - afe.ir.transform.calibration_transforms - INFO - Calibration progress: completed 56 samples
2026-07-11 12:45:14,061 - afe.ir.transform.calibration_transforms - INFO - Calibration progress: completed 58 samples
2026-07-11 12:45:23,083 - afe.ir.transform.calibration_transforms - INFO - Calibration progress: completed 60 samples
2026-07-11 12:45:31,259 - afe.ir.transform.calibration_transforms - INFO - Calibration progress: completed 62 samples
2026-07-11 12:45:39,222 - afe.ir.transform.calibration_transforms - INFO - Calibration progress: completed 64 samples
2026-07-11 12:45:39,249 - afe.ir.defines - WARNING - In node MLA_0/conv2d_add_11, source_name ['/stem/stem.1/conv_scale/conv/Conv'], Precision of weights was reduced to avoid numeric saturation. Saturation was detected in the bias term.
2026-07-11 12:45:39,328 - afe.ir.defines - WARNING - In node MLA_0/conv2d_add_79, source_name ['/stages.1/blocks/blocks.0/token_mixer/mixer/conv_scale/conv/Conv'], Precision of weights was reduced to avoid numeric saturation. Saturation was detected in the bias term.
2026-07-11 12:45:39,328 - afe.ir.defines - WARNING - In node MLA_0/conv2d_add_79, source_name ['/stages.1/blocks/blocks.0/token_mixer/mixer/conv_scale/conv/Conv'], Precision of weights was reduced to avoid numeric saturation. Saturation was detected in the zero point.
2026-07-11 12:45:39,400 - afe.ir.defines - WARNING - In node MLA_0/conv2d_add_129, source_name ['/stages.2/blocks/blocks.0/token_mixer/mixer/conv_scale/conv/Conv'], Precision of weights was reduced to avoid numeric saturation. Saturation was detected for integer convolution.
2026-07-11 12:45:39,400 - afe.ir.defines - WARNING - In node MLA_0/conv2d_add_129, source_name ['/stages.2/blocks/blocks.0/token_mixer/mixer/conv_scale/conv/Conv'], Weights were set to zero to avoid numeric saturation. Saturation was detected for integer convolution.
2026-07-11 12:45:39,400 - afe.ir.defines - WARNING - In node MLA_0/conv2d_add_129, source_name ['/stages.2/blocks/blocks.0/token_mixer/mixer/conv_scale/conv/Conv'], Precision of weights was reduced to avoid numeric saturation. Saturation was detected in the zero point.
2026-07-11 12:45:39,482 - afe.ir.defines - WARNING - In node MLA_0/conv2d_add_167, source_name ['/stages.2/blocks/blocks.2/token_mixer/mixer/conv_scale/conv/Conv'], Precision of weights was reduced to avoid numeric saturation. Saturation was detected for integer convolution.
2026-07-11 12:45:39,482 - afe.ir.defines - WARNING - In node MLA_0/conv2d_add_167, source_name ['/stages.2/blocks/blocks.2/token_mixer/mixer/conv_scale/conv/Conv'], Precision of weights was reduced to avoid numeric saturation. Saturation was detected in the zero point.
2026-07-11 12:45:39,522 - afe.ir.defines - WARNING - In node MLA_0/conv2d_add_186, source_name ['/stages.2/blocks/blocks.3/token_mixer/mixer/conv_scale/conv/Conv'], Precision of weights was reduced to avoid numeric saturation. Saturation was detected for integer convolution.
2026-07-11 12:45:39,523 - afe.ir.defines - WARNING - In node MLA_0/conv2d_add_186, source_name ['/stages.2/blocks/blocks.3/token_mixer/mixer/conv_scale/conv/Conv'], Weights were set to zero to avoid numeric saturation. Saturation was detected for integer convolution.
2026-07-11 12:45:39,676 - afe.ir.defines - WARNING - In node MLA_0/conv2d_add_236, source_name ['/stages.3/blocks/blocks.1/token_mixer/mixer/conv_scale/conv/Conv'], Precision of weights was reduced to avoid numeric saturation. Saturation was detected for integer convolution.
2026-07-11 12:45:39,676 - afe.ir.defines - WARNING - In node MLA_0/conv2d_add_236, source_name ['/stages.3/blocks/blocks.1/token_mixer/mixer/conv_scale/conv/Conv'], Weights were set to zero to avoid numeric saturation. Saturation was detected for integer convolution.
2026-07-11 12:45:39,676 - afe.ir.defines - WARNING - In node MLA_0/conv2d_add_236, source_name ['/stages.3/blocks/blocks.1/token_mixer/mixer/conv_scale/conv/Conv'], Precision of weights was reduced to avoid numeric saturation. Saturation was detected in the zero point.
Running Calibration ...
Running Calibration ...DONE
Running quantization ...
Running quantization ...DONE
[INFO] Quantized model saved.
[INFO] ------------------------------------------------------------
[INFO] Internal graph structure (for tessellate parameters):
[INFO]   Input node names: ['input']
[INFO]   Output node name: dequantize_1
[INFO]   All nodes:
[INFO]     PLACEHOLDER: input
[INFO] ------------------------------------------------------------
[INFO] Compiling for modalix with batch size 1...
2026-07-11 12:45:41,566 - afe.apis.model - INFO - Compiling quantized net "fastvit_t8"
2026-07-11 12:45:41,617 - afe.core.compile_networks - INFO - The model is split into 1 segments for MLA and APU
2026-07-11 12:45:41,617 - afe.backends.mla.afe_to_n2a_compiler.n2a_compiler_operations - INFO - Stage 1 of 1: compiling for MLA
2026-07-11 12:45:41,647 - mlc.compiler.model_graph.l1_based - INFO - Get model compilation properties
2026-07-11 12:45:41,651 - mlc.compiler.model_graph.l1_based - INFO - Checking if layers fit into memory without splitting
2026-07-11 12:45:41,652 - mlc.compiler.model_graph.l1_based - INFO - Generating the list of feasible layouts
2026-07-11 12:45:41,652 - mlc.compiler.model_graph.l1_based - INFO - Setting layer parameters
2026-07-11 12:46:12,124 - mlc.compiler.model_graph.l1_based - INFO - Setting tile layouts
2026-07-11 12:46:26,573 - mlc.compiler.model_graph.l1_based - INFO - Allocating memory for IFM/OFM tensors
2026-07-11 12:46:26,829 - mlc.compiler.model_graph.l1_based - INFO - Get model compilation properties done
2026-07-11 12:46:26,963 - afe.backends.mla.afe_to_n2a_compiler.n2a_backend_runner - INFO - Start evaluate process to generate check file
2026-07-11 12:46:26,963 - mlc.kernel.layout - INFO - L2 caching mode: L2CachingMode.NONE
2026-07-11 12:46:27,010 - mlc.compiler.model_graph.l1_based - INFO - Generating model code
2026-07-11 12:46:40,699 - mlc.compiler.model_graph.l1_based - INFO - Generating model code done
2026-07-11 12:46:40,888 - mlc.test_util.test_context - INFO - Scheduling instructions
2026-07-11 12:46:54,494 - mlc.test_util.test_context - INFO - Performing DRAM/L2 synchronization
2026-07-11 12:46:55,761 - mlc.test_util.test_context - INFO - Inserting and merging NOPs
2026-07-11 12:46:56,205 - mlc.test_util.test_context - INFO - Setting IQ sync bits
2026-07-11 12:46:56,254 - mlc.test_util.test_context - INFO - Run compression
2026-07-11 12:46:57,133 - mlc.test_util.test_context - INFO - Compression done in 0s. Compression ratio: 0.782
2026-07-11 12:46:57,133 - mlc.test_util.test_context - INFO - Re-allocate dram memory
2026-07-11 12:46:57,196 - mlc.test_util.test_context - INFO - Generating metrics
2026-07-11 12:46:57,405 - mlc.test_util.test_context - INFO - Writing report to MLC file
2026-07-11 12:46:57,406 - mlc.test_util.test_context - INFO - Writing instructions to MLC file
2026-07-11 12:47:03,945 - mlc.test_util.test_context - INFO - Code generation done
2026-07-11 12:47:03,950 - afe.backends.mla.afe_to_n2a_compiler.n2a_compiler_operations - INFO -   Evaluate model and writing chk file done in 6s.
2026-07-11 12:47:09,471 - afe.backends.mpk.interface - INFO - ==============================
2026-07-11 12:47:09,471 - afe.backends.mpk.interface - INFO - Compilation summary:
2026-07-11 12:47:09,471 - afe.backends.mpk.interface - INFO - ------------------------------
2026-07-11 12:47:09,471 - afe.backends.mpk.interface - INFO - Desired batch size: 1
2026-07-11 12:47:09,471 - afe.backends.mpk.interface - INFO - Achieved batch size: 1
2026-07-11 12:47:09,471 - afe.backends.mpk.interface - INFO - ------------------------------
2026-07-11 12:47:09,471 - afe.backends.mpk.interface - INFO - Plugin distribution per backend:
2026-07-11 12:47:09,471 - afe.backends.mpk.interface - INFO - 	MLA : 1
2026-07-11 12:47:09,471 - afe.backends.mpk.interface - INFO - 	EV74: 5
2026-07-11 12:47:09,471 - afe.backends.mpk.interface - INFO - 	A65 : 0
2026-07-11 12:47:09,471 - afe.backends.mpk.interface - INFO - ------------------------------
2026-07-11 12:47:09,471 - afe.backends.mpk.interface - INFO - Generated files: 0_process_mla.json, 0_preproc.json, pipeline_sequence.json, fastvit_t8_stage1_mla.elf, 0_quanttess.json, 0_postproc.json, 0_boxdecoder.json, fastvit_t8_mpk.json, fastvit_t8_stage1_mla_stats.yaml, quantize_compile.py
[INFO] Compilation complete.
