[INFO] ------------------------------------------------------------
[INFO] Model Compiler Version: 2.1.0
[INFO] Python Version: 3.12.3
[INFO] Output Directory: /workspace/demo-neat/model-compilation/work/fastvit_t8/compile/fastvit_t8.surgery
[INFO] ------------------------------------------------------------
[INFO] Preparing ONNX model: /workspace/demo-neat/model-compilation/work/fastvit_t8/surgery/fastvit_t8.surgery.onnx
[INFO] Simplifying with fixed shapes: {'input': [1, 3, 256, 256]}
[INFO] Prepared model saved to: /workspace/demo-neat/model-compilation/work/fastvit_t8/surgery/fastvit_t8.surgery_prepared.onnx
[INFO] Model successfully loaded for modalix
[INFO] Initializing quantization...
[INFO] Loading real calibration data from: /workspace/demo-neat/model-compilation/assets/calibration
2026-07-07 14:05:36,598 - afe.apis.loaded_net - INFO - Quantize loaded net, layout = NCHW, arm_only = False
2026-07-07 14:05:36,599 - afe.apis.loaded_net - INFO - Calibration method = mse
2026-07-07 14:06:59,317 - afe.backends.mla.mla_checkers - INFO - Cannot assign node nn.batch_flatten_271, source_name(['Not available']) to MLA.
	['Some tensors are not 4D. Support for tensors that are not 4D is disabled in the compilation settings.']
2026-07-07 14:07:04,712 - afe.ir.transform.calibration_transforms - INFO - Running Calibration ...
2026-07-07 14:07:10,908 - afe.ir.transform.calibration_transforms - INFO - Calibration progress: completed 1 samples
2026-07-07 14:07:17,142 - afe.ir.transform.calibration_transforms - INFO - Calibration progress: completed 2 samples
2026-07-07 14:07:23,554 - afe.ir.transform.calibration_transforms - INFO - Calibration progress: completed 3 samples
2026-07-07 14:07:29,750 - afe.ir.transform.calibration_transforms - INFO - Calibration progress: completed 4 samples
2026-07-07 14:07:35,712 - afe.ir.transform.calibration_transforms - INFO - Calibration progress: completed 5 samples
2026-07-07 14:07:41,494 - afe.ir.transform.calibration_transforms - INFO - Calibration progress: completed 6 samples
2026-07-07 14:07:47,525 - afe.ir.transform.calibration_transforms - INFO - Calibration progress: completed 7 samples
2026-07-07 14:07:53,464 - afe.ir.transform.calibration_transforms - INFO - Calibration progress: completed 8 samples
2026-07-07 14:07:54,197 - afe.ir.defines - WARNING - In node MLA_0/conv2d_add_11, source_name ['/stem/stem.1/conv_scale/conv/Conv'], Precision of weights was reduced to avoid numeric saturation. Saturation was detected in the bias term.
2026-07-07 14:07:55,693 - afe.ir.defines - WARNING - In node MLA_0/conv2d_add_79, source_name ['/stages.1/blocks/blocks.0/token_mixer/mixer/conv_scale/conv/Conv'], Precision of weights was reduced to avoid numeric saturation. Saturation was detected in the zero point.
2026-07-07 14:07:56,231 - afe.ir.defines - WARNING - In node MLA_0/conv2d_add_129, source_name ['/stages.2/blocks/blocks.0/token_mixer/mixer/conv_scale/conv/Conv'], Precision of weights was reduced to avoid numeric saturation. Saturation was detected in the bias term.
2026-07-07 14:07:56,232 - afe.ir.defines - WARNING - In node MLA_0/conv2d_add_129, source_name ['/stages.2/blocks/blocks.0/token_mixer/mixer/conv_scale/conv/Conv'], Precision of weights was reduced to avoid numeric saturation. Saturation was detected for integer convolution.
2026-07-07 14:07:56,232 - afe.ir.defines - WARNING - In node MLA_0/conv2d_add_129, source_name ['/stages.2/blocks/blocks.0/token_mixer/mixer/conv_scale/conv/Conv'], Weights were set to zero to avoid numeric saturation. Saturation was detected for integer convolution.
2026-07-07 14:07:56,232 - afe.ir.defines - WARNING - In node MLA_0/conv2d_add_129, source_name ['/stages.2/blocks/blocks.0/token_mixer/mixer/conv_scale/conv/Conv'], Precision of weights was reduced to avoid numeric saturation. Saturation was detected in the zero point.
2026-07-07 14:07:56,706 - afe.ir.defines - WARNING - In node MLA_0/conv2d_add_167, source_name ['/stages.2/blocks/blocks.2/token_mixer/mixer/conv_scale/conv/Conv'], Precision of weights was reduced to avoid numeric saturation. Saturation was detected in the bias term.
2026-07-07 14:07:56,918 - afe.ir.defines - WARNING - In node MLA_0/conv2d_add_186, source_name ['/stages.2/blocks/blocks.3/token_mixer/mixer/conv_scale/conv/Conv'], Precision of weights was reduced to avoid numeric saturation. Saturation was detected for integer convolution.
2026-07-07 14:07:56,918 - afe.ir.defines - WARNING - In node MLA_0/conv2d_add_186, source_name ['/stages.2/blocks/blocks.3/token_mixer/mixer/conv_scale/conv/Conv'], Weights were set to zero to avoid numeric saturation. Saturation was detected for integer convolution.
2026-07-07 14:07:57,522 - afe.ir.defines - WARNING - In node MLA_0/conv2d_add_236, source_name ['/stages.3/blocks/blocks.1/token_mixer/mixer/conv_scale/conv/Conv'], Precision of weights was reduced to avoid numeric saturation. Saturation was detected for integer convolution.
2026-07-07 14:07:57,522 - afe.ir.defines - WARNING - In node MLA_0/conv2d_add_236, source_name ['/stages.3/blocks/blocks.1/token_mixer/mixer/conv_scale/conv/Conv'], Weights were set to zero to avoid numeric saturation. Saturation was detected for integer convolution.
2026-07-07 14:07:57,522 - afe.ir.defines - WARNING - In node MLA_0/conv2d_add_236, source_name ['/stages.3/blocks/blocks.1/token_mixer/mixer/conv_scale/conv/Conv'], Precision of weights was reduced to avoid numeric saturation. Saturation was detected in the zero point.
Running Calibration ...
Running Calibration ...DONE
Running quantization ...
Running quantization ...DONE
[INFO] Quantized model saved.
[INFO] ------------------------------------------------------------
[INFO] Internal graph structure (for tessellate parameters):
[INFO]   Input node names: ['input']
[INFO]   Output node name: dequantize_1
[INFO]   All nodes:
[INFO]     PLACEHOLDER: input
[INFO] ------------------------------------------------------------
[INFO] Compiling for modalix with batch size 1...
2026-07-07 14:08:00,423 - afe.apis.model - INFO - Compiling quantized net "fastvit_t8.surgery"
2026-07-07 14:08:00,498 - afe.core.compile_networks - INFO - The model is split into 1 segments for MLA and APU
2026-07-07 14:08:00,498 - afe.backends.mla.afe_to_n2a_compiler.n2a_compiler_operations - INFO - Stage 1 of 1: compiling for MLA
2026-07-07 14:08:00,540 - mlc.compiler.model_graph.l1_based - INFO - Get model compilation properties
2026-07-07 14:08:00,547 - mlc.compiler.model_graph.l1_based - INFO - Checking if layers fit into memory without splitting
2026-07-07 14:08:00,547 - mlc.compiler.model_graph.l1_based - INFO - Generating the list of feasible layouts
2026-07-07 14:08:00,547 - mlc.compiler.model_graph.l1_based - INFO - Setting layer parameters
2026-07-07 14:08:46,220 - mlc.compiler.model_graph.l1_based - INFO - Setting tile layouts
2026-07-07 14:09:06,670 - mlc.compiler.model_graph.l1_based - INFO - Allocating memory for IFM/OFM tensors
2026-07-07 14:09:07,074 - mlc.compiler.model_graph.l1_based - INFO - Get model compilation properties done
2026-07-07 14:09:07,269 - afe.backends.mla.afe_to_n2a_compiler.n2a_backend_runner - INFO - Start evaluate process to generate check file
2026-07-07 14:09:07,270 - mlc.kernel.layout - INFO - L2 caching mode: L2CachingMode.NONE
2026-07-07 14:09:07,339 - mlc.compiler.model_graph.l1_based - INFO - Generating model code
2026-07-07 14:09:24,940 - mlc.compiler.model_graph.l1_based - INFO - Generating model code done
2026-07-07 14:09:25,250 - mlc.test_util.test_context - INFO - Scheduling instructions
2026-07-07 14:09:52,604 - mlc.test_util.test_context - INFO - Performing DRAM/L2 synchronization
2026-07-07 14:09:55,370 - mlc.test_util.test_context - INFO - Inserting and merging NOPs
2026-07-07 14:09:56,250 - mlc.test_util.test_context - INFO - Setting IQ sync bits
2026-07-07 14:09:56,315 - mlc.test_util.test_context - INFO - Run compression
2026-07-07 14:09:57,704 - mlc.test_util.test_context - INFO - Compression done in 1s. Compression ratio: 0.778
2026-07-07 14:09:57,704 - mlc.test_util.test_context - INFO - Re-allocate dram memory
2026-07-07 14:09:57,795 - mlc.test_util.test_context - INFO - Generating metrics
2026-07-07 14:09:58,066 - mlc.test_util.test_context - INFO - Writing report to MLC file
2026-07-07 14:09:58,067 - mlc.test_util.test_context - INFO - Writing instructions to MLC file
2026-07-07 14:10:08,493 - mlc.test_util.test_context - INFO - Code generation done
2026-07-07 14:10:08,503 - afe.backends.mla.afe_to_n2a_compiler.n2a_compiler_operations - INFO -   Evaluate model and writing chk file done in 8s.
2026-07-07 14:10:17,002 - afe.backends.mpk.interface - INFO - ==============================
2026-07-07 14:10:17,002 - afe.backends.mpk.interface - INFO - Compilation summary:
2026-07-07 14:10:17,002 - afe.backends.mpk.interface - INFO - ------------------------------
2026-07-07 14:10:17,002 - afe.backends.mpk.interface - INFO - Desired batch size: 1
2026-07-07 14:10:17,002 - afe.backends.mpk.interface - INFO - Achieved batch size: 1
2026-07-07 14:10:17,002 - afe.backends.mpk.interface - INFO - ------------------------------
2026-07-07 14:10:17,002 - afe.backends.mpk.interface - INFO - Plugin distribution per backend:
2026-07-07 14:10:17,002 - afe.backends.mpk.interface - INFO - 	MLA : 1
2026-07-07 14:10:17,002 - afe.backends.mpk.interface - INFO - 	EV74: 5
2026-07-07 14:10:17,002 - afe.backends.mpk.interface - INFO - 	A65 : 0
2026-07-07 14:10:17,002 - afe.backends.mpk.interface - INFO - ------------------------------
2026-07-07 14:10:17,002 - afe.backends.mpk.interface - INFO - Generated files: fastvit_t8.surgery_mpk.json, 0_process_mla.json, 0_preproc.json, fastvit_t8.surgery_stage1_mla.elf, pipeline_sequence.json, 0_quanttess.json, 0_postproc.json, 0_boxdecoder.json, fastvit_t8.surgery_stage1_mla_stats.yaml, quantize_compile.py
[INFO] Compilation complete.
