Downloading: "https://download.pytorch.org/models/resnet50-11ad3fa6.pth" to /home/surajmaurya/.cache/torch/hub/checkpoints/resnet50-11ad3fa6.pth

  0%|          | 0.00/97.8M [00:00<?, ?B/s]
  0%|          | 128k/97.8M [00:00<05:32, 308kB/s]
  0%|          | 256k/97.8M [00:00<03:44, 455kB/s]
  0%|          | 384k/97.8M [00:00<02:42, 627kB/s]
  1%|          | 640k/97.8M [00:00<01:45, 966kB/s]
  1%|          | 1.00M/97.8M [00:01<01:07, 1.51MB/s]
  1%|▏         | 1.38M/97.8M [00:01<00:51, 1.97MB/s]
  2%|▏         | 1.88M/97.8M [00:01<00:36, 2.73MB/s]
  3%|▎         | 2.75M/97.8M [00:01<00:23, 4.24MB/s]
  4%|▍         | 3.75M/97.8M [00:01<00:16, 5.84MB/s]
  5%|▌         | 5.00M/97.8M [00:01<00:12, 7.78MB/s]
  7%|▋         | 6.50M/97.8M [00:01<00:09, 9.59MB/s]
  8%|▊         | 7.88M/97.8M [00:01<00:08, 10.7MB/s]
  9%|▉         | 9.12M/97.8M [00:01<00:08, 11.3MB/s]
 11%|█         | 10.5M/97.8M [00:01<00:07, 12.2MB/s]
 12%|█▏        | 12.0M/97.8M [00:02<00:06, 12.9MB/s]
 14%|█▎        | 13.4M/97.8M [00:02<00:06, 13.3MB/s]
 15%|█▌        | 14.8M/97.8M [00:02<00:06, 13.4MB/s]
 16%|█▋        | 16.1M/97.8M [00:02<00:06, 13.4MB/s]
 18%|█▊        | 17.5M/97.8M [00:02<00:06, 13.6MB/s]
 19%|█▉        | 18.9M/97.8M [00:02<00:06, 13.8MB/s]
 21%|██        | 20.2M/97.8M [00:02<00:05, 13.9MB/s]
 22%|██▏       | 21.6M/97.8M [00:02<00:05, 13.8MB/s]
 24%|██▎       | 23.0M/97.8M [00:03<00:08, 8.77MB/s]
 25%|██▍       | 24.1M/97.8M [00:03<00:13, 5.74MB/s]
 26%|██▌       | 25.0M/97.8M [00:03<00:13, 5.79MB/s]
 26%|██▋       | 25.9M/97.8M [00:03<00:11, 6.31MB/s]
 28%|██▊       | 27.1M/97.8M [00:03<00:09, 7.53MB/s]
 29%|██▉       | 28.5M/97.8M [00:04<00:08, 8.92MB/s]
 31%|███       | 30.0M/97.8M [00:04<00:06, 10.3MB/s]
 32%|███▏      | 31.2M/97.8M [00:04<00:07, 9.78MB/s]
 33%|███▎      | 32.4M/97.8M [00:04<00:08, 8.57MB/s]
 34%|███▍      | 33.4M/97.8M [00:04<00:08, 8.16MB/s]
 35%|███▌      | 34.2M/97.8M [00:04<00:08, 7.69MB/s]
 36%|███▌      | 35.1M/97.8M [00:05<00:11, 5.68MB/s]
 37%|███▋      | 36.5M/97.8M [00:05<00:08, 7.28MB/s]
 38%|███▊      | 37.4M/97.8M [00:05<00:11, 5.41MB/s]
 40%|███▉      | 39.0M/97.8M [00:05<00:08, 7.21MB/s]
 41%|████      | 40.0M/97.8M [00:05<00:08, 7.01MB/s]
 42%|████▏     | 40.9M/97.8M [00:05<00:08, 7.23MB/s]
 43%|████▎     | 42.0M/97.8M [00:06<00:10, 5.51MB/s]
 45%|████▍     | 43.9M/97.8M [00:06<00:07, 7.82MB/s]
 46%|████▌     | 44.9M/97.8M [00:06<00:07, 7.50MB/s]
 47%|████▋     | 45.9M/97.8M [00:06<00:07, 7.36MB/s]
 48%|████▊     | 46.9M/97.8M [00:06<00:06, 7.73MB/s]
 49%|████▉     | 47.8M/97.8M [00:07<00:09, 5.39MB/s]
 50%|█████     | 49.2M/97.8M [00:07<00:07, 7.00MB/s]
 51%|█████▏    | 50.1M/97.8M [00:07<00:06, 7.22MB/s]
 52%|█████▏    | 51.2M/97.8M [00:07<00:08, 5.47MB/s]
 54%|█████▍    | 53.0M/97.8M [00:07<00:06, 7.58MB/s]
 55%|█████▌    | 54.0M/97.8M [00:07<00:06, 7.31MB/s]
 56%|█████▌    | 54.9M/97.8M [00:07<00:06, 7.40MB/s]
 57%|█████▋    | 55.9M/97.8M [00:08<00:07, 5.55MB/s]
 59%|█████▊    | 57.2M/97.8M [00:08<00:06, 7.02MB/s]
 59%|█████▉    | 58.1M/97.8M [00:08<00:06, 6.82MB/s]
 60%|██████    | 59.0M/97.8M [00:08<00:05, 6.90MB/s]
 61%|██████▏   | 60.0M/97.8M [00:08<00:05, 7.63MB/s]
 63%|██████▎   | 61.1M/97.8M [00:09<00:07, 5.46MB/s]
 65%|██████▍   | 63.2M/97.8M [00:09<00:04, 8.22MB/s]
 66%|██████▌   | 64.4M/97.8M [00:09<00:04, 7.92MB/s]
 67%|██████▋   | 65.4M/97.8M [00:09<00:07, 4.36MB/s]
 69%|██████▊   | 67.1M/97.8M [00:10<00:05, 6.08MB/s]
 70%|██████▉   | 68.4M/97.8M [00:10<00:04, 7.15MB/s]
 71%|███████▏  | 69.9M/97.8M [00:10<00:03, 8.54MB/s]
 73%|███████▎  | 71.1M/97.8M [00:10<00:06, 4.66MB/s]
 75%|███████▍  | 73.1M/97.8M [00:10<00:03, 6.65MB/s]
 76%|███████▌  | 74.4M/97.8M [00:11<00:03, 7.60MB/s]
 77%|███████▋  | 75.8M/97.8M [00:11<00:02, 8.75MB/s]
 79%|███████▊  | 77.0M/97.8M [00:11<00:03, 6.75MB/s]
 81%|████████  | 78.8M/97.8M [00:11<00:02, 8.53MB/s]
 82%|████████▏ | 80.0M/97.8M [00:11<00:02, 8.04MB/s]
 83%|████████▎ | 81.1M/97.8M [00:11<00:02, 8.01MB/s]
 84%|████████▍ | 82.1M/97.8M [00:12<00:02, 6.24MB/s]
 85%|████████▌ | 83.4M/97.8M [00:12<00:02, 7.33MB/s]
 86%|████████▋ | 84.4M/97.8M [00:12<00:01, 7.14MB/s]
 87%|████████▋ | 85.2M/97.8M [00:12<00:01, 7.25MB/s]
 88%|████████▊ | 86.1M/97.8M [00:12<00:02, 5.30MB/s]
 89%|████████▉ | 87.4M/97.8M [00:13<00:01, 6.64MB/s]
 90%|█████████ | 88.2M/97.8M [00:13<00:01, 6.38MB/s]
 91%|█████████ | 89.0M/97.8M [00:13<00:01, 6.64MB/s]
 92%|█████████▏| 90.1M/97.8M [00:13<00:01, 7.76MB/s]
 93%|█████████▎| 91.1M/97.8M [00:13<00:01, 5.60MB/s]
 95%|█████████▌| 93.2M/97.8M [00:13<00:00, 8.57MB/s]
 97%|█████████▋| 94.4M/97.8M [00:14<00:00, 7.16MB/s]
 98%|█████████▊| 95.4M/97.8M [00:14<00:00, 7.32MB/s]
 98%|█████████▊| 96.2M/97.8M [00:14<00:00, 7.08MB/s]
 99%|█████████▉| 97.1M/97.8M [00:14<00:00, 7.28MB/s]
100%|██████████| 97.8M/97.8M [00:14<00:00, 7.08MB/s]
{
  "model_id": "resnet50",
  "source": "https://docs.pytorch.org/vision/main/models/generated/torchvision.models.resnet50.html",
  "license_note": "TorchVision/PyTorch model weights; review upstream weight metadata before redistribution.",
  "family": "torchvision",
  "arch": "resnet50",
  "input_shape": [
    1,
    3,
    224,
    224
  ],
  "input_name": "input",
  "output_names": [
    "logits"
  ],
  "status": "exported",
  "onnx_path": "/workspace/demo-neat/model-compilation/work/resnet50/onnx/resnet50.onnx",
  "onnx": {
    "ir_version": 8,
    "opsets": {
      "ai.onnx": 17
    },
    "inputs": [
      "input"
    ],
    "outputs": [
      "logits"
    ],
    "nodes": 122
  }
}
