[INFO] ------------------------------------------------------------
[INFO] Model Compiler Version: 2.1.0
[INFO] Python Version: 3.12.3
[INFO] Output Directory: /workspace/demo-neat/model-compilation/work/resnet50/compile/resnet50.surgery
[INFO] ------------------------------------------------------------
[INFO] Preparing ONNX model: /workspace/demo-neat/model-compilation/work/resnet50/surgery/resnet50.surgery.onnx
[INFO] Simplifying with fixed shapes: {'input': [1, 3, 224, 224]}
[INFO] Prepared model saved to: /workspace/demo-neat/model-compilation/work/resnet50/surgery/resnet50.surgery_prepared.onnx
[INFO] Model successfully loaded for modalix
[INFO] Initializing quantization...
[INFO] Loading real calibration data from: /workspace/demo-neat/model-compilation/assets/calibration
2026-07-07 13:58:36,044 - afe.apis.loaded_net - INFO - Quantize loaded net, layout = NCHW, arm_only = False
2026-07-07 13:58:36,044 - afe.apis.loaded_net - INFO - Calibration method = mse
2026-07-07 13:59:06,274 - afe.backends.mla.mla_checkers - INFO - Cannot assign node nn.batch_flatten_72, source_name(['Not available']) to MLA.
	['Some tensors are not 4D. Support for tensors that are not 4D is disabled in the compilation settings.']
2026-07-07 13:59:07,819 - afe.ir.transform.calibration_transforms - INFO - Running Calibration ...
2026-07-07 13:59:13,166 - afe.ir.transform.calibration_transforms - INFO - Calibration progress: completed 4 samples
2026-07-07 13:59:18,285 - afe.ir.transform.calibration_transforms - INFO - Calibration progress: completed 8 samples
2026-07-07 13:59:18,348 - afe.ir.defines - WARNING - In node MLA_0/conv2d_add_4, source_name ['/layer1/layer1.0/conv3/Conv'], Precision of weights was reduced to avoid numeric saturation. Saturation was detected in the bias term.
2026-07-07 13:59:18,348 - afe.ir.defines - WARNING - In node MLA_0/conv2d_add_4, source_name ['/layer1/layer1.0/conv3/Conv'], Precision of weights was reduced to avoid numeric saturation. Saturation was detected in the zero point.
2026-07-07 13:59:18,362 - afe.ir.defines - WARNING - In node MLA_0/conv2d_add_5, source_name ['/layer1/layer1.0/downsample/downsample.0/Conv'], Precision of weights was reduced to avoid numeric saturation. Saturation was detected for integer convolution.
2026-07-07 13:59:18,362 - afe.ir.defines - WARNING - In node MLA_0/conv2d_add_5, source_name ['/layer1/layer1.0/downsample/downsample.0/Conv'], Precision of weights was reduced to avoid numeric saturation. Saturation was detected in the zero point.
2026-07-07 13:59:18,438 - afe.ir.defines - WARNING - In node MLA_0/conv2d_add_relu_7, source_name ['/layer1/layer1.1/relu/Relu', '/layer1/layer1.1/conv1/Conv'], Precision of weights was reduced to avoid numeric saturation. Saturation was detected in the bias term.
Running Calibration ...
Running Calibration ...DONE
Running quantization ...
Running quantization ...DONE
[INFO] Quantized model saved.
[INFO] ------------------------------------------------------------
[INFO] Internal graph structure (for tessellate parameters):
[INFO]   Input node names: ['input']
[INFO]   Output node name: dequantize_1
[INFO]   All nodes:
[INFO]     PLACEHOLDER: input
[INFO] ------------------------------------------------------------
[INFO] Compiling for modalix with batch size 1...
2026-07-07 13:59:21,266 - afe.apis.model - INFO - Compiling quantized net "resnet50.surgery"
2026-07-07 13:59:21,304 - afe.core.compile_networks - INFO - The model is split into 1 segments for MLA and APU
2026-07-07 13:59:21,304 - afe.backends.mla.afe_to_n2a_compiler.n2a_compiler_operations - INFO - Stage 1 of 1: compiling for MLA
2026-07-07 13:59:21,324 - mlc.compiler.model_graph.l1_based - INFO - Get model compilation properties
2026-07-07 13:59:21,326 - mlc.compiler.model_graph.l1_based - INFO - Checking if layers fit into memory without splitting
2026-07-07 13:59:21,326 - mlc.compiler.model_graph.l1_based - INFO - Generating the list of feasible layouts
2026-07-07 13:59:21,326 - mlc.compiler.model_graph.l1_based - INFO - Setting layer parameters
2026-07-07 13:59:38,928 - mlc.compiler.model_graph.l1_based - INFO - Setting tile layouts
2026-07-07 13:59:54,496 - mlc.compiler.model_graph.l1_based - INFO - Allocating memory for IFM/OFM tensors
2026-07-07 13:59:54,620 - mlc.compiler.model_graph.l1_based - INFO - Get model compilation properties done
2026-07-07 13:59:54,724 - afe.backends.mla.afe_to_n2a_compiler.n2a_backend_runner - INFO - Start evaluate process to generate check file
2026-07-07 13:59:54,724 - mlc.kernel.layout - INFO - L2 caching mode: L2CachingMode.NONE
2026-07-07 13:59:54,743 - mlc.compiler.model_graph.l1_based - INFO - Generating model code
2026-07-07 14:00:06,458 - mlc.compiler.model_graph.l1_based - INFO - Generating model code done
2026-07-07 14:00:06,656 - mlc.test_util.test_context - INFO - Scheduling instructions
2026-07-07 14:00:21,078 - mlc.test_util.test_context - INFO - Performing DRAM/L2 synchronization
2026-07-07 14:00:23,406 - mlc.test_util.test_context - INFO - Inserting and merging NOPs
2026-07-07 14:00:23,881 - mlc.test_util.test_context - INFO - Setting IQ sync bits
2026-07-07 14:00:23,930 - mlc.test_util.test_context - INFO - Run compression
2026-07-07 14:00:29,082 - mlc.test_util.test_context - INFO - Compression done in 5s. Compression ratio: 0.823
2026-07-07 14:00:29,082 - mlc.test_util.test_context - INFO - Re-allocate dram memory
2026-07-07 14:00:29,144 - mlc.test_util.test_context - INFO - Generating metrics
2026-07-07 14:00:29,301 - mlc.test_util.test_context - INFO - Writing report to MLC file
2026-07-07 14:00:29,302 - mlc.test_util.test_context - INFO - Writing instructions to MLC file
2026-07-07 14:00:42,614 - mlc.test_util.test_context - INFO - Code generation done
2026-07-07 14:00:42,615 - afe.backends.mla.afe_to_n2a_compiler.n2a_compiler_operations - INFO -   Evaluate model and writing chk file done in 5s.
2026-07-07 14:00:49,228 - afe.backends.mpk.interface - INFO - ==============================
2026-07-07 14:00:49,228 - afe.backends.mpk.interface - INFO - Compilation summary:
2026-07-07 14:00:49,228 - afe.backends.mpk.interface - INFO - ------------------------------
2026-07-07 14:00:49,228 - afe.backends.mpk.interface - INFO - Desired batch size: 1
2026-07-07 14:00:49,228 - afe.backends.mpk.interface - INFO - Achieved batch size: 1
2026-07-07 14:00:49,228 - afe.backends.mpk.interface - INFO - ------------------------------
2026-07-07 14:00:49,228 - afe.backends.mpk.interface - INFO - Plugin distribution per backend:
2026-07-07 14:00:49,228 - afe.backends.mpk.interface - INFO - 	MLA : 1
2026-07-07 14:00:49,228 - afe.backends.mpk.interface - INFO - 	EV74: 5
2026-07-07 14:00:49,228 - afe.backends.mpk.interface - INFO - 	A65 : 0
2026-07-07 14:00:49,228 - afe.backends.mpk.interface - INFO - ------------------------------
2026-07-07 14:00:49,228 - afe.backends.mpk.interface - INFO - Generated files: 0_process_mla.json, resnet50.surgery_stage1_mla.elf, 0_preproc.json, resnet50.surgery_stage1_mla_stats.yaml, resnet50.surgery_mpk.json, pipeline_sequence.json, 0_quanttess.json, 0_postproc.json, 0_boxdecoder.json, quantize_compile.py
[INFO] Compilation complete.
