{
  "release": "2.1",
  "dtype": "int8",
  "model_operator_total": 739,
  "unique_operator_total": 17,
  "supported_count": 12,
  "unsupported_count": 0,
  "unknown_count": 5,
  "supported": [
    {
      "operator": "Add",
      "count": 193,
      "onnx-opset-version": "14",
      "int8": "Y",
      "bfloat16": "Y",
      "sima_hw_sw_constraints": null,
      "notes": "Can be fused with conv or matmul."
    },
    {
      "operator": "Concat",
      "count": 1,
      "onnx-opset-version": "13",
      "int8": "Y",
      "bfloat16": "Y",
      "sima_hw_sw_constraints": null,
      "notes": null
    },
    {
      "operator": "Conv",
      "count": 54,
      "onnx-opset-version": "11",
      "int8": "Y",
      "bfloat16": "Y",
      "sima_hw_sw_constraints": "dilation = [1, 63] (HW)\nstrides = [1, 31] (HW)",
      "notes": "fused with bias and activation.  ONNX does not have 1D convolution, though we support it for other frontends."
    },
    {
      "operator": "MatMul",
      "count": 112,
      "onnx-opset-version": "13",
      "int8": "Y",
      "bfloat16": "Y",
      "sima_hw_sw_constraints": null,
      "notes": "Batched MatMul."
    },
    {
      "operator": "MaxPool",
      "count": 1,
      "onnx-opset-version": "12",
      "int8": "Y",
      "bfloat16": "Y",
      "sima_hw_sw_constraints": "dilations = 1 (HW)\nkernel_shape: If global pool, no size limit; otherwise size < 128. (HW)\n\nstorage_order: No optional indices tensor output (SW)",
      "notes": "1. If global pool, any shape.\n2. The 128 is from the HW instruction limit in gen1 and gen2. Possible to impove in compiler.\n3. Possible to improve compiler to support any shape.\n4.  ceil_mode=True is handled by the rewrite rule SetCeilModeToFalseForNDPooling.\n5. dilation>1 is not supported by HW."
    },
    {
      "operator": "Mul",
      "count": 69,
      "onnx-opset-version": "14",
      "int8": "Y",
      "bfloat16": "Y",
      "sima_hw_sw_constraints": null,
      "notes": null
    },
    {
      "operator": "Relu",
      "count": 63,
      "onnx-opset-version": "14",
      "int8": "Y",
      "bfloat16": "Y",
      "sima_hw_sw_constraints": null,
      "notes": null
    },
    {
      "operator": "Reshape",
      "count": 85,
      "onnx-opset-version": "14",
      "int8": "Y",
      "bfloat16": "Y",
      "sima_hw_sw_constraints": "allowzero = 0 (SW)\nShape cannot be empty. (SW)",
      "notes": "batch_flatten, expand_dims, and squeeze are converted to reshape, and they are supported if the reshape operator is supported"
    },
    {
      "operator": "Sigmoid",
      "count": 1,
      "onnx-opset-version": "13",
      "int8": "Y",
      "bfloat16": "Y",
      "sima_hw_sw_constraints": null,
      "notes": null
    },
    {
      "operator": "Slice",
      "count": 2,
      "onnx-opset-version": "13",
      "int8": "Y",
      "bfloat16": "Y",
      "sima_hw_sw_constraints": "Positive strides. (SW)",
      "notes": "Converted to Conv2d."
    },
    {
      "operator": "Softmax",
      "count": 17,
      "onnx-opset-version": "13",
      "int8": "Y",
      "bfloat16": "Y",
      "sima_hw_sw_constraints": null,
      "notes": null
    },
    {
      "operator": "Transpose",
      "count": 69,
      "onnx-opset-version": "13",
      "int8": "Y",
      "bfloat16": "Y",
      "sima_hw_sw_constraints": null,
      "notes": null
    }
  ],
  "unsupported": [],
  "unknown": [
    {
      "operator": "Constant",
      "count": 10,
      "onnx-opset-version": null,
      "int8": null,
      "bfloat16": null,
      "sima_hw_sw_constraints": null,
      "notes": null
    },
    {
      "operator": "Gemm",
      "count": 17,
      "onnx-opset-version": null,
      "int8": null,
      "bfloat16": null,
      "sima_hw_sw_constraints": null,
      "notes": null
    },
    {
      "operator": "LayerNormalization",
      "count": 35,
      "onnx-opset-version": null,
      "int8": null,
      "bfloat16": null,
      "sima_hw_sw_constraints": null,
      "notes": null
    },
    {
      "operator": "Squeeze",
      "count": 3,
      "onnx-opset-version": null,
      "int8": null,
      "bfloat16": null,
      "sima_hw_sw_constraints": null,
      "notes": null
    },
    {
      "operator": "Unsqueeze",
      "count": 7,
      "onnx-opset-version": null,
      "int8": null,
      "bfloat16": null,
      "sima_hw_sw_constraints": null,
      "notes": null
    }
  ]
}
