Downloading: "https://download.pytorch.org/models/vit_b_16-c867db91.pth" to /home/surajmaurya/.cache/torch/hub/checkpoints/vit_b_16-c867db91.pth

  0%|          | 0.00/330M [00:00<?, ?B/s]
  0%|          | 128k/330M [00:00<18:54, 305kB/s]
  0%|          | 256k/330M [00:00<13:05, 441kB/s]
  0%|          | 384k/330M [00:00<09:35, 602kB/s]
  0%|          | 512k/330M [00:00<07:33, 763kB/s]
  0%|          | 768k/330M [00:00<04:58, 1.16MB/s]
  0%|          | 1.12M/330M [00:01<03:19, 1.73MB/s]
  0%|          | 1.62M/330M [00:01<02:17, 2.51MB/s]
  1%|          | 2.38M/330M [00:01<01:32, 3.72MB/s]
  1%|          | 3.25M/330M [00:01<01:06, 5.13MB/s]
  1%|▏         | 4.50M/330M [00:01<00:47, 7.12MB/s]
  2%|▏         | 5.88M/330M [00:01<00:37, 9.07MB/s]
  2%|▏         | 7.25M/330M [00:01<00:32, 10.5MB/s]
  3%|▎         | 8.50M/330M [00:01<00:30, 11.2MB/s]
  3%|▎         | 9.88M/330M [00:01<00:27, 12.1MB/s]
  3%|▎         | 11.2M/330M [00:02<00:26, 12.7MB/s]
  4%|▍         | 12.8M/330M [00:02<00:25, 13.3MB/s]
  4%|▍         | 14.2M/330M [00:02<00:24, 13.7MB/s]
  5%|▍         | 15.8M/330M [00:02<00:23, 14.1MB/s]
  5%|▌         | 17.1M/330M [00:02<00:23, 14.1MB/s]
  6%|▌         | 18.6M/330M [00:02<00:22, 14.4MB/s]
  6%|▌         | 20.0M/330M [00:02<00:22, 14.2MB/s]
  6%|▋         | 21.4M/330M [00:02<00:22, 14.1MB/s]
  7%|▋         | 22.8M/330M [00:03<00:35, 9.20MB/s]
  7%|▋         | 23.9M/330M [00:03<00:33, 9.66MB/s]
  8%|▊         | 25.0M/330M [00:03<00:51, 6.26MB/s]
  8%|▊         | 27.0M/330M [00:03<00:36, 8.61MB/s]
  9%|▊         | 28.2M/330M [00:03<00:46, 6.82MB/s]
  9%|▉         | 29.6M/330M [00:04<00:39, 8.05MB/s]
  9%|▉         | 30.8M/330M [00:04<01:10, 4.47MB/s]
 10%|▉         | 32.4M/330M [00:04<00:52, 5.95MB/s]
 10%|█         | 33.5M/330M [00:04<00:46, 6.65MB/s]
 11%|█         | 34.9M/330M [00:05<00:39, 7.88MB/s]
 11%|█         | 36.2M/330M [00:05<00:33, 9.08MB/s]
 11%|█▏        | 37.5M/330M [00:05<01:03, 4.86MB/s]
 12%|█▏        | 39.4M/330M [00:05<00:44, 6.79MB/s]
 12%|█▏        | 40.6M/330M [00:05<00:39, 7.59MB/s]
 13%|█▎        | 42.0M/330M [00:06<00:34, 8.71MB/s]
 13%|█▎        | 43.2M/330M [00:06<00:45, 6.57MB/s]
 14%|█▎        | 45.1M/330M [00:06<00:34, 8.63MB/s]
 14%|█▍        | 46.4M/330M [00:06<00:43, 6.85MB/s]
 14%|█▍        | 47.8M/330M [00:07<00:47, 6.20MB/s]
 15%|█▌        | 49.8M/330M [00:07<00:35, 8.39MB/s]
 15%|█▌        | 51.0M/330M [00:07<00:43, 6.73MB/s]
 16%|█▌        | 52.4M/330M [00:07<00:37, 7.82MB/s]
 16%|█▌        | 53.5M/330M [00:07<00:46, 6.25MB/s]
 17%|█▋        | 55.2M/330M [00:08<01:01, 4.67MB/s]
 17%|█▋        | 57.2M/330M [00:08<00:43, 6.52MB/s]
 18%|█▊        | 58.4M/330M [00:08<00:39, 7.14MB/s]
 18%|█▊        | 59.6M/330M [00:08<00:34, 8.12MB/s]
 18%|█▊        | 61.0M/330M [00:09<00:59, 4.74MB/s]
 19%|█▉        | 63.4M/330M [00:09<00:39, 7.08MB/s]
 20%|█▉        | 64.6M/330M [00:09<00:35, 7.94MB/s]
 20%|█▉        | 65.9M/330M [00:09<00:31, 8.73MB/s]
 20%|██        | 67.1M/330M [00:10<00:57, 4.80MB/s]
 21%|██        | 69.4M/330M [00:10<00:38, 7.09MB/s]
 21%|██▏       | 70.9M/330M [00:10<00:32, 8.26MB/s]
 22%|██▏       | 72.2M/330M [00:10<00:29, 9.30MB/s]
 22%|██▏       | 73.6M/330M [00:11<00:45, 5.94MB/s]
 23%|██▎       | 74.8M/330M [00:11<00:48, 5.48MB/s]
 23%|██▎       | 75.6M/330M [00:11<00:44, 5.98MB/s]
 23%|██▎       | 76.6M/330M [00:11<00:39, 6.72MB/s]
 24%|██▎       | 77.9M/330M [00:11<00:33, 7.90MB/s]
 24%|██▍       | 79.2M/330M [00:11<00:28, 9.23MB/s]
 24%|██▍       | 80.4M/330M [00:12<00:43, 6.00MB/s]
 25%|██▍       | 81.5M/330M [00:12<00:38, 6.86MB/s]
 25%|██▍       | 82.5M/330M [00:12<00:37, 6.84MB/s]
 25%|██▌       | 83.4M/330M [00:12<00:38, 6.75MB/s]
 26%|██▌       | 84.2M/330M [00:12<00:37, 6.95MB/s]
 26%|██▌       | 85.4M/330M [00:12<00:32, 7.92MB/s]
 26%|██▌       | 86.6M/330M [00:12<00:28, 8.83MB/s]
 27%|██▋       | 87.8M/330M [00:13<00:40, 6.25MB/s]
 27%|██▋       | 89.2M/330M [00:13<00:31, 7.90MB/s]
 27%|██▋       | 90.2M/330M [00:13<00:33, 7.54MB/s]
 28%|██▊       | 91.1M/330M [00:13<00:33, 7.57MB/s]
 28%|██▊       | 92.2M/330M [00:13<00:29, 8.38MB/s]
 28%|██▊       | 93.2M/330M [00:13<00:40, 6.13MB/s]
 29%|██▊       | 94.6M/330M [00:14<00:33, 7.43MB/s]
 29%|██▉       | 95.5M/330M [00:14<00:34, 7.23MB/s]
 29%|██▉       | 96.4M/330M [00:14<00:33, 7.28MB/s]
 29%|██▉       | 97.4M/330M [00:14<00:30, 7.90MB/s]
 30%|██▉       | 98.2M/330M [00:14<00:43, 5.65MB/s]
 30%|███       | 99.9M/330M [00:14<00:31, 7.74MB/s]
 31%|███       | 101M/330M [00:15<00:40, 5.88MB/s] 
 31%|███       | 102M/330M [00:15<00:35, 6.76MB/s]
 31%|███       | 103M/330M [00:15<00:35, 6.77MB/s]
 31%|███▏      | 104M/330M [00:15<00:33, 7.13MB/s]
 32%|███▏      | 105M/330M [00:15<00:29, 8.08MB/s]
 32%|███▏      | 106M/330M [00:16<00:56, 4.17MB/s]
 33%|███▎      | 107M/330M [00:16<00:38, 6.03MB/s]
 33%|███▎      | 108M/330M [00:16<00:34, 6.76MB/s]
 33%|███▎      | 110M/330M [00:16<00:29, 7.88MB/s]
 34%|███▎      | 111M/330M [00:16<00:25, 8.94MB/s]
 34%|███▍      | 112M/330M [00:16<00:38, 5.98MB/s]
 34%|███▍      | 113M/330M [00:17<00:36, 6.17MB/s]
 34%|███▍      | 114M/330M [00:17<00:35, 6.35MB/s]
 35%|███▍      | 114M/330M [00:17<00:35, 6.44MB/s]
 35%|███▍      | 115M/330M [00:17<00:32, 7.04MB/s]
 35%|███▌      | 117M/330M [00:17<00:25, 8.62MB/s]
 36%|███▌      | 118M/330M [00:17<00:36, 6.13MB/s]
 36%|███▌      | 120M/330M [00:17<00:26, 8.19MB/s]
 37%|███▋      | 121M/330M [00:18<00:25, 8.64MB/s]
 37%|███▋      | 122M/330M [00:18<00:36, 6.05MB/s]
 37%|███▋      | 122M/330M [00:18<00:35, 6.23MB/s]
 37%|███▋      | 123M/330M [00:18<00:34, 6.35MB/s]
 38%|███▊      | 124M/330M [00:18<00:31, 6.89MB/s]
 38%|███▊      | 125M/330M [00:18<00:27, 7.94MB/s]
 38%|███▊      | 126M/330M [00:19<00:37, 5.76MB/s]
 39%|███▊      | 128M/330M [00:19<00:31, 6.65MB/s]
 39%|███▉      | 128M/330M [00:19<00:35, 6.04MB/s]
 39%|███▉      | 129M/330M [00:19<00:33, 6.31MB/s]
 39%|███▉      | 130M/330M [00:19<00:28, 7.39MB/s]
 40%|███▉      | 132M/330M [00:19<00:23, 8.83MB/s]
 40%|████      | 133M/330M [00:20<00:33, 6.16MB/s]
 41%|████      | 134M/330M [00:20<00:27, 7.41MB/s]
 41%|████      | 135M/330M [00:20<00:28, 7.23MB/s]
 41%|████      | 136M/330M [00:20<00:28, 7.18MB/s]
 41%|████▏     | 137M/330M [00:20<00:25, 8.10MB/s]
 42%|████▏     | 138M/330M [00:20<00:35, 5.73MB/s]
 42%|████▏     | 139M/330M [00:21<00:34, 5.75MB/s]
 42%|████▏     | 140M/330M [00:21<00:29, 6.68MB/s]
 43%|████▎     | 142M/330M [00:21<00:24, 7.95MB/s]
 43%|████▎     | 142M/330M [00:21<00:33, 5.86MB/s]
 44%|████▍     | 145M/330M [00:21<00:22, 8.59MB/s]
 44%|████▍     | 146M/330M [00:22<00:31, 6.20MB/s]
 45%|████▍     | 147M/330M [00:22<00:24, 7.79MB/s]
 45%|████▍     | 148M/330M [00:22<00:25, 7.45MB/s]
 45%|████▌     | 150M/330M [00:22<00:25, 7.52MB/s]
 46%|████▌     | 150M/330M [00:22<00:34, 5.52MB/s]
 46%|████▌     | 152M/330M [00:22<00:24, 7.59MB/s]
 46%|████▋     | 153M/330M [00:23<00:25, 7.29MB/s]
 47%|████▋     | 154M/330M [00:23<00:25, 7.36MB/s]
 47%|████▋     | 155M/330M [00:23<00:35, 5.13MB/s]
 47%|████▋     | 157M/330M [00:23<00:24, 7.37MB/s]
 48%|████▊     | 158M/330M [00:23<00:24, 7.33MB/s]
 48%|████▊     | 159M/330M [00:23<00:24, 7.21MB/s]
 48%|████▊     | 160M/330M [00:24<00:23, 7.72MB/s]
 49%|████▊     | 161M/330M [00:24<00:22, 7.88MB/s]
 49%|████▉     | 162M/330M [00:24<00:29, 5.96MB/s]
 49%|████▉     | 163M/330M [00:24<00:24, 7.07MB/s]
 50%|████▉     | 164M/330M [00:24<00:27, 6.42MB/s]
 50%|████▉     | 164M/330M [00:24<00:26, 6.65MB/s]
 50%|████▉     | 165M/330M [00:24<00:25, 6.86MB/s]
 50%|█████     | 166M/330M [00:25<00:22, 7.74MB/s]
 51%|█████     | 167M/330M [00:25<00:33, 5.08MB/s]
 51%|█████     | 168M/330M [00:25<00:26, 6.31MB/s]
 51%|█████     | 169M/330M [00:25<00:27, 6.15MB/s]
 51%|█████▏    | 170M/330M [00:25<00:27, 6.11MB/s]
 52%|█████▏    | 171M/330M [00:25<00:22, 7.58MB/s]
 52%|█████▏    | 172M/330M [00:26<00:19, 8.47MB/s]
 52%|█████▏    | 173M/330M [00:26<00:29, 5.60MB/s]
 53%|█████▎    | 174M/330M [00:26<00:24, 6.64MB/s]
 53%|█████▎    | 175M/330M [00:26<00:23, 6.79MB/s]
 53%|█████▎    | 176M/330M [00:26<00:20, 7.72MB/s]
 54%|█████▍    | 178M/330M [00:26<00:18, 8.64MB/s]
 54%|█████▍    | 179M/330M [00:27<00:34, 4.60MB/s]
 55%|█████▍    | 180M/330M [00:27<00:25, 6.24MB/s]
 55%|█████▍    | 182M/330M [00:27<00:20, 7.56MB/s]
 55%|█████▌    | 183M/330M [00:27<00:17, 8.63MB/s]
 56%|█████▌    | 184M/330M [00:28<00:37, 4.06MB/s]
 57%|█████▋    | 187M/330M [00:28<00:22, 6.84MB/s]
 57%|█████▋    | 188M/330M [00:28<00:18, 7.88MB/s]
 57%|█████▋    | 189M/330M [00:28<00:16, 8.96MB/s]
 58%|█████▊    | 191M/330M [00:29<00:27, 5.30MB/s]
 58%|█████▊    | 192M/330M [00:29<00:20, 6.92MB/s]
 59%|█████▊    | 194M/330M [00:29<00:18, 7.92MB/s]
 59%|█████▉    | 195M/330M [00:29<00:15, 9.00MB/s]
 59%|█████▉    | 196M/330M [00:29<00:22, 6.35MB/s]
 60%|█████▉    | 198M/330M [00:30<00:22, 6.28MB/s]
 60%|██████    | 199M/330M [00:30<00:18, 7.29MB/s]
 61%|██████    | 201M/330M [00:30<00:16, 8.45MB/s]
 61%|██████    | 202M/330M [00:30<00:27, 4.86MB/s]
 62%|██████▏   | 204M/330M [00:30<00:19, 6.74MB/s]
 62%|██████▏   | 205M/330M [00:31<00:17, 7.45MB/s]
 62%|██████▏   | 206M/330M [00:31<00:15, 8.42MB/s]
 63%|██████▎   | 207M/330M [00:31<00:26, 4.87MB/s]
 63%|██████▎   | 209M/330M [00:31<00:17, 7.16MB/s]
 64%|██████▎   | 210M/330M [00:31<00:15, 7.87MB/s]
 64%|██████▍   | 212M/330M [00:32<00:14, 8.78MB/s]
 64%|██████▍   | 213M/330M [00:32<00:24, 5.05MB/s]
 65%|██████▌   | 215M/330M [00:32<00:17, 6.98MB/s]
 65%|██████▌   | 216M/330M [00:32<00:14, 8.06MB/s]
 66%|██████▌   | 218M/330M [00:32<00:13, 8.96MB/s]
 66%|██████▌   | 219M/330M [00:33<00:16, 7.12MB/s]
 67%|██████▋   | 220M/330M [00:33<00:15, 7.56MB/s]
 67%|██████▋   | 221M/330M [00:33<00:15, 7.40MB/s]
 67%|██████▋   | 222M/330M [00:33<00:14, 7.73MB/s]
 67%|██████▋   | 222M/330M [00:33<00:20, 5.63MB/s]
 68%|██████▊   | 224M/330M [00:33<00:14, 7.93MB/s]
 68%|██████▊   | 225M/330M [00:34<00:18, 6.10MB/s]
 69%|██████▊   | 226M/330M [00:34<00:14, 7.28MB/s]
 69%|██████▉   | 228M/330M [00:34<00:14, 7.23MB/s]
 69%|██████▉   | 228M/330M [00:34<00:14, 7.22MB/s]
 69%|██████▉   | 229M/330M [00:34<00:15, 7.06MB/s]
 70%|██████▉   | 230M/330M [00:35<00:20, 5.19MB/s]
 70%|███████   | 232M/330M [00:35<00:15, 6.88MB/s]
 70%|███████   | 233M/330M [00:35<00:13, 7.44MB/s]
 71%|███████   | 234M/330M [00:35<00:13, 7.70MB/s]
 71%|███████   | 234M/330M [00:35<00:18, 5.55MB/s]
 71%|███████▏  | 236M/330M [00:35<00:14, 6.72MB/s]
 72%|███████▏  | 237M/330M [00:35<00:13, 7.46MB/s]
 72%|███████▏  | 238M/330M [00:36<00:17, 5.58MB/s]
 72%|███████▏  | 239M/330M [00:36<00:14, 6.80MB/s]
 73%|███████▎  | 240M/330M [00:36<00:14, 6.52MB/s]
 73%|███████▎  | 241M/330M [00:36<00:14, 6.70MB/s]
 73%|███████▎  | 242M/330M [00:36<00:11, 7.82MB/s]
 74%|███████▎  | 243M/330M [00:36<00:10, 8.69MB/s]
 74%|███████▍  | 244M/330M [00:37<00:14, 6.46MB/s]
 74%|███████▍  | 245M/330M [00:37<00:11, 8.03MB/s]
 75%|███████▍  | 246M/330M [00:37<00:11, 7.66MB/s]
 75%|███████▍  | 247M/330M [00:37<00:15, 5.78MB/s]
 75%|███████▌  | 249M/330M [00:37<00:15, 5.51MB/s]
 76%|███████▌  | 251M/330M [00:38<00:10, 7.97MB/s]
 76%|███████▌  | 252M/330M [00:38<00:12, 6.62MB/s]
 77%|███████▋  | 253M/330M [00:38<00:11, 7.22MB/s]
 77%|███████▋  | 254M/330M [00:38<00:10, 7.83MB/s]
 77%|███████▋  | 255M/330M [00:38<00:16, 4.72MB/s]
 78%|███████▊  | 256M/330M [00:39<00:12, 6.29MB/s]
 78%|███████▊  | 258M/330M [00:39<00:09, 7.63MB/s]
 78%|███████▊  | 259M/330M [00:39<00:12, 6.03MB/s]
 79%|███████▉  | 261M/330M [00:39<00:09, 8.00MB/s]
 79%|███████▉  | 262M/330M [00:39<00:09, 7.71MB/s]
 80%|███████▉  | 263M/330M [00:39<00:08, 7.99MB/s]
 80%|███████▉  | 264M/330M [00:40<00:11, 6.13MB/s]
 80%|████████  | 265M/330M [00:40<00:09, 7.35MB/s]
 81%|████████  | 266M/330M [00:40<00:09, 7.20MB/s]
 81%|████████  | 267M/330M [00:40<00:08, 7.60MB/s]
 81%|████████  | 268M/330M [00:41<00:16, 3.86MB/s]
 82%|████████▏ | 270M/330M [00:41<00:11, 5.71MB/s]
 82%|████████▏ | 271M/330M [00:41<00:09, 6.60MB/s]
 82%|████████▏ | 272M/330M [00:41<00:07, 7.97MB/s]
 83%|████████▎ | 274M/330M [00:41<00:06, 8.93MB/s]
 83%|████████▎ | 275M/330M [00:41<00:08, 6.59MB/s]
 84%|████████▎ | 276M/330M [00:41<00:07, 7.84MB/s]
 84%|████████▍ | 277M/330M [00:42<00:06, 8.48MB/s]
 84%|████████▍ | 278M/330M [00:42<00:08, 6.40MB/s]
 85%|████████▍ | 279M/330M [00:42<00:07, 7.43MB/s]
 85%|████████▍ | 280M/330M [00:42<00:07, 7.37MB/s]
 85%|████████▌ | 281M/330M [00:42<00:06, 7.53MB/s]
 85%|████████▌ | 282M/330M [00:43<00:09, 5.18MB/s]
 86%|████████▌ | 284M/330M [00:43<00:06, 7.79MB/s]
 86%|████████▋ | 285M/330M [00:43<00:06, 7.52MB/s]
 87%|████████▋ | 286M/330M [00:43<00:08, 5.42MB/s]
 87%|████████▋ | 288M/330M [00:43<00:06, 7.00MB/s]
 87%|████████▋ | 289M/330M [00:43<00:06, 6.94MB/s]
 88%|████████▊ | 290M/330M [00:44<00:05, 7.17MB/s]
 88%|████████▊ | 291M/330M [00:44<00:07, 5.63MB/s]
 89%|████████▊ | 292M/330M [00:44<00:05, 7.55MB/s]
 89%|████████▉ | 293M/330M [00:44<00:05, 7.28MB/s]
 89%|████████▉ | 294M/330M [00:44<00:07, 5.22MB/s]
 89%|████████▉ | 295M/330M [00:45<00:06, 6.02MB/s]
 90%|████████▉ | 297M/330M [00:45<00:04, 7.47MB/s]
 90%|█████████ | 298M/330M [00:45<00:03, 8.90MB/s]
 91%|█████████ | 299M/330M [00:45<00:04, 6.84MB/s]
 91%|█████████ | 300M/330M [00:45<00:03, 8.03MB/s]
 91%|█████████▏| 302M/330M [00:45<00:03, 7.98MB/s]
 92%|█████████▏| 302M/330M [00:45<00:03, 7.72MB/s]
 92%|█████████▏| 303M/330M [00:46<00:03, 7.50MB/s]
 92%|█████████▏| 304M/330M [00:46<00:03, 7.24MB/s]
 92%|█████████▏| 305M/330M [00:46<00:03, 7.21MB/s]
 93%|█████████▎| 306M/330M [00:46<00:03, 7.10MB/s]
 93%|█████████▎| 306M/330M [00:46<00:03, 6.76MB/s]
 93%|█████████▎| 307M/330M [00:46<00:03, 6.59MB/s]
 93%|█████████▎| 308M/330M [00:47<00:04, 4.72MB/s]
 94%|█████████▍| 310M/330M [00:47<00:03, 5.46MB/s]
 94%|█████████▍| 311M/330M [00:47<00:02, 6.75MB/s]
 95%|█████████▍| 312M/330M [00:47<00:02, 6.61MB/s]
 95%|█████████▍| 313M/330M [00:47<00:02, 6.57MB/s]
 95%|█████████▌| 314M/330M [00:47<00:02, 7.34MB/s]
 95%|█████████▌| 315M/330M [00:47<00:01, 8.55MB/s]
 96%|█████████▌| 316M/330M [00:48<00:02, 5.97MB/s]
 96%|█████████▌| 317M/330M [00:48<00:02, 5.90MB/s]
 96%|█████████▌| 318M/330M [00:48<00:02, 6.45MB/s]
 97%|█████████▋| 319M/330M [00:48<00:01, 7.75MB/s]
 97%|█████████▋| 320M/330M [00:48<00:01, 8.50MB/s]
 97%|█████████▋| 321M/330M [00:48<00:01, 6.11MB/s]
 97%|█████████▋| 322M/330M [00:49<00:01, 6.41MB/s]
 98%|█████████▊| 323M/330M [00:49<00:01, 6.40MB/s]
 98%|█████████▊| 323M/330M [00:49<00:01, 6.66MB/s]
 98%|█████████▊| 324M/330M [00:49<00:00, 7.58MB/s]
 99%|█████████▊| 326M/330M [00:49<00:00, 8.76MB/s]
 99%|█████████▉| 327M/330M [00:49<00:00, 5.74MB/s]
 99%|█████████▉| 328M/330M [00:49<00:00, 7.71MB/s]
100%|█████████▉| 329M/330M [00:50<00:00, 5.87MB/s]
100%|██████████| 330M/330M [00:50<00:00, 6.89MB/s]
/sdk-extensions/model-compiler/lib/python3.12/site-packages/torch/__init__.py:1561: TracerWarning: Converting a tensor to a Python boolean might cause the trace to be incorrect. We can't record the data flow of Python values, so this value will be treated as a constant in the future. This means that the trace might not generalize to other inputs!
  assert condition, message
{
  "model_id": "vit_b_16",
  "source": "https://docs.pytorch.org/vision/main/models/generated/torchvision.models.vit_b_16.html",
  "license_note": "TorchVision/PyTorch model weights; review upstream weight metadata before redistribution.",
  "family": "torchvision",
  "arch": "vit_b_16",
  "input_shape": [
    1,
    3,
    224,
    224
  ],
  "input_name": "input",
  "output_names": [
    "logits"
  ],
  "status": "exported",
  "onnx_path": "/workspace/demo-neat/model-compilation/work/vit_b_16/onnx/vit_b_16.onnx",
  "onnx": {
    "ir_version": 8,
    "opsets": {
      "ai.onnx": 17
    },
    "inputs": [
      "input"
    ],
    "outputs": [
      "logits"
    ],
    "nodes": 1016
  }
}
