[INFO] ------------------------------------------------------------
[INFO] Model Compiler Version: 2.1.0
[INFO] Python Version: 3.12.3
[INFO] Output Directory: /workspace/demo-neat/model-compilation/work/yolo26s-pose/compile_int8/yolo26s-pose.compile_ready
[INFO] ------------------------------------------------------------
[INFO] Preparing ONNX model: /workspace/demo-neat/model-compilation/work/yolo26s-pose/surgery/yolo26s-pose.compile_ready.onnx
[INFO] Simplifying with fixed shapes: {'images': [1, 3, 640, 640]}
[INFO] Prepared model saved to: /workspace/demo-neat/model-compilation/work/yolo26s-pose/surgery/yolo26s-pose.compile_ready_prepared.onnx
[INFO] Model successfully loaded for modalix
[INFO] Initializing quantization...
[INFO] Loading real calibration data from: /workspace/demo-neat/model-compilation/assets/yolo_calibration
2026-07-09 20:46:20,994 - afe.apis.loaded_net - INFO - Quantize loaded net, layout = NCHW, arm_only = False
2026-07-09 20:46:20,994 - afe.apis.loaded_net - INFO - Calibration method = mse
2026-07-09 20:47:23,580 - afe.ir.transform.calibration_transforms - INFO - Running Calibration ...
2026-07-09 20:47:29,362 - afe.ir.transform.calibration_transforms - INFO - Calibration progress: completed 2 samples
2026-07-09 20:47:35,284 - afe.ir.transform.calibration_transforms - INFO - Calibration progress: completed 4 samples
2026-07-09 20:47:41,364 - afe.ir.transform.calibration_transforms - INFO - Calibration progress: completed 6 samples
2026-07-09 20:47:47,257 - afe.ir.transform.calibration_transforms - INFO - Calibration progress: completed 8 samples
2026-07-09 20:47:53,170 - afe.ir.transform.calibration_transforms - INFO - Calibration progress: completed 10 samples
2026-07-09 20:47:59,153 - afe.ir.transform.calibration_transforms - INFO - Calibration progress: completed 12 samples
2026-07-09 20:48:05,297 - afe.ir.transform.calibration_transforms - INFO - Calibration progress: completed 14 samples
2026-07-09 20:48:11,237 - afe.ir.transform.calibration_transforms - INFO - Calibration progress: completed 16 samples
2026-07-09 20:48:16,949 - afe.ir.transform.calibration_transforms - INFO - Calibration progress: completed 18 samples
2026-07-09 20:48:22,592 - afe.ir.transform.calibration_transforms - INFO - Calibration progress: completed 20 samples
Running Calibration ...
Running Calibration ...DONE
Running quantization ...
Running quantization ...DONE
[INFO] Quantized model saved.
[INFO] ------------------------------------------------------------
[INFO] Internal graph structure (for tessellate parameters):
[INFO]   Input node names: ['images']
[INFO]   Output node name: yolo26s-pose.compile_ready/tuple_out
[INFO]   All nodes:
[INFO]     PLACEHOLDER: images
[INFO] ------------------------------------------------------------
[INFO] Compiling for modalix with batch size 1...
[INFO] ------------------------------------------------------------
[INFO] MLA TESSELATION MODE ENABLED: Using internal MLA node names
[INFO] DEBUG: Checking for MLA_0 node...
[INFO] DEBUG: Available nodes: ['images', 'quantize_0', 'MLA_0/tuple_get_item_0', 'MLA_0/tuple_get_item_1', 'MLA_0/tuple_get_item_2', 'MLA_0/tuple_get_item_3', 'MLA_0/tuple_get_item_4', 'MLA_0/tuple_get_item_5', 'MLA_0/tuple_get_item_6', 'MLA_0/tuple_get_item_7']...
[INFO] DEBUG: MLA node found!
[INFO] DEBUG: MLA node has 1 inputs
[INFO] DEBUG: MLA input names: ['MLA_0/placeholder_0_0']
[INFO]   Input 0: 'MLA_0/placeholder_0_0' -> MLA Direct (HWC)
[INFO] DEBUG: MLA output node name: MLA_0/tuple_out
[INFO] DEBUG: Output node is tuple: True
[INFO] DEBUG: Output names: ['MLA_0/conv2d_add_178', 'MLA_0/conv2d_add_210', 'MLA_0/conv2d_add_254', 'MLA_0/conv2d_add_263', 'MLA_0/conv2d_add_272', 'MLA_0/conv2d_add_281', 'MLA_0/conv2d_add_286', 'MLA_0/conv2d_add_291', 'MLA_0/conv2d_add_296']
[INFO]   Output 0: 'MLA_0/conv2d_add_178_output' -> MLA Direct (HWC16)
[INFO]   Output 1: 'MLA_0/conv2d_add_210_output' -> MLA Direct (HWC16)
[INFO]   Output 2: 'MLA_0/conv2d_add_254_output' -> MLA Direct (HWC16)
[INFO]   Output 3: 'MLA_0/conv2d_add_263_output' -> MLA Direct (HWC16)
[INFO]   Output 4: 'MLA_0/conv2d_add_272_output' -> MLA Direct (HWC16)
[INFO]   Output 5: 'MLA_0/conv2d_add_281_output' -> MLA Direct (HWC16)
[INFO]   Output 6: 'MLA_0/conv2d_add_286_output' -> MLA Direct (HWC16)
[INFO]   Output 7: 'MLA_0/conv2d_add_291_output' -> MLA Direct (HWC16)
[INFO]   Output 8: 'MLA_0/conv2d_add_296_output' -> MLA Direct (HWC16)
[INFO] ------------------------------------------------------------
[INFO] DEBUG: Final tessellate_parameters keys: ['MLA_0/placeholder_0_0', 'MLA_0/conv2d_add_178_output', 'MLA_0/conv2d_add_210_output', 'MLA_0/conv2d_add_254_output', 'MLA_0/conv2d_add_263_output', 'MLA_0/conv2d_add_272_output', 'MLA_0/conv2d_add_281_output', 'MLA_0/conv2d_add_286_output', 'MLA_0/conv2d_add_291_output', 'MLA_0/conv2d_add_296_output']
[INFO] ------------------------------------------------------------
2026-07-09 20:48:26,983 - afe.apis.model - INFO - Compiling quantized net "yolo26s-pose.compile_ready"
2026-07-09 20:48:27,031 - afe.core.compile_networks - INFO - The model is split into 1 segments for MLA and APU
2026-07-09 20:48:27,031 - afe.backends.mla.afe_to_n2a_compiler.n2a_compiler_operations - INFO - Stage 1 of 1: compiling for MLA
2026-07-09 20:48:27,058 - mlc.compiler.model_graph.l1_based - INFO - Get model compilation properties
2026-07-09 20:48:27,069 - mlc.compiler.model_graph.l1_based - INFO - Checking if layers fit into memory without splitting
2026-07-09 20:48:27,069 - mlc.compiler.model_graph.l1_based - INFO - Generating the list of feasible layouts
2026-07-09 20:48:27,069 - mlc.compiler.model_graph.l1_based - INFO - Setting layer parameters
2026-07-09 20:49:15,968 - mlc.compiler.model_graph.l1_based - INFO - Splitting large tensor placeholders by height
2026-07-09 20:50:04,686 - mlc.compiler.model_graph.l1_based - INFO - Setting tile layouts
2026-07-09 20:50:29,304 - mlc.compiler.model_graph.l1_based - INFO - Allocating memory for IFM/OFM tensors
2026-07-09 20:50:29,644 - mlc.compiler.model_graph.l1_based - INFO - Get model compilation properties done
2026-07-09 20:50:30,007 - afe.backends.mla.afe_to_n2a_compiler.n2a_backend_runner - INFO - Start evaluate process to generate check file
2026-07-09 20:50:30,008 - mlc.kernel.layout - INFO - L2 caching mode: L2CachingMode.NONE
2026-07-09 20:50:30,086 - mlc.compiler.model_graph.l1_based - INFO - Generating model code
2026-07-09 20:51:13,717 - mlc.compiler.model_graph.l1_based - INFO - Generating model code done
2026-07-09 20:51:14,303 - mlc.test_util.test_context - INFO - Scheduling instructions
2026-07-09 20:52:00,722 - mlc.test_util.test_context - INFO - Performing DRAM/L2 synchronization
2026-07-09 20:52:02,458 - mlc.test_util.test_context - INFO - Inserting and merging NOPs
2026-07-09 20:52:04,338 - mlc.test_util.test_context - INFO - Setting IQ sync bits
2026-07-09 20:52:04,509 - mlc.test_util.test_context - INFO - Run compression
2026-07-09 20:52:05,970 - mlc.test_util.test_context - INFO - Compression done in 1s. Compression ratio: 0.816
2026-07-09 20:52:05,970 - mlc.test_util.test_context - INFO - Re-allocate dram memory
2026-07-09 20:52:06,021 - mlc.test_util.test_context - INFO - Generating metrics
2026-07-09 20:52:06,697 - mlc.test_util.test_context - INFO - Writing report to MLC file
2026-07-09 20:52:06,698 - mlc.test_util.test_context - INFO - Writing instructions to MLC file
2026-07-09 20:52:25,638 - mlc.test_util.test_context - INFO - Code generation done
2026-07-09 20:52:25,648 - afe.backends.mla.afe_to_n2a_compiler.n2a_compiler_operations - INFO -   Evaluate model and writing chk file done in 9s.
2026-07-09 20:52:46,469 - afe.backends.mpk.interface - INFO - ==============================
2026-07-09 20:52:46,469 - afe.backends.mpk.interface - INFO - Compilation summary:
2026-07-09 20:52:46,469 - afe.backends.mpk.interface - INFO - ------------------------------
2026-07-09 20:52:46,469 - afe.backends.mpk.interface - INFO - Desired batch size: 1
2026-07-09 20:52:46,469 - afe.backends.mpk.interface - INFO - Achieved batch size: 1
2026-07-09 20:52:46,469 - afe.backends.mpk.interface - INFO - ------------------------------
2026-07-09 20:52:46,469 - afe.backends.mpk.interface - INFO - Plugin distribution per backend:
2026-07-09 20:52:46,469 - afe.backends.mpk.interface - INFO - 	MLA : 1
2026-07-09 20:52:46,469 - afe.backends.mpk.interface - INFO - 	EV74: 21
2026-07-09 20:52:46,469 - afe.backends.mpk.interface - INFO - 	A65 : 0
2026-07-09 20:52:46,469 - afe.backends.mpk.interface - INFO - ------------------------------
2026-07-09 20:52:46,469 - afe.backends.mpk.interface - INFO - Generated files: 0_process_mla.json, pipeline_sequence.json, yolo26s-pose.compile_ready_stage1_mla_stats.yaml, 0_detessellate.json, yolo26s-pose.compile_ready_stage1_mla.elf, yolo26s-pose.compile_ready_mpk.json, quantize_compile.py
[INFO] Compilation complete.
