Downloading: "https://download.pytorch.org/models/convnext_tiny-983f1562.pth" to /home/surajmaurya/.cache/torch/hub/checkpoints/convnext_tiny-983f1562.pth

  0%|          | 0.00/109M [00:00<?, ?B/s]
  0%|          | 128k/109M [00:00<05:53, 324kB/s]
  0%|          | 256k/109M [00:00<04:01, 473kB/s]
  0%|          | 384k/109M [00:00<02:56, 645kB/s]
  1%|          | 640k/109M [00:00<01:53, 999kB/s]
  1%|          | 1.00M/109M [00:00<01:12, 1.56MB/s]
  1%|▏         | 1.50M/109M [00:01<00:48, 2.32MB/s]
  2%|▏         | 2.25M/109M [00:01<00:31, 3.55MB/s]
  3%|▎         | 3.12M/109M [00:01<00:22, 4.86MB/s]
  4%|▍         | 4.50M/109M [00:01<00:15, 7.21MB/s]
  5%|▌         | 5.75M/109M [00:01<00:12, 8.67MB/s]
  6%|▋         | 7.00M/109M [00:01<00:11, 9.72MB/s]
  8%|▊         | 8.38M/109M [00:01<00:10, 10.5MB/s]
  9%|▉         | 9.75M/109M [00:01<00:09, 11.4MB/s]
 10%|█         | 11.1M/109M [00:01<00:08, 12.0MB/s]
 11%|█▏        | 12.5M/109M [00:02<00:08, 12.5MB/s]
 13%|█▎        | 13.8M/109M [00:02<00:07, 12.7MB/s]
 14%|█▍        | 15.1M/109M [00:02<00:07, 13.0MB/s]
 15%|█▌        | 16.5M/109M [00:02<00:11, 8.43MB/s]
 16%|█▌        | 17.6M/109M [00:02<00:10, 9.10MB/s]
 17%|█▋        | 19.0M/109M [00:02<00:09, 10.2MB/s]
 19%|█▉        | 20.5M/109M [00:02<00:08, 11.3MB/s]
 20%|██        | 22.0M/109M [00:03<00:07, 12.2MB/s]
 22%|██▏       | 23.5M/109M [00:03<00:07, 12.8MB/s]
 23%|██▎       | 25.0M/109M [00:03<00:10, 8.29MB/s]
 24%|██▍       | 26.4M/109M [00:03<00:09, 9.35MB/s]
 25%|██▌       | 27.5M/109M [00:03<00:10, 8.56MB/s]
 26%|██▌       | 28.5M/109M [00:03<00:10, 7.91MB/s]
 27%|██▋       | 29.4M/109M [00:04<00:10, 8.15MB/s]
 28%|██▊       | 30.8M/109M [00:04<00:08, 9.33MB/s]
 29%|██▉       | 31.8M/109M [00:04<00:11, 6.85MB/s]
 30%|███       | 33.2M/109M [00:04<00:13, 5.88MB/s]
 32%|███▏      | 35.1M/109M [00:04<00:09, 7.96MB/s]
 33%|███▎      | 36.1M/109M [00:05<00:13, 5.57MB/s]
 34%|███▍      | 37.0M/109M [00:05<00:17, 4.26MB/s]
 34%|███▍      | 37.6M/109M [00:05<00:17, 4.33MB/s]
 35%|███▌      | 38.2M/109M [00:05<00:16, 4.62MB/s]
 36%|███▌      | 39.1M/109M [00:05<00:13, 5.36MB/s]
 37%|███▋      | 40.1M/109M [00:06<00:11, 6.24MB/s]
 37%|███▋      | 40.9M/109M [00:06<00:12, 5.74MB/s]
 38%|███▊      | 41.6M/109M [00:06<00:12, 5.47MB/s]
 39%|███▊      | 42.2M/109M [00:06<00:12, 5.42MB/s]
 40%|███▉      | 43.1M/109M [00:06<00:11, 6.08MB/s]
 41%|████      | 44.2M/109M [00:06<00:09, 7.29MB/s]
 41%|████▏     | 45.1M/109M [00:07<00:12, 5.30MB/s]
 43%|████▎     | 47.0M/109M [00:07<00:08, 7.84MB/s]
 44%|████▍     | 48.0M/109M [00:07<00:08, 7.53MB/s]
 45%|████▍     | 48.9M/109M [00:07<00:08, 7.51MB/s]
 46%|████▌     | 49.8M/109M [00:07<00:11, 5.35MB/s]
 47%|████▋     | 51.6M/109M [00:07<00:07, 7.65MB/s]
 48%|████▊     | 52.6M/109M [00:08<00:08, 7.40MB/s]
 49%|████▉     | 53.5M/109M [00:08<00:07, 7.65MB/s]
 50%|████▉     | 54.4M/109M [00:08<00:10, 5.41MB/s]
 51%|█████▏    | 56.0M/109M [00:08<00:07, 7.24MB/s]
 52%|█████▏    | 57.0M/109M [00:08<00:07, 7.13MB/s]
 53%|█████▎    | 58.0M/109M [00:08<00:06, 7.67MB/s]
 54%|█████▍    | 58.9M/109M [00:09<00:09, 5.70MB/s]
 55%|█████▍    | 59.8M/109M [00:09<00:08, 6.26MB/s]
 55%|█████▌    | 60.5M/109M [00:09<00:08, 6.36MB/s]
 56%|█████▌    | 61.4M/109M [00:09<00:07, 6.80MB/s]
 57%|█████▋    | 62.5M/109M [00:09<00:06, 7.94MB/s]
 58%|█████▊    | 63.4M/109M [00:09<00:08, 5.53MB/s]
 59%|█████▉    | 64.5M/109M [00:09<00:07, 6.54MB/s]
 60%|█████▉    | 65.4M/109M [00:10<00:07, 6.49MB/s]
 61%|██████    | 66.2M/109M [00:10<00:06, 6.98MB/s]
 62%|██████▏   | 67.4M/109M [00:10<00:05, 7.97MB/s]
 63%|██████▎   | 68.2M/109M [00:10<00:11, 3.63MB/s]
 65%|██████▍   | 70.6M/109M [00:11<00:06, 6.40MB/s]
 66%|██████▌   | 72.0M/109M [00:11<00:05, 7.64MB/s]
 67%|██████▋   | 73.4M/109M [00:11<00:04, 8.86MB/s]
 68%|██████▊   | 74.6M/109M [00:11<00:05, 6.71MB/s]
 70%|██████▉   | 75.9M/109M [00:11<00:04, 7.56MB/s]
 70%|███████   | 76.9M/109M [00:11<00:04, 7.43MB/s]
 71%|███████▏  | 77.9M/109M [00:11<00:04, 7.74MB/s]
 72%|███████▏  | 79.0M/109M [00:12<00:03, 8.55MB/s]
 73%|███████▎  | 80.0M/109M [00:12<00:04, 6.43MB/s]
 74%|███████▍  | 81.1M/109M [00:12<00:03, 7.41MB/s]
 75%|███████▌  | 82.2M/109M [00:12<00:05, 5.62MB/s]
 77%|███████▋  | 83.9M/109M [00:12<00:03, 7.45MB/s]
 78%|███████▊  | 84.9M/109M [00:13<00:03, 7.18MB/s]
 79%|███████▊  | 85.8M/109M [00:13<00:03, 7.28MB/s]
 80%|███████▉  | 86.8M/109M [00:13<00:02, 7.86MB/s]
 80%|████████  | 87.6M/109M [00:13<00:03, 5.85MB/s]
 82%|████████▏ | 89.2M/109M [00:13<00:02, 7.90MB/s]
 83%|████████▎ | 90.2M/109M [00:13<00:03, 6.12MB/s]
 84%|████████▍ | 91.9M/109M [00:14<00:03, 5.79MB/s]
 86%|████████▌ | 93.8M/109M [00:14<00:02, 7.81MB/s]
 87%|████████▋ | 94.8M/109M [00:14<00:02, 7.52MB/s]
 88%|████████▊ | 95.8M/109M [00:14<00:01, 7.67MB/s]
 89%|████████▊ | 96.6M/109M [00:14<00:02, 5.76MB/s]
 90%|████████▉ | 97.9M/109M [00:15<00:01, 6.91MB/s]
 91%|█████████ | 99.0M/109M [00:15<00:01, 7.79MB/s]
 92%|█████████▏| 100M/109M [00:15<00:01, 6.00MB/s] 
 93%|█████████▎| 101M/109M [00:15<00:01, 6.74MB/s]
 93%|█████████▎| 102M/109M [00:15<00:01, 6.60MB/s]
 94%|█████████▍| 103M/109M [00:15<00:00, 6.97MB/s]
 95%|█████████▌| 104M/109M [00:15<00:00, 8.24MB/s]
 96%|█████████▌| 105M/109M [00:16<00:00, 6.15MB/s]
 97%|█████████▋| 106M/109M [00:16<00:00, 6.55MB/s]
 98%|█████████▊| 107M/109M [00:16<00:00, 6.68MB/s]
 98%|█████████▊| 107M/109M [00:16<00:00, 6.52MB/s]
 99%|█████████▉| 108M/109M [00:16<00:00, 4.57MB/s]
100%|██████████| 109M/109M [00:16<00:00, 6.78MB/s]
{
  "model_id": "convnext_tiny",
  "source": "https://docs.pytorch.org/vision/main/models/generated/torchvision.models.convnext_tiny.html",
  "license_note": "TorchVision/PyTorch model weights; review upstream weight metadata before redistribution.",
  "family": "torchvision",
  "arch": "convnext_tiny",
  "input_shape": [
    1,
    3,
    224,
    224
  ],
  "input_name": "input",
  "output_names": [
    "logits"
  ],
  "status": "exported",
  "onnx_path": "/workspace/demo-neat/model-compilation/work/convnext_tiny/onnx/convnext_tiny.onnx",
  "onnx": {
    "ir_version": 8,
    "opsets": {
      "ai.onnx": 17
    },
    "inputs": [
      "input"
    ],
    "outputs": [
      "logits"
    ],
    "nodes": 346
  }
}
