{
  "release": "2.1",
  "dtype": "int8",
  "model_operator_total": 346,
  "unique_operator_total": 12,
  "supported_count": 7,
  "unsupported_count": 0,
  "unknown_count": 5,
  "supported": [
    {
      "operator": "Add",
      "count": 72,
      "onnx-opset-version": "14",
      "int8": "Y",
      "bfloat16": "Y",
      "sima_hw_sw_constraints": null,
      "notes": "Can be fused with conv or matmul."
    },
    {
      "operator": "Conv",
      "count": 22,
      "onnx-opset-version": "11",
      "int8": "Y",
      "bfloat16": "Y",
      "sima_hw_sw_constraints": "dilation = [1, 63] (HW)\nstrides = [1, 31] (HW)",
      "notes": "fused with bias and activation.  ONNX does not have 1D convolution, though we support it for other frontends."
    },
    {
      "operator": "Div",
      "count": 18,
      "onnx-opset-version": "14",
      "int8": "Y",
      "bfloat16": "Y",
      "sima_hw_sw_constraints": null,
      "notes": null
    },
    {
      "operator": "Erf",
      "count": 18,
      "onnx-opset-version": "13",
      "int8": "Y",
      "bfloat16": "Y",
      "sima_hw_sw_constraints": null,
      "notes": null
    },
    {
      "operator": "MatMul",
      "count": 36,
      "onnx-opset-version": "13",
      "int8": "Y",
      "bfloat16": "Y",
      "sima_hw_sw_constraints": null,
      "notes": "Batched MatMul."
    },
    {
      "operator": "Mul",
      "count": 54,
      "onnx-opset-version": "14",
      "int8": "Y",
      "bfloat16": "Y",
      "sima_hw_sw_constraints": null,
      "notes": null
    },
    {
      "operator": "Transpose",
      "count": 46,
      "onnx-opset-version": "13",
      "int8": "Y",
      "bfloat16": "Y",
      "sima_hw_sw_constraints": null,
      "notes": null
    }
  ],
  "unsupported": [],
  "unknown": [
    {
      "operator": "Constant",
      "count": 54,
      "onnx-opset-version": null,
      "int8": null,
      "bfloat16": null,
      "sima_hw_sw_constraints": null,
      "notes": null
    },
    {
      "operator": "Flatten",
      "count": 1,
      "onnx-opset-version": null,
      "int8": null,
      "bfloat16": null,
      "sima_hw_sw_constraints": null,
      "notes": null
    },
    {
      "operator": "Gemm",
      "count": 1,
      "onnx-opset-version": null,
      "int8": null,
      "bfloat16": null,
      "sima_hw_sw_constraints": null,
      "notes": null
    },
    {
      "operator": "GlobalAveragePool",
      "count": 1,
      "onnx-opset-version": null,
      "int8": null,
      "bfloat16": null,
      "sima_hw_sw_constraints": null,
      "notes": null
    },
    {
      "operator": "LayerNormalization",
      "count": 23,
      "onnx-opset-version": null,
      "int8": null,
      "bfloat16": null,
      "sima_hw_sw_constraints": null,
      "notes": null
    }
  ]
}

