[INFO] ------------------------------------------------------------
[INFO] Model Compiler Version: 2.1.0
[INFO] Python Version: 3.12.3
[INFO] Output Directory: /workspace/demo-neat/model-compilation/work/convnext_tiny/compile_int8/convnext_tiny
[INFO] ------------------------------------------------------------
[INFO] Preparing ONNX model: /workspace/demo-neat/model-compilation/work/convnext_tiny/onnx/convnext_tiny.onnx
[INFO] Simplifying with fixed shapes: {'input': [1, 3, 224, 224]}
[INFO] Prepared model saved to: /workspace/demo-neat/model-compilation/work/convnext_tiny/onnx/convnext_tiny_prepared.onnx
[INFO] Model successfully loaded for modalix
[INFO] Initializing quantization...
[INFO] Loading real calibration data from: /workspace/demo-neat/model-compilation/assets/calibration
2026-07-11 12:04:13,941 - afe.apis.loaded_net - INFO - Quantize loaded net, layout = NCHW, arm_only = False
2026-07-11 12:04:13,941 - afe.apis.loaded_net - INFO - Calibration method = mse
2026-07-11 12:04:47,630 - afe.backends.mla.mla_checkers - INFO - Cannot assign node nn.batch_flatten_234, source_name(['Not available']) to MLA.
	['Some tensors are not 4D. Support for tensors that are not 4D is disabled in the compilation settings.']
2026-07-11 12:04:49,823 - afe.ir.transform.calibration_transforms - INFO - Running Calibration ...
2026-07-11 12:04:58,342 - afe.ir.transform.calibration_transforms - INFO - Calibration progress: completed 2 samples
2026-07-11 12:05:06,690 - afe.ir.transform.calibration_transforms - INFO - Calibration progress: completed 4 samples
2026-07-11 12:05:15,134 - afe.ir.transform.calibration_transforms - INFO - Calibration progress: completed 6 samples
2026-07-11 12:05:23,851 - afe.ir.transform.calibration_transforms - INFO - Calibration progress: completed 8 samples
2026-07-11 12:05:32,083 - afe.ir.transform.calibration_transforms - INFO - Calibration progress: completed 10 samples
2026-07-11 12:05:40,130 - afe.ir.transform.calibration_transforms - INFO - Calibration progress: completed 12 samples
2026-07-11 12:05:47,980 - afe.ir.transform.calibration_transforms - INFO - Calibration progress: completed 14 samples
2026-07-11 12:05:56,025 - afe.ir.transform.calibration_transforms - INFO - Calibration progress: completed 16 samples
2026-07-11 12:06:04,194 - afe.ir.transform.calibration_transforms - INFO - Calibration progress: completed 18 samples
2026-07-11 12:06:12,838 - afe.ir.transform.calibration_transforms - INFO - Calibration progress: completed 20 samples
2026-07-11 12:06:14,532 - afe.ir.defines - WARNING - In node MLA_0/conv2d_add_189, source_name ['Not available'], Precision of weights was reduced to avoid numeric saturation. Saturation was detected in the zero point.
Running Calibration ...
Running Calibration ...DONE
Running quantization ...
Running quantization ...DONE
[INFO] Quantized model saved.
[INFO] ------------------------------------------------------------
[INFO] Internal graph structure (for tessellate parameters):
[INFO]   Input node names: ['input']
[INFO]   Output node name: dequantize_1
[INFO]   All nodes:
[INFO]     PLACEHOLDER: input
[INFO] ------------------------------------------------------------
[INFO] Compiling for modalix with batch size 1...
2026-07-11 12:06:16,718 - afe.apis.model - INFO - Compiling quantized net "convnext_tiny"
2026-07-11 12:06:16,761 - afe.core.compile_networks - INFO - The model is split into 1 segments for MLA and APU
2026-07-11 12:06:16,761 - afe.backends.mla.afe_to_n2a_compiler.n2a_compiler_operations - INFO - Stage 1 of 1: compiling for MLA
2026-07-11 12:06:16,786 - mlc.compiler.model_graph.l1_based - INFO - Get model compilation properties
2026-07-11 12:06:16,789 - mlc.compiler.model_graph.l1_based - INFO - Checking if layers fit into memory without splitting
2026-07-11 12:06:16,789 - mlc.compiler.model_graph.l1_based - INFO - Generating the list of feasible layouts
2026-07-11 12:06:16,789 - mlc.compiler.model_graph.l1_based - INFO - Setting layer parameters
2026-07-11 12:06:40,138 - mlc.compiler.model_graph.l1_based - INFO - Setting tile layouts
2026-07-11 12:06:55,697 - mlc.compiler.model_graph.l1_based - INFO - Allocating memory for IFM/OFM tensors
2026-07-11 12:06:55,864 - mlc.compiler.model_graph.l1_based - INFO - Get model compilation properties done
2026-07-11 12:06:55,997 - afe.backends.mla.afe_to_n2a_compiler.n2a_backend_runner - INFO - Start evaluate process to generate check file
2026-07-11 12:06:55,998 - mlc.kernel.layout - INFO - L2 caching mode: L2CachingMode.NONE
2026-07-11 12:06:56,034 - mlc.compiler.model_graph.l1_based - INFO - Generating model code
2026-07-11 12:07:10,797 - mlc.compiler.model_graph.l1_based - INFO - Generating model code done
2026-07-11 12:07:11,042 - mlc.test_util.test_context - INFO - Scheduling instructions
2026-07-11 12:07:27,897 - mlc.test_util.test_context - INFO - Performing DRAM/L2 synchronization
2026-07-11 12:07:29,663 - mlc.test_util.test_context - INFO - Inserting and merging NOPs
2026-07-11 12:07:30,269 - mlc.test_util.test_context - INFO - Setting IQ sync bits
2026-07-11 12:07:30,331 - mlc.test_util.test_context - INFO - Run compression
2026-07-11 12:07:34,038 - mlc.test_util.test_context - INFO - Compression done in 3s. Compression ratio: 0.893
2026-07-11 12:07:34,038 - mlc.test_util.test_context - INFO - Re-allocate dram memory
2026-07-11 12:07:34,107 - mlc.test_util.test_context - INFO - Generating metrics
2026-07-11 12:07:34,388 - mlc.test_util.test_context - INFO - Writing report to MLC file
2026-07-11 12:07:34,388 - mlc.test_util.test_context - INFO - Writing instructions to MLC file
2026-07-11 12:07:48,643 - mlc.test_util.test_context - INFO - Code generation done
2026-07-11 12:07:48,652 - afe.backends.mla.afe_to_n2a_compiler.n2a_compiler_operations - INFO -   Evaluate model and writing chk file done in 9s.
2026-07-11 12:07:56,642 - afe.backends.mpk.interface - INFO - ==============================
2026-07-11 12:07:56,642 - afe.backends.mpk.interface - INFO - Compilation summary:
2026-07-11 12:07:56,642 - afe.backends.mpk.interface - INFO - ------------------------------
2026-07-11 12:07:56,642 - afe.backends.mpk.interface - INFO - Desired batch size: 1
2026-07-11 12:07:56,642 - afe.backends.mpk.interface - INFO - Achieved batch size: 1
2026-07-11 12:07:56,642 - afe.backends.mpk.interface - INFO - ------------------------------
2026-07-11 12:07:56,642 - afe.backends.mpk.interface - INFO - Plugin distribution per backend:
2026-07-11 12:07:56,642 - afe.backends.mpk.interface - INFO - 	MLA : 1
2026-07-11 12:07:56,642 - afe.backends.mpk.interface - INFO - 	EV74: 5
2026-07-11 12:07:56,642 - afe.backends.mpk.interface - INFO - 	A65 : 0
2026-07-11 12:07:56,642 - afe.backends.mpk.interface - INFO - ------------------------------
2026-07-11 12:07:56,642 - afe.backends.mpk.interface - INFO - Generated files: 0_process_mla.json, 0_preproc.json, pipeline_sequence.json, convnext_tiny_mpk.json, convnext_tiny_stage1_mla_stats.yaml, 0_quanttess.json, 0_postproc.json, 0_boxdecoder.json, convnext_tiny_stage1_mla.elf, quantize_compile.py
[INFO] Compilation complete.
