[INFO] ------------------------------------------------------------
[INFO] Model Compiler Version: 2.1.0
[INFO] Python Version: 3.12.3
[INFO] Output Directory: /workspace/demo-neat/model-compilation/work/convnext_tiny/compile/convnext_tiny.surgery
[INFO] ------------------------------------------------------------
[INFO] Preparing ONNX model: /workspace/demo-neat/model-compilation/work/convnext_tiny/surgery/convnext_tiny.surgery.onnx
[INFO] Simplifying with fixed shapes: {'input': [1, 3, 224, 224]}
[INFO] Prepared model saved to: /workspace/demo-neat/model-compilation/work/convnext_tiny/surgery/convnext_tiny.surgery_prepared.onnx
[INFO] Model successfully loaded for modalix
[INFO] Initializing quantization...
[INFO] Loading real calibration data from: /workspace/demo-neat/model-compilation/assets/calibration
2026-07-07 14:20:46,114 - afe.apis.loaded_net - INFO - Quantize loaded net, layout = NCHW, arm_only = False
2026-07-07 14:20:46,114 - afe.apis.loaded_net - INFO - Calibration method = mse
2026-07-07 14:21:27,600 - afe.backends.mla.mla_checkers - INFO - Cannot assign node nn.batch_flatten_234, source_name(['Not available']) to MLA.
	['Some tensors are not 4D. Support for tensors that are not 4D is disabled in the compilation settings.']
2026-07-07 14:21:30,176 - afe.ir.transform.calibration_transforms - INFO - Running Calibration ...
2026-07-07 14:21:35,570 - afe.ir.transform.calibration_transforms - INFO - Calibration progress: completed 1 samples
2026-07-07 14:21:41,728 - afe.ir.transform.calibration_transforms - INFO - Calibration progress: completed 2 samples
2026-07-07 14:21:47,173 - afe.ir.transform.calibration_transforms - INFO - Calibration progress: completed 3 samples
2026-07-07 14:21:52,440 - afe.ir.transform.calibration_transforms - INFO - Calibration progress: completed 4 samples
2026-07-07 14:21:57,604 - afe.ir.transform.calibration_transforms - INFO - Calibration progress: completed 5 samples
2026-07-07 14:22:03,546 - afe.ir.transform.calibration_transforms - INFO - Calibration progress: completed 6 samples
2026-07-07 14:22:09,031 - afe.ir.transform.calibration_transforms - INFO - Calibration progress: completed 7 samples
2026-07-07 14:22:14,153 - afe.ir.transform.calibration_transforms - INFO - Calibration progress: completed 8 samples
2026-07-07 14:22:14,636 - afe.ir.defines - WARNING - In node MLA_0/conv2d_add_39, source_name ['Not available'], Precision of weights was reduced to avoid numeric saturation. Saturation was detected in the zero point.
2026-07-07 14:22:16,104 - afe.ir.defines - WARNING - In node MLA_0/conv2d_add_189, source_name ['Not available'], Precision of weights was reduced to avoid numeric saturation. Saturation was detected in the zero point.
Running Calibration ...
Running Calibration ...DONE
Running quantization ...
Running quantization ...DONE
[INFO] Quantized model saved.
[INFO] ------------------------------------------------------------
[INFO] Internal graph structure (for tessellate parameters):
[INFO]   Input node names: ['input']
[INFO]   Output node name: dequantize_1
[INFO]   All nodes:
[INFO]     PLACEHOLDER: input
[INFO] ------------------------------------------------------------
[INFO] Compiling for modalix with batch size 1...
2026-07-07 14:22:18,671 - afe.apis.model - INFO - Compiling quantized net "convnext_tiny.surgery"
2026-07-07 14:22:18,719 - afe.core.compile_networks - INFO - The model is split into 1 segments for MLA and APU
2026-07-07 14:22:18,719 - afe.backends.mla.afe_to_n2a_compiler.n2a_compiler_operations - INFO - Stage 1 of 1: compiling for MLA
2026-07-07 14:22:18,747 - mlc.compiler.model_graph.l1_based - INFO - Get model compilation properties
2026-07-07 14:22:18,750 - mlc.compiler.model_graph.l1_based - INFO - Checking if layers fit into memory without splitting
2026-07-07 14:22:18,750 - mlc.compiler.model_graph.l1_based - INFO - Generating the list of feasible layouts
2026-07-07 14:22:18,750 - mlc.compiler.model_graph.l1_based - INFO - Setting layer parameters
2026-07-07 14:22:47,253 - mlc.compiler.model_graph.l1_based - INFO - Setting tile layouts
2026-07-07 14:23:08,675 - mlc.compiler.model_graph.l1_based - INFO - Allocating memory for IFM/OFM tensors
2026-07-07 14:23:08,879 - mlc.compiler.model_graph.l1_based - INFO - Get model compilation properties done
2026-07-07 14:23:09,045 - afe.backends.mla.afe_to_n2a_compiler.n2a_backend_runner - INFO - Start evaluate process to generate check file
2026-07-07 14:23:09,045 - mlc.kernel.layout - INFO - L2 caching mode: L2CachingMode.NONE
2026-07-07 14:23:09,090 - mlc.compiler.model_graph.l1_based - INFO - Generating model code
2026-07-07 14:23:27,838 - mlc.compiler.model_graph.l1_based - INFO - Generating model code done
2026-07-07 14:23:28,108 - mlc.test_util.test_context - INFO - Scheduling instructions
2026-07-07 14:23:48,752 - mlc.test_util.test_context - INFO - Performing DRAM/L2 synchronization
2026-07-07 14:23:50,950 - mlc.test_util.test_context - INFO - Inserting and merging NOPs
2026-07-07 14:23:51,663 - mlc.test_util.test_context - INFO - Setting IQ sync bits
2026-07-07 14:23:51,737 - mlc.test_util.test_context - INFO - Run compression
2026-07-07 14:23:56,229 - mlc.test_util.test_context - INFO - Compression done in 4s. Compression ratio: 0.896
2026-07-07 14:23:56,230 - mlc.test_util.test_context - INFO - Re-allocate dram memory
2026-07-07 14:23:56,314 - mlc.test_util.test_context - INFO - Generating metrics
2026-07-07 14:23:56,651 - mlc.test_util.test_context - INFO - Writing report to MLC file
2026-07-07 14:23:56,651 - mlc.test_util.test_context - INFO - Writing instructions to MLC file
2026-07-07 14:24:16,979 - mlc.test_util.test_context - INFO - Code generation done
2026-07-07 14:24:16,990 - afe.backends.mla.afe_to_n2a_compiler.n2a_compiler_operations - INFO -   Evaluate model and writing chk file done in 12s.
2026-07-07 14:24:26,801 - afe.backends.mpk.interface - INFO - ==============================
2026-07-07 14:24:26,801 - afe.backends.mpk.interface - INFO - Compilation summary:
2026-07-07 14:24:26,801 - afe.backends.mpk.interface - INFO - ------------------------------
2026-07-07 14:24:26,801 - afe.backends.mpk.interface - INFO - Desired batch size: 1
2026-07-07 14:24:26,802 - afe.backends.mpk.interface - INFO - Achieved batch size: 1
2026-07-07 14:24:26,802 - afe.backends.mpk.interface - INFO - ------------------------------
2026-07-07 14:24:26,802 - afe.backends.mpk.interface - INFO - Plugin distribution per backend:
2026-07-07 14:24:26,802 - afe.backends.mpk.interface - INFO - 	MLA : 1
2026-07-07 14:24:26,802 - afe.backends.mpk.interface - INFO - 	EV74: 5
2026-07-07 14:24:26,802 - afe.backends.mpk.interface - INFO - 	A65 : 0
2026-07-07 14:24:26,802 - afe.backends.mpk.interface - INFO - ------------------------------
2026-07-07 14:24:26,802 - afe.backends.mpk.interface - INFO - Generated files: 0_process_mla.json, 0_preproc.json, pipeline_sequence.json, convnext_tiny.surgery_stage1_mla.elf, 0_quanttess.json, 0_postproc.json, 0_boxdecoder.json, convnext_tiny.surgery_mpk.json, convnext_tiny.surgery_stage1_mla_stats.yaml, quantize_compile.py
[INFO] Compilation complete.
