Downloading: "https://github.com/facebookresearch/dinov2/zipball/main" to /home/surajmaurya/.cache/torch/hub/main.zip
/home/surajmaurya/.cache/torch/hub/facebookresearch_dinov2_main/dinov2/layers/swiglu_ffn.py:51: UserWarning: xFormers is not available (SwiGLU)
  warnings.warn("xFormers is not available (SwiGLU)")
/home/surajmaurya/.cache/torch/hub/facebookresearch_dinov2_main/dinov2/layers/attention.py:33: UserWarning: xFormers is not available (Attention)
  warnings.warn("xFormers is not available (Attention)")
/home/surajmaurya/.cache/torch/hub/facebookresearch_dinov2_main/dinov2/layers/block.py:40: UserWarning: xFormers is not available (Block)
  warnings.warn("xFormers is not available (Block)")
Downloading: "https://dl.fbaipublicfiles.com/dinov2/dinov2_vits14/dinov2_vits14_pretrain.pth" to /home/surajmaurya/.cache/torch/hub/checkpoints/dinov2_vits14_pretrain.pth

  0%|          | 0.00/84.2M [00:00<?, ?B/s]
  0%|          | 128k/84.2M [00:00<04:09, 353kB/s]
  0%|          | 256k/84.2M [00:00<03:03, 478kB/s]
  0%|          | 384k/84.2M [00:00<02:15, 646kB/s]
  1%|          | 640k/84.2M [00:00<01:27, 1.01MB/s]
  1%|          | 1.00M/84.2M [00:00<00:55, 1.57MB/s]
  2%|▏         | 1.50M/84.2M [00:01<00:38, 2.25MB/s]
  2%|▏         | 2.00M/84.2M [00:01<00:29, 2.95MB/s]
  3%|▎         | 2.75M/84.2M [00:01<00:20, 4.16MB/s]
  5%|▍         | 3.88M/84.2M [00:01<00:14, 6.01MB/s]
  6%|▌         | 5.12M/84.2M [00:01<00:10, 7.88MB/s]
  8%|▊         | 6.50M/84.2M [00:01<00:08, 9.64MB/s]
  9%|▉         | 7.88M/84.2M [00:01<00:07, 10.8MB/s]
 11%|█         | 9.12M/84.2M [00:01<00:06, 11.3MB/s]
 12%|█▏        | 10.5M/84.2M [00:01<00:06, 12.0MB/s]
 14%|█▍        | 11.9M/84.2M [00:02<00:06, 12.4MB/s]
 16%|█▌        | 13.2M/84.2M [00:02<00:05, 12.9MB/s]
 17%|█▋        | 14.6M/84.2M [00:02<00:05, 13.3MB/s]
 19%|█▉        | 16.1M/84.2M [00:02<00:05, 13.7MB/s]
 21%|██        | 17.6M/84.2M [00:02<00:04, 14.0MB/s]
 23%|██▎       | 19.1M/84.2M [00:02<00:04, 14.2MB/s]
 24%|██▍       | 20.5M/84.2M [00:02<00:04, 14.2MB/s]
 26%|██▌       | 21.9M/84.2M [00:02<00:04, 14.3MB/s]
 28%|██▊       | 23.2M/84.2M [00:03<00:06, 9.48MB/s]
 29%|██▉       | 24.4M/84.2M [00:03<00:09, 6.48MB/s]
 30%|██▉       | 25.2M/84.2M [00:03<00:09, 6.79MB/s]
 31%|███       | 26.2M/84.2M [00:03<00:08, 7.41MB/s]
 33%|███▎      | 27.6M/84.2M [00:03<00:06, 8.74MB/s]
 34%|███▍      | 28.8M/84.2M [00:04<00:09, 6.37MB/s]
 37%|███▋      | 30.9M/84.2M [00:04<00:06, 9.11MB/s]
 38%|███▊      | 32.1M/84.2M [00:04<00:06, 8.34MB/s]
 39%|███▉      | 33.1M/84.2M [00:04<00:06, 7.91MB/s]
 41%|████      | 34.1M/84.2M [00:04<00:06, 7.60MB/s]
 42%|████▏     | 35.0M/84.2M [00:04<00:07, 7.21MB/s]
 43%|████▎     | 35.9M/84.2M [00:05<00:09, 5.33MB/s]
 44%|████▍     | 37.4M/84.2M [00:05<00:07, 6.95MB/s]
 45%|████▌     | 38.2M/84.2M [00:05<00:06, 6.89MB/s]
 46%|████▋     | 39.1M/84.2M [00:05<00:06, 7.21MB/s]
 48%|████▊     | 40.0M/84.2M [00:05<00:08, 5.26MB/s]
 50%|████▉     | 41.8M/84.2M [00:05<00:06, 7.41MB/s]
 51%|█████     | 42.8M/84.2M [00:06<00:06, 7.03MB/s]
 52%|█████▏    | 43.6M/84.2M [00:06<00:05, 7.29MB/s]
 53%|█████▎    | 44.8M/84.2M [00:06<00:07, 5.50MB/s]
 56%|█████▌    | 46.8M/84.2M [00:06<00:04, 8.06MB/s]
 57%|█████▋    | 47.9M/84.2M [00:06<00:05, 6.51MB/s]
 58%|█████▊    | 49.0M/84.2M [00:06<00:05, 7.36MB/s]
 59%|█████▉    | 50.0M/84.2M [00:07<00:05, 7.14MB/s]
 60%|██████    | 50.9M/84.2M [00:07<00:04, 7.00MB/s]
 61%|██████▏   | 51.8M/84.2M [00:07<00:04, 7.44MB/s]
 63%|██████▎   | 52.6M/84.2M [00:07<00:09, 3.64MB/s]
 65%|██████▌   | 54.8M/84.2M [00:08<00:05, 6.06MB/s]
 67%|██████▋   | 56.1M/84.2M [00:08<00:04, 7.29MB/s]
 68%|██████▊   | 57.5M/84.2M [00:08<00:03, 8.45MB/s]
 70%|██████▉   | 58.8M/84.2M [00:08<00:05, 4.70MB/s]
 72%|███████▏  | 60.8M/84.2M [00:09<00:03, 6.65MB/s]
 74%|███████▍  | 62.1M/84.2M [00:09<00:02, 7.76MB/s]
 75%|███████▌  | 63.5M/84.2M [00:09<00:02, 8.92MB/s]
 77%|███████▋  | 64.8M/84.2M [00:09<00:03, 5.94MB/s]
 78%|███████▊  | 65.8M/84.2M [00:09<00:03, 6.28MB/s]
 79%|███████▉  | 66.8M/84.2M [00:09<00:02, 6.33MB/s]
 80%|████████  | 67.6M/84.2M [00:10<00:02, 6.40MB/s]
 81%|████████▏ | 68.5M/84.2M [00:10<00:02, 6.61MB/s]
 83%|████████▎ | 69.5M/84.2M [00:10<00:02, 7.29MB/s]
 84%|████████▍ | 70.6M/84.2M [00:10<00:01, 8.30MB/s]
 85%|████████▌ | 71.9M/84.2M [00:10<00:01, 9.30MB/s]
 87%|████████▋ | 73.0M/84.2M [00:10<00:01, 6.47MB/s]
 89%|████████▉ | 75.1M/84.2M [00:11<00:01, 6.58MB/s]
 91%|█████████▏| 77.0M/84.2M [00:11<00:00, 7.91MB/s]
 92%|█████████▏| 77.9M/84.2M [00:11<00:00, 6.94MB/s]
 94%|█████████▍| 79.1M/84.2M [00:11<00:00, 7.88MB/s]
 95%|█████████▌| 80.2M/84.2M [00:11<00:00, 8.60MB/s]
 97%|█████████▋| 81.2M/84.2M [00:11<00:00, 6.77MB/s]
 98%|█████████▊| 82.6M/84.2M [00:12<00:00, 8.16MB/s]
 99%|█████████▉| 83.6M/84.2M [00:12<00:00, 6.05MB/s]
100%|██████████| 84.2M/84.2M [00:12<00:00, 7.09MB/s]
/home/surajmaurya/.cache/torch/hub/facebookresearch_dinov2_main/dinov2/layers/patch_embed.py:72: TracerWarning: Converting a tensor to a Python boolean might cause the trace to be incorrect. We can't record the data flow of Python values, so this value will be treated as a constant in the future. This means that the trace might not generalize to other inputs!
  assert H % patch_H == 0, f"Input image height {H} is not a multiple of patch height {patch_H}"
/home/surajmaurya/.cache/torch/hub/facebookresearch_dinov2_main/dinov2/layers/patch_embed.py:73: TracerWarning: Converting a tensor to a Python boolean might cause the trace to be incorrect. We can't record the data flow of Python values, so this value will be treated as a constant in the future. This means that the trace might not generalize to other inputs!
  assert W % patch_W == 0, f"Input image width {W} is not a multiple of patch width: {patch_W}"
/home/surajmaurya/.cache/torch/hub/facebookresearch_dinov2_main/dinov2/models/vision_transformer.py:186: TracerWarning: Converting a tensor to a Python boolean might cause the trace to be incorrect. We can't record the data flow of Python values, so this value will be treated as a constant in the future. This means that the trace might not generalize to other inputs!
  if npatch == N and w == h:
/home/surajmaurya/.cache/torch/hub/facebookresearch_dinov2_main/dinov2/models/vision_transformer.py:194: TracerWarning: Converting a tensor to a Python float might cause the trace to be incorrect. We can't record the data flow of Python values, so this value will be treated as a constant in the future. This means that the trace might not generalize to other inputs!
  M = int(math.sqrt(N))  # Recover the number of patches in each dimension
/home/surajmaurya/.cache/torch/hub/facebookresearch_dinov2_main/dinov2/models/vision_transformer.py:195: TracerWarning: Converting a tensor to a Python boolean might cause the trace to be incorrect. We can't record the data flow of Python values, so this value will be treated as a constant in the future. This means that the trace might not generalize to other inputs!
  assert N == M * M
/home/surajmaurya/.cache/torch/hub/facebookresearch_dinov2_main/dinov2/models/vision_transformer.py:200: TracerWarning: Converting a tensor to a Python float might cause the trace to be incorrect. We can't record the data flow of Python values, so this value will be treated as a constant in the future. This means that the trace might not generalize to other inputs!
  sx = float(w0 + self.interpolate_offset) / M
/home/surajmaurya/.cache/torch/hub/facebookresearch_dinov2_main/dinov2/models/vision_transformer.py:201: TracerWarning: Converting a tensor to a Python float might cause the trace to be incorrect. We can't record the data flow of Python values, so this value will be treated as a constant in the future. This means that the trace might not generalize to other inputs!
  sy = float(h0 + self.interpolate_offset) / M
/home/surajmaurya/.cache/torch/hub/facebookresearch_dinov2_main/dinov2/models/vision_transformer.py:212: TracerWarning: Converting a tensor to a Python boolean might cause the trace to be incorrect. We can't record the data flow of Python values, so this value will be treated as a constant in the future. This means that the trace might not generalize to other inputs!
  assert (w0, h0) == patch_pos_embed.shape[-2:]
{
  "model_id": "dinov2_vits14",
  "source": "https://github.com/facebookresearch/dinov2",
  "license_note": "DINOv2 weights/source require license review before redistribution.",
  "family": "torchhub",
  "arch": "dinov2_vits14",
  "input_shape": [
    1,
    3,
    224,
    224
  ],
  "input_name": "input",
  "output_names": [
    "features"
  ],
  "status": "exported",
  "onnx_path": "/workspace/demo-neat/model-compilation/work/dinov2_vits14/onnx/dinov2_vits14.onnx",
  "onnx": {
    "ir_version": 8,
    "opsets": {
      "ai.onnx": 17
    },
    "inputs": [
      "input",
      "masks"
    ],
    "outputs": [
      "features"
    ],
    "nodes": 682
  }
}
