{
  "release": "2.1",
  "dtype": "int8",
  "model_operator_total": 682,
  "unique_operator_total": 26,
  "supported_count": 14,
  "unsupported_count": 1,
  "unknown_count": 11,
  "supported": [
    {
      "operator": "Add",
      "count": 85,
      "onnx-opset-version": "14",
      "int8": "Y",
      "bfloat16": "Y",
      "sima_hw_sw_constraints": null,
      "notes": "Can be fused with conv or matmul."
    },
    {
      "operator": "Concat",
      "count": 3,
      "onnx-opset-version": "13",
      "int8": "Y",
      "bfloat16": "Y",
      "sima_hw_sw_constraints": null,
      "notes": null
    },
    {
      "operator": "Conv",
      "count": 1,
      "onnx-opset-version": "11",
      "int8": "Y",
      "bfloat16": "Y",
      "sima_hw_sw_constraints": "dilation = [1, 63] (HW)\nstrides = [1, 31] (HW)",
      "notes": "fused with bias and activation.  ONNX does not have 1D convolution, though we support it for other frontends."
    },
    {
      "operator": "Div",
      "count": 24,
      "onnx-opset-version": "14",
      "int8": "Y",
      "bfloat16": "Y",
      "sima_hw_sw_constraints": null,
      "notes": null
    },
    {
      "operator": "Erf",
      "count": 12,
      "onnx-opset-version": "13",
      "int8": "Y",
      "bfloat16": "Y",
      "sima_hw_sw_constraints": null,
      "notes": null
    },
    {
      "operator": "MatMul",
      "count": 72,
      "onnx-opset-version": "13",
      "int8": "Y",
      "bfloat16": "Y",
      "sima_hw_sw_constraints": null,
      "notes": "Batched MatMul."
    },
    {
      "operator": "Mul",
      "count": 73,
      "onnx-opset-version": "14",
      "int8": "Y",
      "bfloat16": "Y",
      "sima_hw_sw_constraints": null,
      "notes": null
    },
    {
      "operator": "Reshape",
      "count": 26,
      "onnx-opset-version": "14",
      "int8": "Y",
      "bfloat16": "Y",
      "sima_hw_sw_constraints": "allowzero = 0 (SW)\nShape cannot be empty. (SW)",
      "notes": "batch_flatten, expand_dims, and squeeze are converted to reshape, and they are supported if the reshape operator is supported"
    },
    {
      "operator": "Resize",
      "count": 1,
      "onnx-opset-version": "13",
      "int8": "Y",
      "bfloat16": "Y",
      "sima_hw_sw_constraints": "mode = [nearest, linear] (HW/SW)\ncoordinate_transformation_mode= 'tf_crop_and_resize' not supported. (SW)\nIf method is 'linear', any scaling factor is supported. However,\nfor 8-bit integers any scaling more than 63 may lead to loss in accuracy. (HW)\nIf the method is 'nearest', then the scaling factor must be a power of two (HW), or the scaling factor must be an even integer (using the same factor in both dimensions) and the coordinate transformation mode must be half_pixel and the rounding mode must be floor. (SW)\nAny other method or scaling factor is not supported.\n\nSingle input only. (SW)",
      "notes": "Some cases are converted to pool2d by DownscaleResizeToPooling."
    },
    {
      "operator": "Slice",
      "count": 13,
      "onnx-opset-version": "13",
      "int8": "Y",
      "bfloat16": "Y",
      "sima_hw_sw_constraints": "Positive strides. (SW)",
      "notes": "Converted to Conv2d."
    },
    {
      "operator": "Softmax",
      "count": 12,
      "onnx-opset-version": "13",
      "int8": "Y",
      "bfloat16": "Y",
      "sima_hw_sw_constraints": null,
      "notes": null
    },
    {
      "operator": "Split",
      "count": 12,
      "onnx-opset-version": "13",
      "int8": "Y",
      "bfloat16": "Y",
      "sima_hw_sw_constraints": null,
      "notes": "Converted to multiple slice operators."
    },
    {
      "operator": "Sqrt",
      "count": 36,
      "onnx-opset-version": "13",
      "int8": "Y",
      "bfloat16": "N",
      "sima_hw_sw_constraints": null,
      "notes": null
    },
    {
      "operator": "Transpose",
      "count": 50,
      "onnx-opset-version": "13",
      "int8": "Y",
      "bfloat16": "Y",
      "sima_hw_sw_constraints": null,
      "notes": null
    }
  ],
  "unsupported": [
    {
      "operator": "Gather",
      "count": 1,
      "onnx-opset-version": "13",
      "int8": "N",
      "bfloat16": "Y",
      "sima_hw_sw_constraints": "Indices must be a constant, and it must be 0D or 1D. (HW)",
      "notes": "Converted to slice or conv2d."
    }
  ],
  "unknown": [
    {
      "operator": "Cast",
      "count": 25,
      "onnx-opset-version": null,
      "int8": null,
      "bfloat16": null,
      "sima_hw_sw_constraints": null,
      "notes": null
    },
    {
      "operator": "Constant",
      "count": 155,
      "onnx-opset-version": null,
      "int8": null,
      "bfloat16": null,
      "sima_hw_sw_constraints": null,
      "notes": null
    },
    {
      "operator": "ConstantOfShape",
      "count": 1,
      "onnx-opset-version": null,
      "int8": null,
      "bfloat16": null,
      "sima_hw_sw_constraints": null,
      "notes": null
    },
    {
      "operator": "Equal",
      "count": 1,
      "onnx-opset-version": null,
      "int8": null,
      "bfloat16": null,
      "sima_hw_sw_constraints": null,
      "notes": null
    },
    {
      "operator": "Expand",
      "count": 1,
      "onnx-opset-version": null,
      "int8": null,
      "bfloat16": null,
      "sima_hw_sw_constraints": null,
      "notes": null
    },
    {
      "operator": "Identity",
      "count": 1,
      "onnx-opset-version": null,
      "int8": null,
      "bfloat16": null,
      "sima_hw_sw_constraints": null,
      "notes": null
    },
    {
      "operator": "LayerNormalization",
      "count": 25,
      "onnx-opset-version": null,
      "int8": null,
      "bfloat16": null,
      "sima_hw_sw_constraints": null,
      "notes": null
    },
    {
      "operator": "Shape",
      "count": 13,
      "onnx-opset-version": null,
      "int8": null,
      "bfloat16": null,
      "sima_hw_sw_constraints": null,
      "notes": null
    },
    {
      "operator": "Squeeze",
      "count": 36,
      "onnx-opset-version": null,
      "int8": null,
      "bfloat16": null,
      "sima_hw_sw_constraints": null,
      "notes": null
    },
    {
      "operator": "Unsqueeze",
      "count": 1,
      "onnx-opset-version": null,
      "int8": null,
      "bfloat16": null,
      "sima_hw_sw_constraints": null,
      "notes": null
    },
    {
      "operator": "Where",
      "count": 2,
      "onnx-opset-version": null,
      "int8": null,
      "bfloat16": null,
      "sima_hw_sw_constraints": null,
      "notes": null
    }
  ]
}
